+ ulimit -s 10240
+ module load boost-1.73.0
+ _module_raw load boost-1.73.0
+ unset _mlshdbg
+ '[' 0 = 1 ']'
+ unset _mlre _mlIFS
+ '[' -n x ']'
+ _mlIFS=' 	
'
+ IFS=' '
+ '[' -n '' ']'
++ /usr/bin/tclsh /cm/local/apps/environment-modules/4.5.3/libexec/modulecmd.tcl bash load boost-1.73.0
+ eval
+ _mlstatus=0
+ '[' -n x ']'
+ IFS=' 	
'
+ unset _mlre _mlv _mlrv _mlIFS
+ '[' -n '' ']'
+ unset _mlshdbg
+ return 0
+ module load boost-mpi-1.73.0
+ _module_raw load boost-mpi-1.73.0
+ unset _mlshdbg
+ '[' 0 = 1 ']'
+ unset _mlre _mlIFS
+ '[' -n x ']'
+ _mlIFS=' 	
'
+ IFS=' '
+ '[' -n '' ']'
++ /usr/bin/tclsh /cm/local/apps/environment-modules/4.5.3/libexec/modulecmd.tcl bash load boost-mpi-1.73.0
+ eval
+ _mlstatus=0
+ '[' -n x ']'
+ IFS=' 	
'
+ unset _mlre _mlv _mlrv _mlIFS
+ '[' -n '' ']'
+ unset _mlshdbg
+ return 0
+ export 'OMPI_MCA_pml=^ucx'
+ OMPI_MCA_pml='^ucx'
+ export OMPI_MCA_btl_openib_if_include=mlx5_4:1
+ OMPI_MCA_btl_openib_if_include=mlx5_4:1
+ export OMPI_MCA_btl_tcp_if_exclude=docker0,docker_gwbridge,eno1,eno2,lo,enp196s0f0np0,enp196s0f1np1,ib0,ib1,veth030713f,veth07ce296,veth50ead6f,veth73c0310,veth9e2a12b,veth9e2cc2e,vethecc4600,ibp65s0f1,enp129s0f0np0,enp129s0f1np1,ibp65s0f0
+ OMPI_MCA_btl_tcp_if_exclude=docker0,docker_gwbridge,eno1,eno2,lo,enp196s0f0np0,enp196s0f1np1,ib0,ib1,veth030713f,veth07ce296,veth50ead6f,veth73c0310,veth9e2a12b,veth9e2cc2e,vethecc4600,ibp65s0f1,enp129s0f0np0,enp129s0f1np1,ibp65s0f0
+ export OMPI_MCA_btl_openib_allow_ib=1
+ OMPI_MCA_btl_openib_allow_ib=1
+ export OMPI_MCA_mpi_cuda_support=0
+ OMPI_MCA_mpi_cuda_support=0
+ mpirun -np 32 build/debug/csr /home/krisor99/UiB-INF339/matrices/cage15.mtx
[n002:64609] mca_base_component_repository_open: unable to open mca_osc_ucx: libbfd-2.30-system.so: cannot open shared object file: No such file or directory (ignored)
[n002:64611] mca_base_component_repository_open: unable to open mca_osc_ucx: libbfd-2.30-system.so: cannot open shared object file: No such file or directory (ignored)
[n002:64607] mca_base_component_repository_open: unable to open mca_osc_ucx: libbfd-2.30-system.so: cannot open shared object file: No such file or directory (ignored)
[n002:64618] mca_base_component_repository_open: unable to open mca_osc_ucx: libbfd-2.30-system.so: cannot open shared object file: No such file or directory (ignored)
[n002:64603] mca_base_component_repository_open: unable to open mca_osc_ucx: libbfd-2.30-system.so: cannot open shared object file: No such file or directory (ignored)
[n002:64602] mca_base_component_repository_open: unable to open mca_osc_ucx: libbfd-2.30-system.so: cannot open shared object file: No such file or directory (ignored)
[n002:64601] mca_base_component_repository_open: unable to open mca_osc_ucx: libbfd-2.30-system.so: cannot open shared object file: No such file or directory (ignored)
[n002:64605] mca_base_component_repository_open: unable to open mca_osc_ucx: libbfd-2.30-system.so: cannot open shared object file: No such file or directory (ignored)
[n002:64599] mca_base_component_repository_open: unable to open mca_osc_ucx: libbfd-2.30-system.so: cannot open shared object file: No such file or directory (ignored)
[n002:64606] mca_base_component_repository_open: unable to open mca_osc_ucx: libbfd-2.30-system.so: cannot open shared object file: No such file or directory (ignored)
[n002:64604] mca_base_component_repository_open: unable to open mca_osc_ucx: libbfd-2.30-system.so: cannot open shared object file: No such file or directory (ignored)
[n002:64620] mca_base_component_repository_open: unable to open mca_osc_ucx: libbfd-2.30-system.so: cannot open shared object file: No such file or directory (ignored)
[n002:64612] mca_base_component_repository_open: unable to open mca_osc_ucx: libbfd-2.30-system.so: cannot open shared object file: No such file or directory (ignored)
[n002:64630] mca_base_component_repository_open: unable to open mca_osc_ucx: libbfd-2.30-system.so: cannot open shared object file: No such file or directory (ignored)
[n002:64613] mca_base_component_repository_open: unable to open mca_osc_ucx: libbfd-2.30-system.so: cannot open shared object file: No such file or directory (ignored)
[n002:64608] mca_base_component_repository_open: unable to open mca_osc_ucx: libbfd-2.30-system.so: cannot open shared object file: No such file or directory (ignored)
[n002:64623] mca_base_component_repository_open: unable to open mca_osc_ucx: libbfd-2.30-system.so: cannot open shared object file: No such file or directory (ignored)
[n002:64631] mca_base_component_repository_open: unable to open mca_osc_ucx: libbfd-2.30-system.so: cannot open shared object file: No such file or directory (ignored)
[n002:64639] mca_base_component_repository_open: unable to open mca_osc_ucx: libbfd-2.30-system.so: cannot open shared object file: No such file or directory (ignored)
[n002:64644] mca_base_component_repository_open: unable to open mca_osc_ucx: libbfd-2.30-system.so: cannot open shared object file: No such file or directory (ignored)
[n002:64629] mca_base_component_repository_open: unable to open mca_osc_ucx: libbfd-2.30-system.so: cannot open shared object file: No such file or directory (ignored)
[n002:64650] mca_base_component_repository_open: unable to open mca_osc_ucx: libbfd-2.30-system.so: cannot open shared object file: No such file or directory (ignored)
[n002:64642] mca_base_component_repository_open: unable to open mca_osc_ucx: libbfd-2.30-system.so: cannot open shared object file: No such file or directory (ignored)
[n002:64646] mca_base_component_repository_open: unable to open mca_osc_ucx: libbfd-2.30-system.so: cannot open shared object file: No such file or directory (ignored)
[n002:64653] mca_base_component_repository_open: unable to open mca_osc_ucx: libbfd-2.30-system.so: cannot open shared object file: No such file or directory (ignored)
[n002:64679] mca_base_component_repository_open: unable to open mca_osc_ucx: libbfd-2.30-system.so: cannot open shared object file: No such file or directory (ignored)
[n002:64683] mca_base_component_repository_open: unable to open mca_osc_ucx: libbfd-2.30-system.so: cannot open shared object file: No such file or directory (ignored)
[n002:64600] mca_base_component_repository_open: unable to open mca_osc_ucx: libbfd-2.30-system.so: cannot open shared object file: No such file or directory (ignored)
[n002:64687] mca_base_component_repository_open: unable to open mca_osc_ucx: libbfd-2.30-system.so: cannot open shared object file: No such file or directory (ignored)
[n002:64680] mca_base_component_repository_open: unable to open mca_osc_ucx: libbfd-2.30-system.so: cannot open shared object file: No such file or directory (ignored)
[n002:64615] mca_base_component_repository_open: unable to open mca_osc_ucx: libbfd-2.30-system.so: cannot open shared object file: No such file or directory (ignored)
[n002:64684] mca_base_component_repository_open: unable to open mca_osc_ucx: libbfd-2.30-system.so: cannot open shared object file: No such file or directory (ignored)
SIZE:    32
Opening file...
File successfully opened
Successfully read file cage15.mtx
Performing Load Balancing
Load balancing completed
Sending: 271385 to 0
Done sending: 271385 to 0
Sending: 207576 to 1
Done sending: 207576 to 1
Sending: 200123 to 2
Done sending: 200123 to 2
Sending: 180050 to 3
Done sending: 180050 to 3
Sending: 188338 to 4
Done sending: 188338 to 4
Sending: 199468 to 5
Done sending: 199468 to 5
Sending: 185149 to 6
Done sending: 185149 to 6
Sending: 167761 to 7
Done sending: 167761 to 7
Sending: 158486 to 8
Done sending: 158486 to 8
Sending: 176548 to 9
Done sending: 176548 to 9
Sending: 163967 to 10
Done sending: 163967 to 10
Sending: 147737 to 11
Done sending: 147737 to 11
Sending: 158716 to 12
Done sending: 158716 to 12
Sending: 158295 to 13
Done sending: 158295 to 13
Sending: 169642 to 14
Done sending: 169642 to 14
Sending: 166459 to 15
Done sending: 166459 to 15
Sending: 158428 to 16
Done sending: 158428 to 16
Sending: 145794 to 17
Done sending: 145794 to 17
Sending: 152814 to 18
Done sending: 152814 to 18
Sending: 135144 to 19
Done sending: 135144 to 19
Sending: 156157 to 20
Done sending: 156157 to 20
Sending: 157777 to 21
Done sending: 157777 to 21
Sending: 157343 to 22
Done sending: 157343 to 22
Sending: 137087 to 23
Done sending: 137087 to 23
Sending: 134141 to 24
Done sending: 134141 to 24
Sending: 143757 to 25
Done sending: 143757 to 25
Sending: 141457 to 26
Done sending: 141457 to 26
Sending: 138751 to 27
Done sending: 138751 to 27
Sending: 125879 to 28
Done sending: 125879 to 28
Sending: 117494 to 29
Done sending: 117494 to 29
Sending: 128047 to 30
Done sending: 128047 to 30
Sending: 125088 to 31
Done sending: 125088 to 31
Rank 0 is waiting for recieve
Rank 0 has recieved, got: 271385
Rank 28 is waiting for recieve
Rank 28 has recieved, got: 125879
Rank 29 is waiting for recieve
Rank 29 has recieved, got: 117494
Rank 30 is waiting for recieve
Rank 30 has recieved, got: 128047
Rank 4 is waiting for recieve
Rank 4 has recieved, got: 188338
Rank 18 is waiting for recieve
Rank 18 has recieved, got: 152814
Rank 19 is waiting for recieve
Rank 19 has recieved, got: 135144
Rank 20 is waiting for recieve
Rank 20 has recieved, got: 156157
Rank 21 is waiting for recieve
Rank 21 has recieved, got: 157777
Rank 22 is waiting for recieve
Rank 22 has recieved, got: 157343
Rank 23 is waiting for recieve
Rank 23 has recieved, got: 137087
Rank 25 is waiting for recieve
Rank 25 has recieved, got: 143757
Rank 26 is waiting for recieve
Rank 26 has recieved, got: 141457
Rank 27 is waiting for recieve
Rank 27 has recieved, got: 138751
Rank 17 is waiting for recieve
Rank 17 has recieved, got: 145794
Rank 1 is waiting for recieve
Rank 1 has recieved, got: 207576
Rank 2 is waiting for recieve
Rank 2 has recieved, got: 200123
Rank 3 is waiting for recieve
Rank 3 has recieved, got: 180050
Rank 5 is waiting for recieve
Rank 5 has recieved, got: 199468
Rank 6 is waiting for recieve
Rank 6 has recieved, got: 185149
Rank 7 is waiting for recieve
Rank 7 has recieved, got: 167761
Rank 9 is waiting for recieve
Rank 9 has recieved, got: 176548
Rank 10 is waiting for recieve
Rank 10 has recieved, got: 163967
Rank 11 is waiting for recieve
Rank 11 has recieved, got: 147737
Rank 12 is waiting for recieve
Rank 12 has recieved, got: 158716
Rank 13 is waiting for recieve
Rank 13 has recieved, got: 158295
Rank 14 is waiting for recieve
Rank 14 has recieved, got: 169642
Rank 15 is waiting for recieve
Rank 15 has recieved, got: 166459
Rank 31 is waiting for recieve
Rank 31 has recieved, got: 125088
Rank 16 is waiting for recieve
Rank 16 has recieved, got: 158428
Rank 8 is waiting for recieve
Rank 8 has recieved, got: 158486
Rank 24 is waiting for recieve
Rank 24 has recieved, got: 134141

File:             44.8725
Comp:             127.472
Comm:             244.714
Total:            199.988
L2 norm:          2270.43
OPS:              19839910200
GFLOPS:           0.155641
GFLOPS:           0.155641
GFLOPS (kernel):  0.108108
+ ln -f nicename78381.out cage1532.out
+ rm nicename78381.out
