+ ulimit -s 10240
+ module load boost-1.73.0
+ _module_raw load boost-1.73.0
+ unset _mlshdbg
+ '[' 0 = 1 ']'
+ unset _mlre _mlIFS
+ '[' -n x ']'
+ _mlIFS=' 	
'
+ IFS=' '
+ '[' -n '' ']'
++ /usr/bin/tclsh /cm/local/apps/environment-modules/4.5.3/libexec/modulecmd.tcl bash load boost-1.73.0
+ eval
+ _mlstatus=0
+ '[' -n x ']'
+ IFS=' 	
'
+ unset _mlre _mlv _mlrv _mlIFS
+ '[' -n '' ']'
+ unset _mlshdbg
+ return 0
+ module load boost-mpi-1.73.0
+ _module_raw load boost-mpi-1.73.0
+ unset _mlshdbg
+ '[' 0 = 1 ']'
+ unset _mlre _mlIFS
+ '[' -n x ']'
+ _mlIFS=' 	
'
+ IFS=' '
+ '[' -n '' ']'
++ /usr/bin/tclsh /cm/local/apps/environment-modules/4.5.3/libexec/modulecmd.tcl bash load boost-mpi-1.73.0
+ eval
+ _mlstatus=0
+ '[' -n x ']'
+ IFS=' 	
'
+ unset _mlre _mlv _mlrv _mlIFS
+ '[' -n '' ']'
+ unset _mlshdbg
+ return 0
+ export 'OMPI_MCA_pml=^ucx'
+ OMPI_MCA_pml='^ucx'
+ export OMPI_MCA_btl_openib_if_include=mlx5_4:1
+ OMPI_MCA_btl_openib_if_include=mlx5_4:1
+ export OMPI_MCA_btl_tcp_if_exclude=docker0,docker_gwbridge,eno1,eno2,lo,enp196s0f0np0,enp196s0f1np1,ib0,ib1,veth030713f,veth07ce296,veth50ead6f,veth73c0310,veth9e2a12b,veth9e2cc2e,vethecc4600,ibp65s0f1,enp129s0f0np0,enp129s0f1np1,ibp65s0f0
+ OMPI_MCA_btl_tcp_if_exclude=docker0,docker_gwbridge,eno1,eno2,lo,enp196s0f0np0,enp196s0f1np1,ib0,ib1,veth030713f,veth07ce296,veth50ead6f,veth73c0310,veth9e2a12b,veth9e2cc2e,vethecc4600,ibp65s0f1,enp129s0f0np0,enp129s0f1np1,ibp65s0f0
+ export OMPI_MCA_btl_openib_allow_ib=1
+ OMPI_MCA_btl_openib_allow_ib=1
+ export OMPI_MCA_mpi_cuda_support=0
+ OMPI_MCA_mpi_cuda_support=0
+ mpirun -np 64 build/debug/csr /home/krisor99/UiB-INF339/matrices/circuit5M.mtx
--------------------------------------------------------------------------
Open MPI tried to fork a new process via the "execve" system call but
failed.  Open MPI checks many things before attempting to launch a
child process, but nothing is perfect. This error may be indicative
of another problem on the target host, or even something as silly as
having specified a directory for your application. Your job will now
abort.

  Local host:        n002
  Working dir:       /home/krisor99/BrakeCommunicator/csr
  Application name:  build/debug/csr
  Error:             Exec format error
--------------------------------------------------------------------------
--------------------------------------------------------------------------
mpirun was unable to start the specified application as it encountered an
error:

Error code: -125
Error name: The specified application failed to start
Node: n002

when attempting to start process rank 0.
--------------------------------------------------------------------------
[n002:68502] 12 more processes have sent help message help-orte-odls-default.txt / execve error
[n002:68502] Set MCA parameter "orte_base_help_aggregate" to 0 to see all help / error messages
[n002:68502] *** Process received signal ***
[n002:68502] Signal: Segmentation fault (11)
[n002:68502] Signal code: Address not mapped (1)
[n002:68502] Failing at address: (nil)
[n002:68502] [ 0] /lib/x86_64-linux-gnu/libc.so.6(+0x42520)[0x7ffff681a520]
[n002:68502] [ 1] /lib/x86_64-linux-gnu/libc.so.6(+0x19d5fd)[0x7ffff69755fd]
[n002:68502] [ 2] /lib/x86_64-linux-gnu/libc.so.6(__strdup+0x13)[0x7ffff6880583]
[n002:68502] [ 3] /cm/shared/ex3-modules/0.6.1/pkgs/openmpi-4.0.5/lib/libopen-rte.so.40(orte_odls_base_spawn_proc+0x17b)[0x7ffff7c5cf5b]
[n002:68502] [ 4] /cm/shared/ex3-modules/0.6.1/pkgs/libevent-2.1.11-stable/lib/libevent_core-2.1.so.7(+0x1d2c5)[0x7ffff6e1d2c5]
[n002:68502] [ 5] /cm/shared/ex3-modules/0.6.1/pkgs/libevent-2.1.11-stable/lib/libevent_core-2.1.so.7(event_base_loop+0x53f)[0x7ffff6e1db0f]
[n002:68502] [ 6] /cm/shared/ex3-modules/0.6.1/pkgs/openmpi-4.0.5/lib/libopen-pal.so.40(+0x32a0e)[0x7ffff7832a0e]
[n002:68502] [ 7] /lib/x86_64-linux-gnu/libc.so.6(+0x94ac3)[0x7ffff686cac3]
[n002:68502] [ 8] --------------------------------------------------------------------------
Open MPI tried to fork a new process via the "execve" system call but
failed.  Open MPI checks many things before attempting to launch a
child process, but nothing is perfect. This error may be indicative
of another problem on the target host, or even something as silly as
having specified a directory for your application. Your job will now
abort.

  Local host:        n002
  Working dir:       /home/krisor99/BrakeCommunicator/csr
  Application name:  build/debug/csr
  Error:             Exec format error
--------------------------------------------------------------------------
/lib/x86_64-linux-gnu/libc.so.6(+0x126660)[0x7ffff68fe660]
[n002:68502] *** End of error message ***
/cm/local/apps/slurm/var/spool/job78389/slurm_script: line 24: 68502 Segmentation fault      (core dumped) mpirun -np $SLURM_NTASKS build/debug/csr ~/UiB-INF339/matrices/circuit5M.mtx
+ ln -f nicename78389.out circuit5M64.out
+ rm nicename78389.out
