+ ulimit -s 10240
+ module load boost-1.73.0
+ _module_raw load boost-1.73.0
+ unset _mlshdbg
+ '[' 0 = 1 ']'
+ unset _mlre _mlIFS
+ '[' -n x ']'
+ _mlIFS=' 	
'
+ IFS=' '
+ '[' -n '' ']'
++ /usr/bin/tclsh /cm/local/apps/environment-modules/4.5.3/libexec/modulecmd.tcl bash load boost-1.73.0
+ eval
+ _mlstatus=0
+ '[' -n x ']'
+ IFS=' 	
'
+ unset _mlre _mlv _mlrv _mlIFS
+ '[' -n '' ']'
+ unset _mlshdbg
+ return 0
+ module load boost-mpi-1.73.0
+ _module_raw load boost-mpi-1.73.0
+ unset _mlshdbg
+ '[' 0 = 1 ']'
+ unset _mlre _mlIFS
+ '[' -n x ']'
+ _mlIFS=' 	
'
+ IFS=' '
+ '[' -n '' ']'
++ /usr/bin/tclsh /cm/local/apps/environment-modules/4.5.3/libexec/modulecmd.tcl bash load boost-mpi-1.73.0
+ eval
+ _mlstatus=0
+ '[' -n x ']'
+ IFS=' 	
'
+ unset _mlre _mlv _mlrv _mlIFS
+ '[' -n '' ']'
+ unset _mlshdbg
+ return 0
+ export 'OMPI_MCA_pml=^ucx'
+ OMPI_MCA_pml='^ucx'
+ export OMPI_MCA_btl_openib_if_include=mlx5_4:1
+ OMPI_MCA_btl_openib_if_include=mlx5_4:1
+ export OMPI_MCA_btl_tcp_if_exclude=docker0,docker_gwbridge,eno1,eno2,lo,enp196s0f0np0,enp196s0f1np1,ib0,ib1,veth030713f,veth07ce296,veth50ead6f,veth73c0310,veth9e2a12b,veth9e2cc2e,vethecc4600,ibp65s0f1,enp129s0f0np0,enp129s0f1np1,ibp65s0f0
+ OMPI_MCA_btl_tcp_if_exclude=docker0,docker_gwbridge,eno1,eno2,lo,enp196s0f0np0,enp196s0f1np1,ib0,ib1,veth030713f,veth07ce296,veth50ead6f,veth73c0310,veth9e2a12b,veth9e2cc2e,vethecc4600,ibp65s0f1,enp129s0f0np0,enp129s0f1np1,ibp65s0f0
+ export OMPI_MCA_btl_openib_allow_ib=1
+ OMPI_MCA_btl_openib_allow_ib=1
+ export OMPI_MCA_mpi_cuda_support=0
+ OMPI_MCA_mpi_cuda_support=0
+ mpirun -np 16 build/debug/csr /home/krisor99/UiB-INF339/matrices/GL7d19.mtx
[n004:72718] mca_base_component_repository_open: unable to open mca_osc_ucx: libbfd-2.30-system.so: cannot open shared object file: No such file or directory (ignored)
[n004:72761] mca_base_component_repository_open: unable to open mca_osc_ucx: libbfd-2.30-system.so: cannot open shared object file: No such file or directory (ignored)
[n004:72807] mca_base_component_repository_open: unable to open mca_osc_ucx: libbfd-2.30-system.so: cannot open shared object file: No such file or directory (ignored)
[n004:72856] mca_base_component_repository_open: unable to open mca_osc_ucx: libbfd-2.30-system.so: cannot open shared object file: No such file or directory (ignored)
[n004:72912] mca_base_component_repository_open: unable to open mca_osc_ucx: libbfd-2.30-system.so: cannot open shared object file: No such file or directory (ignored)
[n004:72920] mca_base_component_repository_open: unable to open mca_osc_ucx: libbfd-2.30-system.so: cannot open shared object file: No such file or directory (ignored)
[n004:72926] mca_base_component_repository_open: unable to open mca_osc_ucx: libbfd-2.30-system.so: cannot open shared object file: No such file or directory (ignored)
[n004:72581] mca_base_component_repository_open: unable to open mca_osc_ucx: libbfd-2.30-system.so: cannot open shared object file: No such file or directory (ignored)
[n004:72592] mca_base_component_repository_open: unable to open mca_osc_ucx: libbfd-2.30-system.so: cannot open shared object file: No such file or directory (ignored)
[n004:72628] mca_base_component_repository_open: unable to open mca_osc_ucx: libbfd-2.30-system.so: cannot open shared object file: No such file or directory (ignored)
[n004:72939] mca_base_component_repository_open: unable to open mca_osc_ucx: libbfd-2.30-system.so: cannot open shared object file: No such file or directory (ignored)
[n004:72953] mca_base_component_repository_open: unable to open mca_osc_ucx: libbfd-2.30-system.so: cannot open shared object file: No such file or directory (ignored)
[n004:72962] mca_base_component_repository_open: unable to open mca_osc_ucx: libbfd-2.30-system.so: cannot open shared object file: No such file or directory (ignored)
[n004:72965] mca_base_component_repository_open: unable to open mca_osc_ucx: libbfd-2.30-system.so: cannot open shared object file: No such file or directory (ignored)
[n004:72968] mca_base_component_repository_open: unable to open mca_osc_ucx: libbfd-2.30-system.so: cannot open shared object file: No such file or directory (ignored)
[n004:72971] mca_base_component_repository_open: unable to open mca_osc_ucx: libbfd-2.30-system.so: cannot open shared object file: No such file or directory (ignored)
SIZE:    16
Opening file...
File successfully opened
Successfully read file GL7d19.mtx
Performing Load Balancing
Load balancing completed
Sending: 81271 to 0
Done sending: 81271 to 0
Sending: 93073 to 1
Done sending: 93073 to 1
Sending: 99687 to 2
Done sending: 99687 to 2
Sending: 104719 to 3
Done sending: 104719 to 3
Sending: 109060 to 4
Done sending: 109060 to 4
Sending: 112747 to 5
Done sending: 112747 to 5
Sending: 116354 to 6
Done sending: 116354 to 6
Sending: 119648 to 7
Done sending: 119648 to 7
Sending: 123132 to 8
Done sending: 123132 to 8
Sending: 126610 to 9
Done sending: 126610 to 9
Sending: 130381 to 10
Done sending: 130381 to 10
Sending: 134440 to 11
Done sending: 134440 to 11
Sending: 138934 to 12
Done sending: 138934 to 12
Sending: 144433 to 13
Done sending: 144433 to 13
Sending: 151992 to 14
Done sending: 151992 to 14
Sending: 124649 to 15
Done sending: 124649 to 15
Rank 0 is waiting for recieve
Rank 0 has recieved, got: 81271
Rank 8 is waiting for recieve
Rank 8 has recieved, got: 123132
Rank 9 is waiting for recieve
Rank 9 has recieved, got: 126610
Rank 10 is waiting for recieve
Rank 10 has recieved, got: 130381
Rank 11 is waiting for recieve
Rank 11 has recieved, got: 134440
Rank 12 is waiting for recieve
Rank 12 has recieved, got: 138934
Rank 13 is waiting for recieve
Rank 14 is waiting for recieve
Rank 14 has recieved, got: 151992
Rank 1 is waiting for recieve
Rank 1 has recieved, got: 93073
Rank 2 is waiting for recieve
Rank 2 has recieved, got: 99687
Rank 3 is waiting for recieve
Rank 3 has recieved, got: 104719
Rank 4 is waiting for recieve
Rank 4 has recieved, got: 109060
Rank 5 is waiting for recieve
Rank 6 is waiting for recieve
Rank 6 has recieved, got: 116354
Rank 7 is waiting for recieve
Rank 7 has recieved, got: 119648
Rank 5 has recieved, got: 112747
Rank 13 has recieved, got: 144433
Rank 15 is waiting for recieve
Rank 15 has recieved, got: 124649

File:             19.6218
Comp:             35.0084
Comm:             60.6336
Total:            60.3243
L2 norm:          1.29448e+68
OPS:              7464545000
GFLOPS:           0.213221
GFLOPS:           0.213221
GFLOPS (kernel):  0.0927904
+ ln -f nicename78527.out GL7d1916.out
+ rm nicename78527.out
