+ ulimit -s 10240
+ module load boost-1.73.0
+ _module_raw load boost-1.73.0
+ unset _mlshdbg
+ '[' 0 = 1 ']'
+ unset _mlre _mlIFS
+ '[' -n x ']'
+ _mlIFS=' 	
'
+ IFS=' '
+ '[' -n '' ']'
++ /usr/bin/tclsh /cm/local/apps/environment-modules/4.5.3/libexec/modulecmd.tcl bash load boost-1.73.0
+ eval
+ _mlstatus=0
+ '[' -n x ']'
+ IFS=' 	
'
+ unset _mlre _mlv _mlrv _mlIFS
+ '[' -n '' ']'
+ unset _mlshdbg
+ return 0
+ module load boost-mpi-1.73.0
+ _module_raw load boost-mpi-1.73.0
+ unset _mlshdbg
+ '[' 0 = 1 ']'
+ unset _mlre _mlIFS
+ '[' -n x ']'
+ _mlIFS=' 	
'
+ IFS=' '
+ '[' -n '' ']'
++ /usr/bin/tclsh /cm/local/apps/environment-modules/4.5.3/libexec/modulecmd.tcl bash load boost-mpi-1.73.0
+ eval
+ _mlstatus=0
+ '[' -n x ']'
+ IFS=' 	
'
+ unset _mlre _mlv _mlrv _mlIFS
+ '[' -n '' ']'
+ unset _mlshdbg
+ return 0
+ export 'OMPI_MCA_pml=^ucx'
+ OMPI_MCA_pml='^ucx'
+ export OMPI_MCA_btl_openib_if_include=mlx5_4:1
+ OMPI_MCA_btl_openib_if_include=mlx5_4:1
+ export OMPI_MCA_btl_tcp_if_exclude=docker0,docker_gwbridge,eno1,eno2,lo,enp196s0f0np0,enp196s0f1np1,ib0,ib1,veth030713f,veth07ce296,veth50ead6f,veth73c0310,veth9e2a12b,veth9e2cc2e,vethecc4600,ibp65s0f1,enp129s0f0np0,enp129s0f1np1,ibp65s0f0
+ OMPI_MCA_btl_tcp_if_exclude=docker0,docker_gwbridge,eno1,eno2,lo,enp196s0f0np0,enp196s0f1np1,ib0,ib1,veth030713f,veth07ce296,veth50ead6f,veth73c0310,veth9e2a12b,veth9e2cc2e,vethecc4600,ibp65s0f1,enp129s0f0np0,enp129s0f1np1,ibp65s0f0
+ export OMPI_MCA_btl_openib_allow_ib=1
+ OMPI_MCA_btl_openib_allow_ib=1
+ export OMPI_MCA_mpi_cuda_support=0
+ OMPI_MCA_mpi_cuda_support=0
+ mpirun -np 4 build/debug/csr /home/krisor99/UiB-INF339/matrices/GL7d19.mtx
[n004:72594] mca_base_component_repository_open: unable to open mca_osc_ucx: libbfd-2.30-system.so: cannot open shared object file: No such file or directory (ignored)
[n004:72580] mca_base_component_repository_open: unable to open mca_osc_ucx: libbfd-2.30-system.so: cannot open shared object file: No such file or directory (ignored)
[n004:72632] mca_base_component_repository_open: unable to open mca_osc_ucx: libbfd-2.30-system.so: cannot open shared object file: No such file or directory (ignored)
[n004:72727] mca_base_component_repository_open: unable to open mca_osc_ucx: libbfd-2.30-system.so: cannot open shared object file: No such file or directory (ignored)
SIZE:    4
Opening file...
File successfully opened
Successfully read file GL7d19.mtx
Performing Load Balancing
Load balancing completed
Sending: 378750 to 0
Done sending: 378750 to 0
Sending: 457809 to 1
Done sending: 457809 to 1
Sending: 514563 to 2
Done sending: 514563 to 2
Sending: 560008 to 3
Done sending: 560008 to 3
Rank 0 is waiting for recieve
Rank 1 is waiting for recieve
Rank 1 has recieved, got: 457809
Rank 2 is waiting for recieve
Rank 2 has recieved, got: 514563
Rank 0 has recieved, got: 378750
Rank 3 is waiting for recieve
Rank 3 has recieved, got: 560008

File:             17.7342
Comp:             16.2997
Comm:             12.9747
Total:            39.9891
L2 norm:          1.29448e+68
OPS:              7464545000
GFLOPS:           0.457955
GFLOPS:           0.457955
GFLOPS (kernel):  0.190844
+ ln -f nicename78525.out GL7d194.out
+ rm nicename78525.out
