+ ulimit -s 10240
+ module load boost-1.73.0
+ _module_raw load boost-1.73.0
+ unset _mlshdbg
+ '[' 0 = 1 ']'
+ unset _mlre _mlIFS
+ '[' -n x ']'
+ _mlIFS=' 	
'
+ IFS=' '
+ '[' -n '' ']'
++ /usr/bin/tclsh /cm/local/apps/environment-modules/4.5.3/libexec/modulecmd.tcl bash load boost-1.73.0
+ eval
+ _mlstatus=0
+ '[' -n x ']'
+ IFS=' 	
'
+ unset _mlre _mlv _mlrv _mlIFS
+ '[' -n '' ']'
+ unset _mlshdbg
+ return 0
+ module load boost-mpi-1.73.0
+ _module_raw load boost-mpi-1.73.0
+ unset _mlshdbg
+ '[' 0 = 1 ']'
+ unset _mlre _mlIFS
+ '[' -n x ']'
+ _mlIFS=' 	
'
+ IFS=' '
+ '[' -n '' ']'
++ /usr/bin/tclsh /cm/local/apps/environment-modules/4.5.3/libexec/modulecmd.tcl bash load boost-mpi-1.73.0
+ eval
+ _mlstatus=0
+ '[' -n x ']'
+ IFS=' 	
'
+ unset _mlre _mlv _mlrv _mlIFS
+ '[' -n '' ']'
+ unset _mlshdbg
+ return 0
+ export 'OMPI_MCA_pml=^ucx'
+ OMPI_MCA_pml='^ucx'
+ export OMPI_MCA_btl_openib_if_include=mlx5_4:1
+ OMPI_MCA_btl_openib_if_include=mlx5_4:1
+ export OMPI_MCA_btl_tcp_if_exclude=docker0,docker_gwbridge,eno1,eno2,lo,enp196s0f0np0,enp196s0f1np1,ib0,ib1,veth030713f,veth07ce296,veth50ead6f,veth73c0310,veth9e2a12b,veth9e2cc2e,vethecc4600,ibp65s0f1,enp129s0f0np0,enp129s0f1np1,ibp65s0f0
+ OMPI_MCA_btl_tcp_if_exclude=docker0,docker_gwbridge,eno1,eno2,lo,enp196s0f0np0,enp196s0f1np1,ib0,ib1,veth030713f,veth07ce296,veth50ead6f,veth73c0310,veth9e2a12b,veth9e2cc2e,vethecc4600,ibp65s0f1,enp129s0f0np0,enp129s0f1np1,ibp65s0f0
+ export OMPI_MCA_btl_openib_allow_ib=1
+ OMPI_MCA_btl_openib_allow_ib=1
+ export OMPI_MCA_mpi_cuda_support=0
+ OMPI_MCA_mpi_cuda_support=0
+ mpirun -np 1 build/debug/csr /home/krisor99/UiB-INF339/matrices/hugetrace-00020.mtx
[n002:94459] mca_base_component_repository_open: unable to open mca_osc_ucx: libbfd-2.30-system.so: cannot open shared object file: No such file or directory (ignored)
SIZE:    1
Opening file...
File successfully opened
Successfully read file hugetrace-00020.mtx
Performing Load Balancing
Load balancing completed

File:             34.8704
Comp:             193.963
Comm:             2.18346
Total:            235.785
L2 norm:          1.03019e+26
OPS:              9599525200
GFLOPS:           0.0494916
GFLOPS:           0.0494916
GFLOPS (kernel):  0.0534842
+ ln -f nicename78559.out hugetrace-000201.out
+ rm nicename78559.out
