+ ulimit -s 10240
+ module load boost-1.73.0
+ _module_raw load boost-1.73.0
+ unset _mlshdbg
+ '[' 0 = 1 ']'
+ unset _mlre _mlIFS
+ '[' -n x ']'
+ _mlIFS=' 	
'
+ IFS=' '
+ '[' -n '' ']'
++ /usr/bin/tclsh /cm/local/apps/environment-modules/4.5.3/libexec/modulecmd.tcl bash load boost-1.73.0
+ eval
+ _mlstatus=0
+ '[' -n x ']'
+ IFS=' 	
'
+ unset _mlre _mlv _mlrv _mlIFS
+ '[' -n '' ']'
+ unset _mlshdbg
+ return 0
+ module load boost-mpi-1.73.0
+ _module_raw load boost-mpi-1.73.0
+ unset _mlshdbg
+ '[' 0 = 1 ']'
+ unset _mlre _mlIFS
+ '[' -n x ']'
+ _mlIFS=' 	
'
+ IFS=' '
+ '[' -n '' ']'
++ /usr/bin/tclsh /cm/local/apps/environment-modules/4.5.3/libexec/modulecmd.tcl bash load boost-mpi-1.73.0
+ eval
+ _mlstatus=0
+ '[' -n x ']'
+ IFS=' 	
'
+ unset _mlre _mlv _mlrv _mlIFS
+ '[' -n '' ']'
+ unset _mlshdbg
+ return 0
+ export 'OMPI_MCA_pml=^ucx'
+ OMPI_MCA_pml='^ucx'
+ export OMPI_MCA_btl_openib_if_include=mlx5_4:1
+ OMPI_MCA_btl_openib_if_include=mlx5_4:1
+ export OMPI_MCA_btl_tcp_if_exclude=docker0,docker_gwbridge,eno1,eno2,lo,enp196s0f0np0,enp196s0f1np1,ib0,ib1,veth030713f,veth07ce296,veth50ead6f,veth73c0310,veth9e2a12b,veth9e2cc2e,vethecc4600,ibp65s0f1,enp129s0f0np0,enp129s0f1np1,ibp65s0f0
+ OMPI_MCA_btl_tcp_if_exclude=docker0,docker_gwbridge,eno1,eno2,lo,enp196s0f0np0,enp196s0f1np1,ib0,ib1,veth030713f,veth07ce296,veth50ead6f,veth73c0310,veth9e2a12b,veth9e2cc2e,vethecc4600,ibp65s0f1,enp129s0f0np0,enp129s0f1np1,ibp65s0f0
+ export OMPI_MCA_btl_openib_allow_ib=1
+ OMPI_MCA_btl_openib_allow_ib=1
+ export OMPI_MCA_mpi_cuda_support=0
+ OMPI_MCA_mpi_cuda_support=0
+ mpirun -np 32 build/debug/csr /home/krisor99/UiB-INF339/matrices/IMDB.mtx
[n004:45974] mca_base_component_repository_open: unable to open mca_osc_ucx: libbfd-2.30-system.so: cannot open shared object file: No such file or directory (ignored)
[n004:45990] mca_base_component_repository_open: unable to open mca_osc_ucx: libbfd-2.30-system.so: cannot open shared object file: No such file or directory (ignored)
[n004:45977] mca_base_component_repository_open: unable to open mca_osc_ucx: libbfd-2.30-system.so: cannot open shared object file: No such file or directory (ignored)
[n004:45978] mca_base_component_repository_open: unable to open mca_osc_ucx: libbfd-2.30-system.so: cannot open shared object file: No such file or directory (ignored)
[n004:46033] mca_base_component_repository_open: unable to open mca_osc_ucx: libbfd-2.30-system.so: cannot open shared object file: No such file or directory (ignored)
[n004:45988] mca_base_component_repository_open: unable to open mca_osc_ucx: libbfd-2.30-system.so: cannot open shared object file: No such file or directory (ignored)
[n004:46014] mca_base_component_repository_open: unable to open mca_osc_ucx: libbfd-2.30-system.so: cannot open shared object file: No such file or directory (ignored)
[n004:46010] mca_base_component_repository_open: unable to open mca_osc_ucx: libbfd-2.30-system.so: cannot open shared object file: No such file or directory (ignored)
[n004:45976] mca_base_component_repository_open: unable to open mca_osc_ucx: libbfd-2.30-system.so: cannot open shared object file: No such file or directory (ignored)
[n004:45979] mca_base_component_repository_open: unable to open mca_osc_ucx: libbfd-2.30-system.so: cannot open shared object file: No such file or directory (ignored)
[n004:45971] mca_base_component_repository_open: unable to open mca_osc_ucx: libbfd-2.30-system.so: cannot open shared object file: No such file or directory (ignored)
[n004:45981] mca_base_component_repository_open: unable to open mca_osc_ucx: libbfd-2.30-system.so: cannot open shared object file: No such file or directory (ignored)
[n004:45999] mca_base_component_repository_open: unable to open mca_osc_ucx: libbfd-2.30-system.so: cannot open shared object file: No such file or directory (ignored)
[n004:45973] mca_base_component_repository_open: unable to open mca_osc_ucx: libbfd-2.30-system.so: cannot open shared object file: No such file or directory (ignored)
[n004:46002] mca_base_component_repository_open: unable to open mca_osc_ucx: libbfd-2.30-system.so: cannot open shared object file: No such file or directory (ignored)
[n004:45996] mca_base_component_repository_open: unable to open mca_osc_ucx: libbfd-2.30-system.so: cannot open shared object file: No such file or directory (ignored)
[n004:46018] mca_base_component_repository_open: unable to open mca_osc_ucx: libbfd-2.30-system.so: cannot open shared object file: No such file or directory (ignored)
[n004:45969] mca_base_component_repository_open: unable to open mca_osc_ucx: libbfd-2.30-system.so: cannot open shared object file: No such file or directory (ignored)
[n004:45980] mca_base_component_repository_open: unable to open mca_osc_ucx: libbfd-2.30-system.so: cannot open shared object file: No such file or directory (ignored)
[n004:45994] mca_base_component_repository_open: unable to open mca_osc_ucx: libbfd-2.30-system.so: cannot open shared object file: No such file or directory (ignored)
[n004:46008] mca_base_component_repository_open: unable to open mca_osc_ucx: libbfd-2.30-system.so: cannot open shared object file: No such file or directory (ignored)
[n004:46043] mca_base_component_repository_open: unable to open mca_osc_ucx: libbfd-2.30-system.so: cannot open shared object file: No such file or directory (ignored)
[n004:46056] mca_base_component_repository_open: unable to open mca_osc_ucx: libbfd-2.30-system.so: cannot open shared object file: No such file or directory (ignored)
[n004:46023] mca_base_component_repository_open: unable to open mca_osc_ucx: libbfd-2.30-system.so: cannot open shared object file: No such file or directory (ignored)
[n004:45985] mca_base_component_repository_open: unable to open mca_osc_ucx: libbfd-2.30-system.so: cannot open shared object file: No such file or directory (ignored)
[n004:46047] mca_base_component_repository_open: unable to open mca_osc_ucx: libbfd-2.30-system.so: cannot open shared object file: No such file or directory (ignored)
[n004:46027] mca_base_component_repository_open: unable to open mca_osc_ucx: libbfd-2.30-system.so: cannot open shared object file: No such file or directory (ignored)
[n004:46071] mca_base_component_repository_open: unable to open mca_osc_ucx: libbfd-2.30-system.so: cannot open shared object file: No such file or directory (ignored)
[n004:46021] mca_base_component_repository_open: unable to open mca_osc_ucx: libbfd-2.30-system.so: cannot open shared object file: No such file or directory (ignored)
[n004:46064] mca_base_component_repository_open: unable to open mca_osc_ucx: libbfd-2.30-system.so: cannot open shared object file: No such file or directory (ignored)
[n004:46036] mca_base_component_repository_open: unable to open mca_osc_ucx: libbfd-2.30-system.so: cannot open shared object file: No such file or directory (ignored)
[n004:46081] mca_base_component_repository_open: unable to open mca_osc_ucx: libbfd-2.30-system.so: cannot open shared object file: No such file or directory (ignored)
SIZE:    32
Opening file...
File successfully opened
Successfully read file IMDB.mtx
Performing Load Balancing
Load balancing completed
Sending: 29835 to 0
Done sending: 29835 to 0
Sending: 31691 to 1
Done sending: 31691 to 1
Sending: 30758 to 2
Done sending: 30758 to 2
Sending: 30662 to 3
Done sending: 30662 to 3
Sending: 31931 to 4
Done sending: 31931 to 4
Sending: 30958 to 5
Done sending: 30958 to 5
Sending: 30865 to 6
Done sending: 30865 to 6
Sending: 31375 to 7
Done sending: 31375 to 7
Sending: 30847 to 8
Done sending: 30847 to 8
Sending: 30621 to 9
Done sending: 30621 to 9
Sending: 31251 to 10
Done sending: 31251 to 10
Sending: 27050 to 11
Done sending: 27050 to 11
Sending: 25990 to 12
Done sending: 25990 to 12
Sending: 25080 to 13
Done sending: 25080 to 13
Sending: 9526 to 14
Done sending: 9526 to 14
Sending: 0 to 15
Done sending: 0 to 15
Sending: 0 to 16
Done sending: 0 to 16
Sending: 0 to 17
Done sending: 0 to 17
Sending: 0 to 18
Done sending: 0 to 18
Sending: 0 to 19
Done sending: 0 to 19
Sending: 0 to 20
Done sending: 0 to 20
Sending: 0 to 21
Done sending: 0 to 21
Sending: 0 to 22
Done sending: 0 to 22
Sending: 0 to 23
Done sending: 0 to 23
Sending: 0 to 24
Done sending: 0 to 24
Sending: 0 to 25
Done sending: 0 to 25
Sending: 0 to 26
Done sending: 0 to 26
Sending: 0 to 27
Done sending: 0 to 27
Sending: 0 to 28
Done sending: 0 to 28
Sending: 0 to 29
Done sending: 0 to 29
Sending: 0 to 30
Done sending: 0 to 30
Sending: 0 to 31
Done sending: 0 to 31
Rank 0 is waiting for recieve
Rank 0 has recieved, got: 29835
Rank 17 is waiting for recieve
Rank 17 has recieved, got: 0
Rank 18 is waiting for recieve
Rank 18 has recieved, got: 0
Rank 20 is waiting for recieve
Rank 20 has recieved, got: 0
Rank 21 is waiting for recieve
Rank 21 has recieved, got: 0
Rank 22 is waiting for recieve
Rank 22 has recieved, got: 0
Rank 23 is waiting for recieve
Rank 23 has recieved, got: 0
Rank 24 is waiting for recieve
Rank 24 has recieved, got: 0
Rank 25 is waiting for recieve
Rank 25 has recieved, got: 0
Rank 27 is waiting for recieve
Rank 27 has recieved, got: 0
Rank 28 is waiting for recieve
Rank 28 has recieved, got: 0
Rank 29 is waiting for recieve
Rank 29 has recieved, got: 0
Rank 30 is waiting for recieve
Rank 30 has recieved, got: 0
Rank 8 is waiting for recieve
Rank 8 has recieved, got: 30847
Rank 10 is waiting for recieve
Rank 10 has recieved, got: 31251
Rank 12 is waiting for recieve
Rank 12 has recieved, got: 25990
Rank 14 is waiting for recieve
Rank 14 has recieved, got: 9526
Rank 1 is waiting for recieve
Rank 1 has recieved, got: 31691
Rank 2 is waiting for recieve
Rank 2 has recieved, got: 30758
Rank 3 is waiting for recieve
Rank 3 has recieved, got: 30662
Rank 4 is waiting for recieve
Rank 4 has recieved, got: 31931
Rank 5 is waiting for recieve
Rank 5 has recieved, got: 30958
Rank 6 is waiting for recieve
Rank 6 has recieved, got: 30865
Rank 7 is waiting for recieve
Rank 7 has recieved, got: 31375
Rank 9 is waiting for recieve
Rank 9 has recieved, got: 30621
Rank 11 is waiting for recieve
Rank 11 has recieved, got: 27050
Rank 13 is waiting for recieve
Rank 13 has recieved, got: 25080
Rank 15 is waiting for recieve
Rank 15 has recieved, got: 0
Rank 19 is waiting for recieve
Rank 19 has recieved, got: 0
Rank 31 is waiting for recieve
Rank 31 has recieved, got: 0
Rank 26 is waiting for recieve
Rank 26 has recieved, got: 0
Rank 16 is waiting for recieve
Rank 16 has recieved, got: 0
csr: /cm/shared/ex3-modules/0.6.1/pkgs/boost-mpi-1.73.0/include/boost/mpi/communicator.hpp:1466: boost::mpi::status boost::mpi::communicator::recv_vector(int, int, std::vector<_Tp, _Alloc>&, mpl_::true_) const [with T = long int; A = std::allocator<long int>; mpl_::true_ = mpl_::bool_<true>]: Assertion `_check_result == MPI_SUCCESS' failed.
[n004:45999] *** Process received signal ***
[n004:45999] Signal: Aborted (6)
[n004:45999] Signal code:  (-6)
[n004:45999] [ 0] /lib/x86_64-linux-gnu/libc.so.6(+0x42520)[0x7ffff5e1a520]
[n004:45999] [ 1] /lib/x86_64-linux-gnu/libc.so.6(pthread_kill+0x12c)[0x7ffff5e6e9fc]
[n004:45999] [ 2] /lib/x86_64-linux-gnu/libc.so.6(raise+0x16)[0x7ffff5e1a476]
[n004:45999] [ 3] /lib/x86_64-linux-gnu/libc.so.6(abort+0xd3)[0x7ffff5e007f3]
[n004:45999] [ 4] /lib/x86_64-linux-gnu/libc.so.6(+0x2871b)[0x7ffff5e0071b]
[n004:45999] [ 5] /lib/x86_64-linux-gnu/libc.so.6(+0x39e96)[0x7ffff5e11e96]
[n004:45999] [ 6] build/debug/csr[0x42368a]
[n004:45999] [ 7] build/debug/csr[0x41e62b]
[n004:45999] [ 8] build/debug/csr[0x40ffdb]
[n004:45999] [ 9] /lib/x86_64-linux-gnu/libc.so.6(+0x29d90)[0x7ffff5e01d90]
[n004:45999] [10] /lib/x86_64-linux-gnu/libc.so.6(__libc_start_main+0x80)[0x7ffff5e01e40]
[n004:45999] [11] build/debug/csr[0x40f1b5]
[n004:45999] *** End of error message ***
--------------------------------------------------------------------------
Primary job  terminated normally, but 1 process returned
a non-zero exit code. Per user-direction, the job has been aborted.
--------------------------------------------------------------------------
--------------------------------------------------------------------------
mpirun noticed that process rank 14 with PID 45999 on node n004 exited on signal 6 (Aborted).
--------------------------------------------------------------------------
+ ln -f nicename78478.out IMDB32.out
+ rm nicename78478.out
