+ ulimit -s 10240
+ module load boost-1.73.0
+ _module_raw load boost-1.73.0
+ unset _mlshdbg
+ '[' 0 = 1 ']'
+ unset _mlre _mlIFS
+ '[' -n x ']'
+ _mlIFS=' 	
'
+ IFS=' '
+ '[' -n '' ']'
++ /usr/bin/tclsh /cm/local/apps/environment-modules/4.5.3/libexec/modulecmd.tcl bash load boost-1.73.0
+ eval
+ _mlstatus=0
+ '[' -n x ']'
+ IFS=' 	
'
+ unset _mlre _mlv _mlrv _mlIFS
+ '[' -n '' ']'
+ unset _mlshdbg
+ return 0
+ module load boost-mpi-1.73.0
+ _module_raw load boost-mpi-1.73.0
+ unset _mlshdbg
+ '[' 0 = 1 ']'
+ unset _mlre _mlIFS
+ '[' -n x ']'
+ _mlIFS=' 	
'
+ IFS=' '
+ '[' -n '' ']'
++ /usr/bin/tclsh /cm/local/apps/environment-modules/4.5.3/libexec/modulecmd.tcl bash load boost-mpi-1.73.0
+ eval
+ _mlstatus=0
+ '[' -n x ']'
+ IFS=' 	
'
+ unset _mlre _mlv _mlrv _mlIFS
+ '[' -n '' ']'
+ unset _mlshdbg
+ return 0
+ export 'OMPI_MCA_pml=^ucx'
+ OMPI_MCA_pml='^ucx'
+ export OMPI_MCA_btl_openib_if_include=mlx5_4:1
+ OMPI_MCA_btl_openib_if_include=mlx5_4:1
+ export OMPI_MCA_btl_tcp_if_exclude=docker0,docker_gwbridge,eno1,eno2,lo,enp196s0f0np0,enp196s0f1np1,ib0,ib1,veth030713f,veth07ce296,veth50ead6f,veth73c0310,veth9e2a12b,veth9e2cc2e,vethecc4600,ibp65s0f1,enp129s0f0np0,enp129s0f1np1,ibp65s0f0
+ OMPI_MCA_btl_tcp_if_exclude=docker0,docker_gwbridge,eno1,eno2,lo,enp196s0f0np0,enp196s0f1np1,ib0,ib1,veth030713f,veth07ce296,veth50ead6f,veth73c0310,veth9e2a12b,veth9e2cc2e,vethecc4600,ibp65s0f1,enp129s0f0np0,enp129s0f1np1,ibp65s0f0
+ export OMPI_MCA_btl_openib_allow_ib=1
+ OMPI_MCA_btl_openib_allow_ib=1
+ export OMPI_MCA_mpi_cuda_support=0
+ OMPI_MCA_mpi_cuda_support=0
+ mpirun -np 4 build/debug/csr /home/krisor99/UiB-INF339/matrices/ML_Geer.mtx
[n002:58229] mca_base_component_repository_open: unable to open mca_osc_ucx: libbfd-2.30-system.so: cannot open shared object file: No such file or directory (ignored)
[n002:58233] mca_base_component_repository_open: unable to open mca_osc_ucx: libbfd-2.30-system.so: cannot open shared object file: No such file or directory (ignored)
[n002:58232] mca_base_component_repository_open: unable to open mca_osc_ucx: libbfd-2.30-system.so: cannot open shared object file: No such file or directory (ignored)
[n002:58236] mca_base_component_repository_open: unable to open mca_osc_ucx: libbfd-2.30-system.so: cannot open shared object file: No such file or directory (ignored)
SIZE:    4
Opening file...
File successfully opened
Successfully read file ML_Geer.mtx
Performing Load Balancing
Load balancing completed
Sending: 375976 to 0
Done sending: 375976 to 0
Sending: 375851 to 1
Done sending: 375851 to 1
Sending: 375693 to 2
Done sending: 375693 to 2
Sending: 376482 to 3
Done sending: 376482 to 3
Rank 0 is waiting for recieve
Rank 0 has recieved, got: 375976
Rank 1 is waiting for recieve
Rank 2 is waiting for recieve
Rank 2 has recieved, got: 375693
Rank 1 has recieved, got: 375851
Rank 3 is waiting for recieve
Rank 3 has recieved, got: 376482

File:             46.9617
Comp:             20.0631
Comm:             10.0017
Total:            80.9599
L2 norm:          nan
OPS:              22175994400
GFLOPS:           1.10531
GFLOPS:           1.10531
GFLOPS (kernel):  0.351821
+ ln -f nicename78369.out ML_Geer4.out
+ rm nicename78369.out
