+ ulimit -s 10240
+ module load boost-1.73.0
+ _module_raw load boost-1.73.0
+ unset _mlshdbg
+ '[' 0 = 1 ']'
+ unset _mlre _mlIFS
+ '[' -n x ']'
+ _mlIFS=' 	
'
+ IFS=' '
+ '[' -n '' ']'
++ /usr/bin/tclsh /cm/local/apps/environment-modules/4.5.3/libexec/modulecmd.tcl bash load boost-1.73.0
+ eval
+ _mlstatus=0
+ '[' -n x ']'
+ IFS=' 	
'
+ unset _mlre _mlv _mlrv _mlIFS
+ '[' -n '' ']'
+ unset _mlshdbg
+ return 0
+ module load boost-mpi-1.73.0
+ _module_raw load boost-mpi-1.73.0
+ unset _mlshdbg
+ '[' 0 = 1 ']'
+ unset _mlre _mlIFS
+ '[' -n x ']'
+ _mlIFS=' 	
'
+ IFS=' '
+ '[' -n '' ']'
++ /usr/bin/tclsh /cm/local/apps/environment-modules/4.5.3/libexec/modulecmd.tcl bash load boost-mpi-1.73.0
+ eval
+ _mlstatus=0
+ '[' -n x ']'
+ IFS=' 	
'
+ unset _mlre _mlv _mlrv _mlIFS
+ '[' -n '' ']'
+ unset _mlshdbg
+ return 0
+ export 'OMPI_MCA_pml=^ucx'
+ OMPI_MCA_pml='^ucx'
+ export OMPI_MCA_btl_openib_if_include=mlx5_4:1
+ OMPI_MCA_btl_openib_if_include=mlx5_4:1
+ export OMPI_MCA_btl_tcp_if_exclude=docker0,docker_gwbridge,eno1,eno2,lo,enp196s0f0np0,enp196s0f1np1,ib0,ib1,veth030713f,veth07ce296,veth50ead6f,veth73c0310,veth9e2a12b,veth9e2cc2e,vethecc4600,ibp65s0f1,enp129s0f0np0,enp129s0f1np1,ibp65s0f0
+ OMPI_MCA_btl_tcp_if_exclude=docker0,docker_gwbridge,eno1,eno2,lo,enp196s0f0np0,enp196s0f1np1,ib0,ib1,veth030713f,veth07ce296,veth50ead6f,veth73c0310,veth9e2a12b,veth9e2cc2e,vethecc4600,ibp65s0f1,enp129s0f0np0,enp129s0f1np1,ibp65s0f0
+ export OMPI_MCA_btl_openib_allow_ib=1
+ OMPI_MCA_btl_openib_allow_ib=1
+ export OMPI_MCA_mpi_cuda_support=0
+ OMPI_MCA_mpi_cuda_support=0
+ mpirun -np 4 build/debug/test /home/krisor99/UiB-INF339/matrices/ML_Geer.mtx
[n001:3647987] mca_base_component_repository_open: unable to open mca_osc_ucx: libbfd-2.30-system.so: cannot open shared object file: No such file or directory (ignored)
[n001:3647986] mca_base_component_repository_open: unable to open mca_osc_ucx: libbfd-2.30-system.so: cannot open shared object file: No such file or directory (ignored)
[n001:3647989] mca_base_component_repository_open: unable to open mca_osc_ucx: libbfd-2.30-system.so: cannot open shared object file: No such file or directory (ignored)
[n001:3647992] mca_base_component_repository_open: unable to open mca_osc_ucx: libbfd-2.30-system.so: cannot open shared object file: No such file or directory (ignored)
Opening file...
File successfully opened
Opening file...
File successfully opened
Opening file...
File successfully opened
Opening file...
File successfully opened
Successfully read file
Successfully read file
Successfully read file
Successfully read file
Rank 3 is waiting for recieve, has n: 0
Rank 2 is waiting for recieve, has n: 0
Rank 1 is waiting for recieve, has n: 0
Sending
test: prov/util/src/util_mem_monitor.c:83: ofi_monitor_cleanup: Assertion `dlist_empty(&monitor->list)' failed.
[n001:3647986] *** Process received signal ***
[n001:3647986] Signal: Aborted (6)
[n001:3647986] Signal code:  (-6)
[n001:3647986] [ 0] /lib/x86_64-linux-gnu/libc.so.6(+0x42520)[0x7ffff5e1a520]
[n001:3647986] [ 1] /lib/x86_64-linux-gnu/libc.so.6(pthread_kill+0x12c)[0x7ffff5e6e9fc]
[n001:3647986] [ 2] /lib/x86_64-linux-gnu/libc.so.6(raise+0x16)[0x7ffff5e1a476]
[n001:3647986] [ 3] /lib/x86_64-linux-gnu/libc.so.6(abort+0xd3)[0x7ffff5e007f3]
[n001:3647986] [ 4] /lib/x86_64-linux-gnu/libc.so.6(+0x2871b)[0x7ffff5e0071b]
[n001:3647986] [ 5] /lib/x86_64-linux-gnu/libc.so.6(+0x39e96)[0x7ffff5e11e96]
[n001:3647986] [ 6] /cm/shared/ex3-modules/0.6.1/pkgs/libfabric-1.11.1/lib/libfabric.so.1(+0x57522)[0x7fffdd857522]
[n001:3647986] [ 7] /cm/shared/ex3-modules/0.6.1/pkgs/libfabric-1.11.1/lib/libfabric.so.1(+0x5782f)[0x7fffdd85782f]
[n001:3647986] [ 8] /cm/shared/ex3-modules/0.6.1/pkgs/libfabric-1.11.1/lib/libfabric.so.1(+0x122b1)[0x7fffdd8122b1]
[n001:3647986] [ 9] /lib64/ld-linux-x86-64.so.2(+0x624e)[0x7ffff7fc924e]
[n001:3647986] [10] /lib/x86_64-linux-gnu/libc.so.6(+0x45495)[0x7ffff5e1d495]
[n001:3647986] [11] /lib/x86_64-linux-gnu/libc.so.6(on_exit+0x0)[0x7ffff5e1d610]
[n001:3647986] [12] /lib/x86_64-linux-gnu/libc.so.6(+0x29d97)[0x7ffff5e01d97]
[n001:3647986] [13] /lib/x86_64-linux-gnu/libc.so.6(__libc_start_main+0x80)[0x7ffff5e01e40]
[n001:3647986] [14] build/debug/test[0x40f125]
[n001:3647986] *** End of error message ***
--------------------------------------------------------------------------
Primary job  terminated normally, but 1 process returned
a non-zero exit code. Per user-direction, the job has been aborted.
--------------------------------------------------------------------------
--------------------------------------------------------------------------
mpirun noticed that process rank 0 with PID 3647986 on node n001 exited on signal 6 (Aborted).
--------------------------------------------------------------------------
