[n049:3593177] mca_base_component_repository_open: unable to open mca_osc_ucx: libbfd-2.30-system.so: cannot open shared object file: No such file or directory (ignored)
[n049:3593175] mca_base_component_repository_open: unable to open mca_osc_ucx: libbfd-2.30-system.so: cannot open shared object file: No such file or directory (ignored)
[n049:3593176] mca_base_component_repository_open: unable to open mca_osc_ucx: libbfd-2.30-system.so: cannot open shared object file: No such file or directory (ignored)
[n050:1821175] mca_base_component_repository_open: unable to open mca_osc_ucx: libbfd-2.30-system.so: cannot open shared object file: No such file or directory (ignored)
[n050:1821173] mca_base_component_repository_open: unable to open mca_osc_ucx: libbfd-2.30-system.so: cannot open shared object file: No such file or directory (ignored)
[n050:1821176] mca_base_component_repository_open: unable to open mca_osc_ucx: libbfd-2.30-system.so: cannot open shared object file: No such file or directory (ignored)
[n049:3593178] mca_base_component_repository_open: unable to open mca_osc_ucx: libbfd-2.30-system.so: cannot open shared object file: No such file or directory (ignored)
[n050:1821174] mca_base_component_repository_open: unable to open mca_osc_ucx: libbfd-2.30-system.so: cannot open shared object file: No such file or directory (ignored)
Rank 1 is waiting for recieve
Rank 2 is waiting for recieve
Rank 2 has recieved, got: 0
Rank 1 has recieved, got: 0
SIZE:    8
Rank 3 is waiting for recieve
Rank 3 has recieved, got: 0
Rank 4 is waiting for recieve
Rank 7 is waiting for recieve
Rank 7 has recieved, got: 0
Rank 4 has recieved, got: 0
Rank 5 is waiting for recieve
Rank 5 has recieved, got: 0
Rank 6 is waiting for recieve
Rank 6 has recieved, got: 0
Opening file...
File successfully opened
Successfully read file ML_Geer.mtx
Performing Load Balancing
Load balancing completed
Sending: 187702 to 1
