Loading libfabric/gcc/1.18.0
  Loading requirement: numactl/gcc/2.0.14
Loading boost-1.73.0
  Loading requirement: xz-5.2.5
Loading boost-mpi-1.73.0
  Loading requirement: gmp-6.1.2 mpfr-4.0.2 mpc-1.1.0 gcc-8.4.0 hwloc-2.4.1
    knem-1.1.4 libevent-2.1.11-stable numactl-2.0.13 libnl-3.2.25 rdma-core-31.0
    ucx-1.9.0 libfabric-1.11.1 pmix-3.1.5 openmpi-4.0.5
[n052:1357239] mca_base_component_repository_open: unable to open mca_osc_ucx: libbfd-2.30-system.so: cannot open shared object file: No such file or directory (ignored)
[n052:1357240] mca_base_component_repository_open: unable to open mca_osc_ucx: libbfd-2.30-system.so: cannot open shared object file: No such file or directory (ignored)
[n052:1357236] mca_base_component_repository_open: unable to open mca_osc_ucx: libbfd-2.30-system.so: cannot open shared object file: No such file or directory (ignored)
[n050:1356577] mca_base_component_repository_open: unable to open mca_osc_ucx: libbfd-2.30-system.so: cannot open shared object file: No such file or directory (ignored)
[n050:1356578] mca_base_component_repository_open: unable to open mca_osc_ucx: libbfd-2.30-system.so: cannot open shared object file: No such file or directory (ignored)
[n050:1356576] mca_base_component_repository_open: unable to open mca_osc_ucx: libbfd-2.30-system.so: cannot open shared object file: No such file or directory (ignored)
[n052:1357242] mca_base_component_repository_open: unable to open mca_osc_ucx: libbfd-2.30-system.so: cannot open shared object file: No such file or directory (ignored)
[n050:1356574] mca_base_component_repository_open: unable to open mca_osc_ucx: libbfd-2.30-system.so: cannot open shared object file: No such file or directory (ignored)
[n052:1357238] mca_base_component_repository_open: unable to open mca_osc_ucx: libbfd-2.30-system.so: cannot open shared object file: No such file or directory (ignored)
[n053:1356215] mca_base_component_repository_open: unable to open mca_osc_ucx: libbfd-2.30-system.so: cannot open shared object file: No such file or directory (ignored)
[n053:1356213] mca_base_component_repository_open: unable to open mca_osc_ucx: libbfd-2.30-system.so: cannot open shared object file: No such file or directory (ignored)
[n053:1356216] mca_base_component_repository_open: unable to open mca_osc_ucx: libbfd-2.30-system.so: cannot open shared object file: No such file or directory (ignored)
[n053:1356214] mca_base_component_repository_open: unable to open mca_osc_ucx: libbfd-2.30-system.so: cannot open shared object file: No such file or directory (ignored)
[n053:1356217] mca_base_component_repository_open: unable to open mca_osc_ucx: libbfd-2.30-system.so: cannot open shared object file: No such file or directory (ignored)
[n053:1356212] mca_base_component_repository_open: unable to open mca_osc_ucx: libbfd-2.30-system.so: cannot open shared object file: No such file or directory (ignored)
[n050:1356573] mca_base_component_repository_open: unable to open mca_osc_ucx: libbfd-2.30-system.so: cannot open shared object file: No such file or directory (ignored)
[n050:1356575] mca_base_component_repository_open: unable to open mca_osc_ucx: libbfd-2.30-system.so: cannot open shared object file: No such file or directory (ignored)
[n054:1355099] mca_base_component_repository_open: unable to open mca_osc_ucx: libbfd-2.30-system.so: cannot open shared object file: No such file or directory (ignored)
[n054:1355102] mca_base_component_repository_open: unable to open mca_osc_ucx: libbfd-2.30-system.so: cannot open shared object file: No such file or directory (ignored)
[n054:1355097] mca_base_component_repository_open: unable to open mca_osc_ucx: libbfd-2.30-system.so: cannot open shared object file: No such file or directory (ignored)
[n055:1690196] mca_base_component_repository_open: unable to open mca_osc_ucx: libbfd-2.30-system.so: cannot open shared object file: No such file or directory (ignored)
[n054:1355098] mca_base_component_repository_open: unable to open mca_osc_ucx: libbfd-2.30-system.so: cannot open shared object file: No such file or directory (ignored)
[n055:1690200] mca_base_component_repository_open: unable to open mca_osc_ucx: libbfd-2.30-system.so: cannot open shared object file: No such file or directory (ignored)
[n052:1357241] mca_base_component_repository_open: unable to open mca_osc_ucx: libbfd-2.30-system.so: cannot open shared object file: No such file or directory (ignored)
[n054:1355103] mca_base_component_repository_open: unable to open mca_osc_ucx: libbfd-2.30-system.so: cannot open shared object file: No such file or directory (ignored)
[n055:1690198] mca_base_component_repository_open: unable to open mca_osc_ucx: libbfd-2.30-system.so: cannot open shared object file: No such file or directory (ignored)
[n055:1690199] mca_base_component_repository_open: unable to open mca_osc_ucx: libbfd-2.30-system.so: cannot open shared object file: No such file or directory (ignored)
[n055:1690194] mca_base_component_repository_open: unable to open mca_osc_ucx: libbfd-2.30-system.so: cannot open shared object file: No such file or directory (ignored)
[n054:1355101] mca_base_component_repository_open: unable to open mca_osc_ucx: libbfd-2.30-system.so: cannot open shared object file: No such file or directory (ignored)
[n052:1357237] mca_base_component_repository_open: unable to open mca_osc_ucx: libbfd-2.30-system.so: cannot open shared object file: No such file or directory (ignored)
[n055:1690195] mca_base_component_repository_open: unable to open mca_osc_ucx: libbfd-2.30-system.so: cannot open shared object file: No such file or directory (ignored)
[n054:1355096] mca_base_component_repository_open: unable to open mca_osc_ucx: libbfd-2.30-system.so: cannot open shared object file: No such file or directory (ignored)
[n051:1358181] mca_base_component_repository_open: unable to open mca_osc_ucx: libbfd-2.30-system.so: cannot open shared object file: No such file or directory (ignored)
[n051:1358183] mca_base_component_repository_open: unable to open mca_osc_ucx: libbfd-2.30-system.so: cannot open shared object file: No such file or directory (ignored)
[n051:1358187] mca_base_component_repository_open: unable to open mca_osc_ucx: libbfd-2.30-system.so: cannot open shared object file: No such file or directory (ignored)
[n051:1358184] mca_base_component_repository_open: unable to open mca_osc_ucx: libbfd-2.30-system.so: cannot open shared object file: No such file or directory (ignored)
[n051:1358186] mca_base_component_repository_open: unable to open mca_osc_ucx: libbfd-2.30-system.so: cannot open shared object file: No such file or directory (ignored)
[n051:1358182] mca_base_component_repository_open: unable to open mca_osc_ucx: libbfd-2.30-system.so: cannot open shared object file: No such file or directory (ignored)
[n053:1356211] mca_base_component_repository_open: unable to open mca_osc_ucx: libbfd-2.30-system.so: cannot open shared object file: No such file or directory (ignored)
[n055:1690197] mca_base_component_repository_open: unable to open mca_osc_ucx: libbfd-2.30-system.so: cannot open shared object file: No such file or directory (ignored)
[n051:1358180] mca_base_component_repository_open: unable to open mca_osc_ucx: libbfd-2.30-system.so: cannot open shared object file: No such file or directory (ignored)
[n051:1358185] mca_base_component_repository_open: unable to open mca_osc_ucx: libbfd-2.30-system.so: cannot open shared object file: No such file or directory (ignored)
[n050:1356579] mca_base_component_repository_open: unable to open mca_osc_ucx: libbfd-2.30-system.so: cannot open shared object file: No such file or directory (ignored)
[n054:1355100] mca_base_component_repository_open: unable to open mca_osc_ucx: libbfd-2.30-system.so: cannot open shared object file: No such file or directory (ignored)
[n056:2163926] mca_base_component_repository_open: unable to open mca_osc_ucx: libbfd-2.30-system.so: cannot open shared object file: No such file or directory (ignored)
[n056:2163924] mca_base_component_repository_open: unable to open mca_osc_ucx: libbfd-2.30-system.so: cannot open shared object file: No such file or directory (ignored)
[n056:2163925] mca_base_component_repository_open: unable to open mca_osc_ucx: libbfd-2.30-system.so: cannot open shared object file: No such file or directory (ignored)
[n056:2163922] mca_base_component_repository_open: unable to open mca_osc_ucx: libbfd-2.30-system.so: cannot open shared object file: No such file or directory (ignored)
[n056:2163923] mca_base_component_repository_open: unable to open mca_osc_ucx: libbfd-2.30-system.so: cannot open shared object file: No such file or directory (ignored)
[n053:1356218] mca_base_component_repository_open: unable to open mca_osc_ucx: libbfd-2.30-system.so: cannot open shared object file: No such file or directory (ignored)
[n056:2163921] mca_base_component_repository_open: unable to open mca_osc_ucx: libbfd-2.30-system.so: cannot open shared object file: No such file or directory (ignored)
[n056:2163920] mca_base_component_repository_open: unable to open mca_osc_ucx: libbfd-2.30-system.so: cannot open shared object file: No such file or directory (ignored)
[n055:1690201] mca_base_component_repository_open: unable to open mca_osc_ucx: libbfd-2.30-system.so: cannot open shared object file: No such file or directory (ignored)
[n056:2163919] mca_base_component_repository_open: unable to open mca_osc_ucx: libbfd-2.30-system.so: cannot open shared object file: No such file or directory (ignored)
[n052:1357243] mca_base_component_repository_open: unable to open mca_osc_ucx: libbfd-2.30-system.so: cannot open shared object file: No such file or directory (ignored)
[n050:1356580] mca_base_component_repository_open: unable to open mca_osc_ucx: libbfd-2.30-system.so: cannot open shared object file: No such file or directory (ignored)
[n057:1687737] mca_base_component_repository_open: unable to open mca_osc_ucx: libbfd-2.30-system.so: cannot open shared object file: No such file or directory (ignored)
[n057:1687731] mca_base_component_repository_open: unable to open mca_osc_ucx: libbfd-2.30-system.so: cannot open shared object file: No such file or directory (ignored)
[n057:1687734] mca_base_component_repository_open: unable to open mca_osc_ucx: libbfd-2.30-system.so: cannot open shared object file: No such file or directory (ignored)
[n057:1687730] mca_base_component_repository_open: unable to open mca_osc_ucx: libbfd-2.30-system.so: cannot open shared object file: No such file or directory (ignored)
[n057:1687732] mca_base_component_repository_open: unable to open mca_osc_ucx: libbfd-2.30-system.so: cannot open shared object file: No such file or directory (ignored)
[n057:1687735] mca_base_component_repository_open: unable to open mca_osc_ucx: libbfd-2.30-system.so: cannot open shared object file: No such file or directory (ignored)
[n057:1687736] mca_base_component_repository_open: unable to open mca_osc_ucx: libbfd-2.30-system.so: cannot open shared object file: No such file or directory (ignored)
[n057:1687729] mca_base_component_repository_open: unable to open mca_osc_ucx: libbfd-2.30-system.so: cannot open shared object file: No such file or directory (ignored)
SIZE:    64
Opening file...
File successfully opened
Successfully read file circuit5M_dc.mtx
slurmstepd: error: *** JOB 77109 ON n050 CANCELLED AT 2023-12-08T17:51:56 DUE TO TIME LIMIT ***
