[n049:1461554] mca_base_component_repository_open: unable to open mca_pml_ucx: libbfd-2.30-system.so: cannot open shared object file: No such file or directory (ignored)
[n049:1461555] mca_base_component_repository_open: unable to open mca_pml_ucx: libbfd-2.30-system.so: cannot open shared object file: No such file or directory (ignored)
[n049:1461557] mca_base_component_repository_open: unable to open mca_pml_ucx: libbfd-2.30-system.so: cannot open shared object file: No such file or directory (ignored)
[n049:1461556] mca_base_component_repository_open: unable to open mca_pml_ucx: libbfd-2.30-system.so: cannot open shared object file: No such file or directory (ignored)
[n049:1461568] mca_base_component_repository_open: unable to open mca_pml_ucx: libbfd-2.30-system.so: cannot open shared object file: No such file or directory (ignored)
[n049:1461563] mca_base_component_repository_open: unable to open mca_pml_ucx: libbfd-2.30-system.so: cannot open shared object file: No such file or directory (ignored)
[n049:1461569] mca_base_component_repository_open: unable to open mca_pml_ucx: libbfd-2.30-system.so: cannot open shared object file: No such file or directory (ignored)
[n049:1461558] mca_base_component_repository_open: unable to open mca_pml_ucx: libbfd-2.30-system.so: cannot open shared object file: No such file or directory (ignored)
[n049:1461560] mca_base_component_repository_open: unable to open mca_pml_ucx: libbfd-2.30-system.so: cannot open shared object file: No such file or directory (ignored)
[n049:1461565] mca_base_component_repository_open: unable to open mca_pml_ucx: libbfd-2.30-system.so: cannot open shared object file: No such file or directory (ignored)
[n051:944050] mca_base_component_repository_open: unable to open mca_pml_ucx: libbfd-2.30-system.so: cannot open shared object file: No such file or directory (ignored)
[n050:987712] mca_base_component_repository_open: unable to open mca_pml_ucx: libbfd-2.30-system.so: cannot open shared object file: No such file or directory (ignored)
[n049:1461564] mca_base_component_repository_open: unable to open mca_pml_ucx: libbfd-2.30-system.so: cannot open shared object file: No such file or directory (ignored)
[n049:1461567] mca_base_component_repository_open: unable to open mca_pml_ucx: libbfd-2.30-system.so: cannot open shared object file: No such file or directory (ignored)
[n049:1461561] mca_base_component_repository_open: unable to open mca_pml_ucx: libbfd-2.30-system.so: cannot open shared object file: No such file or directory (ignored)
[n049:1461562] mca_base_component_repository_open: unable to open mca_pml_ucx: libbfd-2.30-system.so: cannot open shared object file: No such file or directory (ignored)
[n049:1461559] mca_base_component_repository_open: unable to open mca_pml_ucx: libbfd-2.30-system.so: cannot open shared object file: No such file or directory (ignored)
[n049:1461566] mca_base_component_repository_open: unable to open mca_pml_ucx: libbfd-2.30-system.so: cannot open shared object file: No such file or directory (ignored)
[n051:944049] mca_base_component_repository_open: unable to open mca_pml_ucx: libbfd-2.30-system.so: cannot open shared object file: No such file or directory (ignored)
[n051:944057] mca_base_component_repository_open: unable to open mca_pml_ucx: libbfd-2.30-system.so: cannot open shared object file: No such file or directory (ignored)
[n051:944051] mca_base_component_repository_open: unable to open mca_pml_ucx: libbfd-2.30-system.so: cannot open shared object file: No such file or directory (ignored)
[n051:944061] mca_base_component_repository_open: unable to open mca_pml_ucx: libbfd-2.30-system.so: cannot open shared object file: No such file or directory (ignored)
[n051:944062] mca_base_component_repository_open: unable to open mca_pml_ucx: libbfd-2.30-system.so: cannot open shared object file: No such file or directory (ignored)
[n051:944063] mca_base_component_repository_open: unable to open mca_pml_ucx: libbfd-2.30-system.so: cannot open shared object file: No such file or directory (ignored)
[n051:944059] mca_base_component_repository_open: unable to open mca_pml_ucx: libbfd-2.30-system.so: cannot open shared object file: No such file or directory (ignored)
[n051:944056] mca_base_component_repository_open: unable to open mca_pml_ucx: libbfd-2.30-system.so: cannot open shared object file: No such file or directory (ignored)
[n051:944054] mca_base_component_repository_open: unable to open mca_pml_ucx: libbfd-2.30-system.so: cannot open shared object file: No such file or directory (ignored)
[n050:987711] mca_base_component_repository_open: unable to open mca_pml_ucx: libbfd-2.30-system.so: cannot open shared object file: No such file or directory (ignored)
[n050:987705] mca_base_component_repository_open: unable to open mca_pml_ucx: libbfd-2.30-system.so: cannot open shared object file: No such file or directory (ignored)
[n050:987715] mca_base_component_repository_open: unable to open mca_pml_ucx: libbfd-2.30-system.so: cannot open shared object file: No such file or directory (ignored)
[n050:987707] mca_base_component_repository_open: unable to open mca_pml_ucx: libbfd-2.30-system.so: cannot open shared object file: No such file or directory (ignored)
[n050:987713] mca_base_component_repository_open: unable to open mca_pml_ucx: libbfd-2.30-system.so: cannot open shared object file: No such file or directory (ignored)
[n050:987709] mca_base_component_repository_open: unable to open mca_pml_ucx: libbfd-2.30-system.so: cannot open shared object file: No such file or directory (ignored)
[n050:987703] mca_base_component_repository_open: unable to open mca_pml_ucx: libbfd-2.30-system.so: cannot open shared object file: No such file or directory (ignored)
[n050:987702] mca_base_component_repository_open: unable to open mca_pml_ucx: libbfd-2.30-system.so: cannot open shared object file: No such file or directory (ignored)
[n050:987704] mca_base_component_repository_open: unable to open mca_pml_ucx: libbfd-2.30-system.so: cannot open shared object file: No such file or directory (ignored)
[n052:942076] mca_base_component_repository_open: unable to open mca_pml_ucx: libbfd-2.30-system.so: cannot open shared object file: No such file or directory (ignored)
[n049:1461557] mca_base_component_repository_open: unable to open mca_osc_ucx: libbfd-2.30-system.so: cannot open shared object file: No such file or directory (ignored)
[n049:1461554] mca_base_component_repository_open: unable to open mca_osc_ucx: libbfd-2.30-system.so: cannot open shared object file: No such file or directory (ignored)
[n049:1461555] mca_base_component_repository_open: unable to open mca_osc_ucx: libbfd-2.30-system.so: cannot open shared object file: No such file or directory (ignored)
[n051:944060] mca_base_component_repository_open: unable to open mca_pml_ucx: libbfd-2.30-system.so: cannot open shared object file: No such file or directory (ignored)
[n051:944052] mca_base_component_repository_open: unable to open mca_pml_ucx: libbfd-2.30-system.so: cannot open shared object file: No such file or directory (ignored)
[n051:944053] mca_base_component_repository_open: unable to open mca_pml_ucx: libbfd-2.30-system.so: cannot open shared object file: No such file or directory (ignored)
[n051:944058] mca_base_component_repository_open: unable to open mca_pml_ucx: libbfd-2.30-system.so: cannot open shared object file: No such file or directory (ignored)
[n051:944055] mca_base_component_repository_open: unable to open mca_pml_ucx: libbfd-2.30-system.so: cannot open shared object file: No such file or directory (ignored)
[n051:944048] mca_base_component_repository_open: unable to open mca_pml_ucx: libbfd-2.30-system.so: cannot open shared object file: No such file or directory (ignored)
[n049:1461556] mca_base_component_repository_open: unable to open mca_osc_ucx: libbfd-2.30-system.so: cannot open shared object file: No such file or directory (ignored)
[n050:987708] mca_base_component_repository_open: unable to open mca_pml_ucx: libbfd-2.30-system.so: cannot open shared object file: No such file or directory (ignored)
[n050:987701] mca_base_component_repository_open: unable to open mca_pml_ucx: libbfd-2.30-system.so: cannot open shared object file: No such file or directory (ignored)
[n050:987706] mca_base_component_repository_open: unable to open mca_pml_ucx: libbfd-2.30-system.so: cannot open shared object file: No such file or directory (ignored)
[n050:987710] mca_base_component_repository_open: unable to open mca_pml_ucx: libbfd-2.30-system.so: cannot open shared object file: No such file or directory (ignored)
[n050:987714] mca_base_component_repository_open: unable to open mca_pml_ucx: libbfd-2.30-system.so: cannot open shared object file: No such file or directory (ignored)
[n050:987700] mca_base_component_repository_open: unable to open mca_pml_ucx: libbfd-2.30-system.so: cannot open shared object file: No such file or directory (ignored)
[n049:1461568] mca_base_component_repository_open: unable to open mca_osc_ucx: libbfd-2.30-system.so: cannot open shared object file: No such file or directory (ignored)
[n049:1461569] mca_base_component_repository_open: unable to open mca_osc_ucx: libbfd-2.30-system.so: cannot open shared object file: No such file or directory (ignored)
[n049:1461563] mca_base_component_repository_open: unable to open mca_osc_ucx: libbfd-2.30-system.so: cannot open shared object file: No such file or directory (ignored)
[n052:942083] mca_base_component_repository_open: unable to open mca_pml_ucx: libbfd-2.30-system.so: cannot open shared object file: No such file or directory (ignored)
[n052:942077] mca_base_component_repository_open: unable to open mca_pml_ucx: libbfd-2.30-system.so: cannot open shared object file: No such file or directory (ignored)
[n052:942078] mca_base_component_repository_open: unable to open mca_pml_ucx: libbfd-2.30-system.so: cannot open shared object file: No such file or directory (ignored)
[n052:942086] mca_base_component_repository_open: unable to open mca_pml_ucx: libbfd-2.30-system.so: cannot open shared object file: No such file or directory (ignored)
[n052:942081] mca_base_component_repository_open: unable to open mca_pml_ucx: libbfd-2.30-system.so: cannot open shared object file: No such file or directory (ignored)
[n052:942087] mca_base_component_repository_open: unable to open mca_pml_ucx: libbfd-2.30-system.so: cannot open shared object file: No such file or directory (ignored)
[n052:942075] mca_base_component_repository_open: unable to open mca_pml_ucx: libbfd-2.30-system.so: cannot open shared object file: No such file or directory (ignored)
[n052:942079] mca_base_component_repository_open: unable to open mca_pml_ucx: libbfd-2.30-system.so: cannot open shared object file: No such file or directory (ignored)
[n049:1461558] mca_base_component_repository_open: unable to open mca_osc_ucx: libbfd-2.30-system.so: cannot open shared object file: No such file or directory (ignored)
[n052:942088] mca_base_component_repository_open: unable to open mca_pml_ucx: libbfd-2.30-system.so: cannot open shared object file: No such file or directory (ignored)
[n052:942085] mca_base_component_repository_open: unable to open mca_pml_ucx: libbfd-2.30-system.so: cannot open shared object file: No such file or directory (ignored)
[n049:1461560] mca_base_component_repository_open: unable to open mca_osc_ucx: libbfd-2.30-system.so: cannot open shared object file: No such file or directory (ignored)
[n052:942080] mca_base_component_repository_open: unable to open mca_pml_ucx: libbfd-2.30-system.so: cannot open shared object file: No such file or directory (ignored)
[n049:1461565] mca_base_component_repository_open: unable to open mca_osc_ucx: libbfd-2.30-system.so: cannot open shared object file: No such file or directory (ignored)
[n049:1461564] mca_base_component_repository_open: unable to open mca_osc_ucx: libbfd-2.30-system.so: cannot open shared object file: No such file or directory (ignored)
[n050:987712] mca_base_component_repository_open: unable to open mca_osc_ucx: libbfd-2.30-system.so: cannot open shared object file: No such file or directory (ignored)
[n051:944050] mca_base_component_repository_open: unable to open mca_osc_ucx: libbfd-2.30-system.so: cannot open shared object file: No such file or directory (ignored)
[n051:944049] mca_base_component_repository_open: unable to open mca_osc_ucx: libbfd-2.30-system.so: cannot open shared object file: No such file or directory (ignored)
[n049:1461567] mca_base_component_repository_open: unable to open mca_osc_ucx: libbfd-2.30-system.so: cannot open shared object file: No such file or directory (ignored)
[n052:942084] mca_base_component_repository_open: unable to open mca_pml_ucx: libbfd-2.30-system.so: cannot open shared object file: No such file or directory (ignored)
[n050:987711] mca_base_component_repository_open: unable to open mca_osc_ucx: libbfd-2.30-system.so: cannot open shared object file: No such file or directory (ignored)
[n052:942089] mca_base_component_repository_open: unable to open mca_pml_ucx: libbfd-2.30-system.so: cannot open shared object file: No such file or directory (ignored)
[n051:944057] mca_base_component_repository_open: unable to open mca_osc_ucx: libbfd-2.30-system.so: cannot open shared object file: No such file or directory (ignored)
[n051:944051] mca_base_component_repository_open: unable to open mca_osc_ucx: libbfd-2.30-system.so: cannot open shared object file: No such file or directory (ignored)
[n049:1461561] mca_base_component_repository_open: unable to open mca_osc_ucx: libbfd-2.30-system.so: cannot open shared object file: No such file or directory (ignored)
[n052:942082] mca_base_component_repository_open: unable to open mca_pml_ucx: libbfd-2.30-system.so: cannot open shared object file: No such file or directory (ignored)
[n050:987705] mca_base_component_repository_open: unable to open mca_osc_ucx: libbfd-2.30-system.so: cannot open shared object file: No such file or directory (ignored)
[n052:942090] mca_base_component_repository_open: unable to open mca_pml_ucx: libbfd-2.30-system.so: cannot open shared object file: No such file or directory (ignored)
[n050:987715] mca_base_component_repository_open: unable to open mca_osc_ucx: libbfd-2.30-system.so: cannot open shared object file: No such file or directory (ignored)
[n049:1461562] mca_base_component_repository_open: unable to open mca_osc_ucx: libbfd-2.30-system.so: cannot open shared object file: No such file or directory (ignored)
[n051:944062] mca_base_component_repository_open: unable to open mca_osc_ucx: libbfd-2.30-system.so: cannot open shared object file: No such file or directory (ignored)
[n051:944061] mca_base_component_repository_open: unable to open mca_osc_ucx: libbfd-2.30-system.so: cannot open shared object file: No such file or directory (ignored)
[n049:1461559] mca_base_component_repository_open: unable to open mca_osc_ucx: libbfd-2.30-system.so: cannot open shared object file: No such file or directory (ignored)
[n051:944063] mca_base_component_repository_open: unable to open mca_osc_ucx: libbfd-2.30-system.so: cannot open shared object file: No such file or directory (ignored)
[n049:1461566] mca_base_component_repository_open: unable to open mca_osc_ucx: libbfd-2.30-system.so: cannot open shared object file: No such file or directory (ignored)
[n050:987707] mca_base_component_repository_open: unable to open mca_osc_ucx: libbfd-2.30-system.so: cannot open shared object file: No such file or directory (ignored)
[n051:944059] mca_base_component_repository_open: unable to open mca_osc_ucx: libbfd-2.30-system.so: cannot open shared object file: No such file or directory (ignored)
[n050:987703] mca_base_component_repository_open: unable to open mca_osc_ucx: libbfd-2.30-system.so: cannot open shared object file: No such file or directory (ignored)
[n050:987713] mca_base_component_repository_open: unable to open mca_osc_ucx: libbfd-2.30-system.so: cannot open shared object file: No such file or directory (ignored)
[n050:987709] mca_base_component_repository_open: unable to open mca_osc_ucx: libbfd-2.30-system.so: cannot open shared object file: No such file or directory (ignored)
[n051:944056] mca_base_component_repository_open: unable to open mca_osc_ucx: libbfd-2.30-system.so: cannot open shared object file: No such file or directory (ignored)
[n051:944054] mca_base_component_repository_open: unable to open mca_osc_ucx: libbfd-2.30-system.so: cannot open shared object file: No such file or directory (ignored)
[n051:944060] mca_base_component_repository_open: unable to open mca_osc_ucx: libbfd-2.30-system.so: cannot open shared object file: No such file or directory (ignored)
[n050:987704] mca_base_component_repository_open: unable to open mca_osc_ucx: libbfd-2.30-system.so: cannot open shared object file: No such file or directory (ignored)
[n050:987702] mca_base_component_repository_open: unable to open mca_osc_ucx: libbfd-2.30-system.so: cannot open shared object file: No such file or directory (ignored)
[n051:944052] mca_base_component_repository_open: unable to open mca_osc_ucx: libbfd-2.30-system.so: cannot open shared object file: No such file or directory (ignored)
[n050:987708] mca_base_component_repository_open: unable to open mca_osc_ucx: libbfd-2.30-system.so: cannot open shared object file: No such file or directory (ignored)
[n051:944053] mca_base_component_repository_open: unable to open mca_osc_ucx: libbfd-2.30-system.so: cannot open shared object file: No such file or directory (ignored)
[n050:987701] mca_base_component_repository_open: unable to open mca_osc_ucx: libbfd-2.30-system.so: cannot open shared object file: No such file or directory (ignored)
[n050:987706] mca_base_component_repository_open: unable to open mca_osc_ucx: libbfd-2.30-system.so: cannot open shared object file: No such file or directory (ignored)
[n051:944058] mca_base_component_repository_open: unable to open mca_osc_ucx: libbfd-2.30-system.so: cannot open shared object file: No such file or directory (ignored)
[n051:944055] mca_base_component_repository_open: unable to open mca_osc_ucx: libbfd-2.30-system.so: cannot open shared object file: No such file or directory (ignored)
[n050:987710] mca_base_component_repository_open: unable to open mca_osc_ucx: libbfd-2.30-system.so: cannot open shared object file: No such file or directory (ignored)
[n051:944048] mca_base_component_repository_open: unable to open mca_osc_ucx: libbfd-2.30-system.so: cannot open shared object file: No such file or directory (ignored)
[n052:942083] mca_base_component_repository_open: unable to open mca_osc_ucx: libbfd-2.30-system.so: cannot open shared object file: No such file or directory (ignored)
[n052:942076] mca_base_component_repository_open: unable to open mca_osc_ucx: libbfd-2.30-system.so: cannot open shared object file: No such file or directory (ignored)
[n050:987700] mca_base_component_repository_open: unable to open mca_osc_ucx: libbfd-2.30-system.so: cannot open shared object file: No such file or directory (ignored)
[n050:987714] mca_base_component_repository_open: unable to open mca_osc_ucx: libbfd-2.30-system.so: cannot open shared object file: No such file or directory (ignored)
[n052:942077] mca_base_component_repository_open: unable to open mca_osc_ucx: libbfd-2.30-system.so: cannot open shared object file: No such file or directory (ignored)
[n052:942078] mca_base_component_repository_open: unable to open mca_osc_ucx: libbfd-2.30-system.so: cannot open shared object file: No such file or directory (ignored)
[n052:942086] mca_base_component_repository_open: unable to open mca_osc_ucx: libbfd-2.30-system.so: cannot open shared object file: No such file or directory (ignored)
[n052:942081] mca_base_component_repository_open: unable to open mca_osc_ucx: libbfd-2.30-system.so: cannot open shared object file: No such file or directory (ignored)
[n052:942087] mca_base_component_repository_open: unable to open mca_osc_ucx: libbfd-2.30-system.so: cannot open shared object file: No such file or directory (ignored)
[n052:942075] mca_base_component_repository_open: unable to open mca_osc_ucx: libbfd-2.30-system.so: cannot open shared object file: No such file or directory (ignored)
[n052:942079] mca_base_component_repository_open: unable to open mca_osc_ucx: libbfd-2.30-system.so: cannot open shared object file: No such file or directory (ignored)
[n052:942088] mca_base_component_repository_open: unable to open mca_osc_ucx: libbfd-2.30-system.so: cannot open shared object file: No such file or directory (ignored)
[n052:942085] mca_base_component_repository_open: unable to open mca_osc_ucx: libbfd-2.30-system.so: cannot open shared object file: No such file or directory (ignored)
[n052:942080] mca_base_component_repository_open: unable to open mca_osc_ucx: libbfd-2.30-system.so: cannot open shared object file: No such file or directory (ignored)
[n052:942084] mca_base_component_repository_open: unable to open mca_osc_ucx: libbfd-2.30-system.so: cannot open shared object file: No such file or directory (ignored)
[n052:942089] mca_base_component_repository_open: unable to open mca_osc_ucx: libbfd-2.30-system.so: cannot open shared object file: No such file or directory (ignored)
[n052:942082] mca_base_component_repository_open: unable to open mca_osc_ucx: libbfd-2.30-system.so: cannot open shared object file: No such file or directory (ignored)
[n052:942090] mca_base_component_repository_open: unable to open mca_osc_ucx: libbfd-2.30-system.so: cannot open shared object file: No such file or directory (ignored)
malloc(): invalid size (unsorted)
[n049:1461555] *** Process received signal ***
[n049:1461555] Signal: Aborted (6)
[n049:1461555] Signal code:  (-6)
malloc(): invalid size (unsorted)
[n049:1461557] *** Process received signal ***
[n049:1461557] Signal: Aborted (6)
[n049:1461557] Signal code:  (-6)
malloc_consolidate(): invalid chunk size
[n049:1461558] *** Process received signal ***
[n049:1461558] Signal: Aborted (6)
[n049:1461558] Signal code:  (-6)
malloc(): invalid size (unsorted)
[n049:1461556] *** Process received signal ***
[n049:1461556] Signal: Aborted (6)
[n049:1461556] Signal code:  (-6)
malloc_consolidate(): invalid chunk size
[n049:1461559] *** Process received signal ***
[n049:1461559] Signal: Aborted (6)
[n049:1461559] Signal code:  (-6)
malloc_consolidate(): invalid chunk size
[n049:1461560] *** Process received signal ***
[n049:1461560] Signal: Aborted (6)
[n049:1461560] Signal code:  (-6)
malloc(): invalid size (unsorted)
[n049:1461562] *** Process received signal ***
[n049:1461562] Signal: Aborted (6)
[n049:1461562] Signal code:  (-6)
malloc(): invalid size (unsorted)
[n049:1461563] *** Process received signal ***
[n049:1461563] Signal: Aborted (6)
[n049:1461563] Signal code:  (-6)
malloc_consolidate(): invalid chunk size
[n049:1461564] *** Process received signal ***
[n049:1461564] Signal: Aborted (6)
[n049:1461564] Signal code:  (-6)
malloc(): invalid size (unsorted)
[n049:1461561] *** Process received signal ***
[n049:1461561] Signal: Aborted (6)
[n049:1461561] Signal code:  (-6)
malloc_consolidate(): invalid chunk size
[n049:1461565] *** Process received signal ***
[n049:1461565] Signal: Aborted (6)
[n049:1461565] Signal code:  (-6)
malloc_consolidate(): invalid chunk size
[n049:1461566] *** Process received signal ***
[n049:1461566] Signal: Aborted (6)
[n049:1461566] Signal code:  (-6)
malloc(): invalid size (unsorted)
[n049:1461567] *** Process received signal ***
[n049:1461567] Signal: Aborted (6)
[n049:1461567] Signal code:  (-6)
malloc(): invalid size (unsorted)
[n049:1461568] *** Process received signal ***
[n049:1461568] Signal: Aborted (6)
[n049:1461568] Signal code:  (-6)
malloc_consolidate(): invalid chunk size
[n049:1461569] *** Process received signal ***
[n049:1461569] Signal: Aborted (6)
[n049:1461569] Signal code:  (-6)
malloc_consolidate(): invalid chunk size
[n050:987700] *** Process received signal ***
[n050:987700] Signal: Aborted (6)
[n050:987700] Signal code:  (-6)
malloc_consolidate(): invalid chunk size
[n050:987701] *** Process received signal ***
[n050:987701] Signal: Aborted (6)
[n050:987701] Signal code:  (-6)
malloc_consolidate(): invalid chunk size
[n050:987702] *** Process received signal ***
[n050:987702] Signal: Aborted (6)
[n050:987702] Signal code:  (-6)
malloc_consolidate(): invalid chunk size
[n050:987703] *** Process received signal ***
[n050:987703] Signal: Aborted (6)
[n050:987703] Signal code:  (-6)
malloc_consolidate(): invalid chunk size
[n050:987704] *** Process received signal ***
[n050:987704] Signal: Aborted (6)
[n050:987704] Signal code:  (-6)
malloc_consolidate(): invalid chunk size
[n050:987705] *** Process received signal ***
[n050:987705] Signal: Aborted (6)
[n050:987705] Signal code:  (-6)
malloc_consolidate(): invalid chunk size
[n050:987706] *** Process received signal ***
[n050:987706] Signal: Aborted (6)
[n050:987706] Signal code:  (-6)
malloc_consolidate(): invalid chunk size
[n050:987707] *** Process received signal ***
[n050:987707] Signal: Aborted (6)
[n050:987707] Signal code:  (-6)
malloc_consolidate(): invalid chunk size
[n050:987708] *** Process received signal ***
[n050:987708] Signal: Aborted (6)
[n050:987708] Signal code:  (-6)
malloc_consolidate(): invalid chunk size
[n050:987709] *** Process received signal ***
[n050:987709] Signal: Aborted (6)
[n050:987709] Signal code:  (-6)
malloc_consolidate(): invalid chunk size
[n050:987710] *** Process received signal ***
[n050:987710] Signal: Aborted (6)
[n050:987710] Signal code:  (-6)
malloc_consolidate(): invalid chunk size
[n050:987711] *** Process received signal ***
[n050:987711] Signal: Aborted (6)
[n050:987711] Signal code:  (-6)
malloc_consolidate(): invalid chunk size
[n050:987712] *** Process received signal ***
[n050:987712] Signal: Aborted (6)
[n050:987712] Signal code:  (-6)
malloc_consolidate(): invalid chunk size
[n050:987713] *** Process received signal ***
[n050:987713] Signal: Aborted (6)
[n050:987713] Signal code:  (-6)
malloc_consolidate(): invalid chunk size
[n050:987714] *** Process received signal ***
[n050:987714] Signal: Aborted (6)
[n050:987714] Signal code:  (-6)
malloc_consolidate(): invalid chunk size
[n050:987715] *** Process received signal ***
[n050:987715] Signal: Aborted (6)
[n050:987715] Signal code:  (-6)
[n050:987715] *** Process received signal ***
[n050:987715] Signal: Segmentation fault (11)
[n050:987715] Signal code:  (128)
[n050:987715] Failing at address: (nil)
[n050:987715] [ 0] /cm/shared/ex3-modules/0.6.1/pkgs/libfabric-1.11.1/lib/libfabric.so.1(+0xcc877)[0x155544ccc877]
[n050:987715] [ 1] /lib/x86_64-linux-gnu/libc.so.6(+0x42520)[0x15555381a520]
[n050:987715] [ 2] /lib64/ld-linux-x86-64.so.2(+0xedf0)[0x155555528df0]
[n050:987715] [ 3] /lib/x86_64-linux-gnu/libc.so.6(_dl_catch_exception+0x88)[0x15555394cc48]
[n050:987715] [ 4] /lib64/ld-linux-x86-64.so.2(+0xdf9a)[0x155555527f9a]
[n050:987715] [ 5] /lib/x86_64-linux-gnu/libc.so.6(_dl_catch_exception+0x88)[0x15555394cc48]
[n050:987715] [ 6] /lib64/ld-linux-x86-64.so.2(+0xe34e)[0x15555552834e]
[n050:987715] [ 7] /lib/x86_64-linux-gnu/libc.so.6(+0x174fb1)[0x15555394cfb1]
[n050:987715] [ 8] /lib/x86_64-linux-gnu/libc.so.6(_dl_catch_exception+0x88)[0x15555394cc48]
[n050:987715] [ 9] /lib/x86_64-linux-gnu/libc.so.6(_dl_catch_error+0x33)[0x15555394cd13]
[n050:987715] [10] /lib/x86_64-linux-gnu/libc.so.6(+0x1750e7)[0x15555394d0e7]
[n050:987715] [11] /lib/x86_64-linux-gnu/libc.so.6(__libc_unwind_link_get+0x51)[0x1555538fd7c1]
[n050:987715] [12] /lib/x86_64-linux-gnu/libc.so.6(__backtrace+0x27)[0x15555390bd27]
[n050:987715] [13] /cm/shared/ex3-modules/0.6.1/pkgs/openmpi-4.0.5/lib/libopen-pal.so.40(opal_backtrace_print+0x41)[0x15555306f561]
[n050:987715] [14] /cm/shared/ex3-modules/0.6.1/pkgs/openmpi-4.0.5/lib/libopen-pal.so.40(+0x6a6b0)[0x15555306a6b0]
[n050:987715] [15] /lib/x86_64-linux-gnu/libc.so.6(+0x42520)[0x15555381a520]
[n050:987715] [16] /lib/x86_64-linux-gnu/libc.so.6(pthread_kill+0x12c)[0x15555386ea7c]
[n050:987715] [17] /lib/x86_64-linux-gnu/libc.so.6(raise+0x16)[0x15555381a476]
[n050:987715] [18] /lib/x86_64-linux-gnu/libc.so.6(abort+0xd3)[0x1555538007f3]
[n050:987715] [19] /lib/x86_64-linux-gnu/libc.so.6(+0x896f6)[0x1555538616f6]
[n050:987715] [20] /lib/x86_64-linux-gnu/libc.so.6(+0xa0d7c)[0x155553878d7c]
[n050:987715] [21] /lib/x86_64-linux-gnu/libc.so.6(+0xa1a28)[0x155553879a28]
[n050:987715] [22] /lib/x86_64-linux-gnu/libc.so.6(+0xa3c5b)[0x15555387bc5b]
[n050:987715] [23] /lib/x86_64-linux-gnu/libc.so.6(malloc+0x99)[0x15555387d1b9]
[n050:987715] [24] /cm/shared/ex3-modules/0.6.1/pkgs/openmpi-4.0.5/lib/libmpi.so.40(ompi_coll_base_reduce_generic+0x507)[0x1555542b10d7]
[n050:987715] [25] /cm/shared/ex3-modules/0.6.1/pkgs/openmpi-4.0.5/lib/libmpi.so.40(ompi_coll_base_reduce_intra_pipeline+0xe2)[0x1555542b1a72]
[n050:987715] [26] /cm/shared/ex3-modules/0.6.1/pkgs/openmpi-4.0.5/lib/openmpi/mca_coll_tuned.so(ompi_coll_tuned_reduce_intra_dec_fixed+0x1cf)[0x155541805bbf]
[n050:987715] [27] /cm/shared/ex3-modules/0.6.1/pkgs/openmpi-4.0.5/lib/libmpi.so.40(MPI_Reduce+0x182)[0x155554288db2]
[n050:987715] [28] build/debug/mat_vec_mult[0x412703]
[n050:987715] [29] build/debug/mat_vec_mult[0x411991]
[n050:987715] *** End of error message ***
malloc_consolidate(): invalid chunk size
[n051:944048] *** Process received signal ***
[n051:944048] Signal: Aborted (6)
[n051:944048] Signal code:  (-6)
malloc_consolidate(): invalid chunk size
[n051:944049] *** Process received signal ***
[n051:944049] Signal: Aborted (6)
[n051:944049] Signal code:  (-6)
malloc_consolidate(): invalid chunk size
[n051:944050] *** Process received signal ***
[n051:944050] Signal: Aborted (6)
[n051:944050] Signal code:  (-6)
malloc_consolidate(): invalid chunk size
[n051:944051] *** Process received signal ***
[n051:944051] Signal: Aborted (6)
[n051:944051] Signal code:  (-6)
malloc_consolidate(): invalid chunk size
[n051:944052] *** Process received signal ***
[n051:944052] Signal: Aborted (6)
[n051:944052] Signal code:  (-6)
malloc_consolidate(): invalid chunk size
[n051:944053] *** Process received signal ***
[n051:944053] Signal: Aborted (6)
[n051:944053] Signal code:  (-6)
malloc_consolidate(): invalid chunk size
[n051:944054] *** Process received signal ***
[n051:944054] Signal: Aborted (6)
[n051:944054] Signal code:  (-6)
malloc_consolidate(): invalid chunk size
[n051:944055] *** Process received signal ***
[n051:944055] Signal: Aborted (6)
[n051:944055] Signal code:  (-6)
malloc_consolidate(): invalid chunk size
[n051:944056] *** Process received signal ***
[n051:944056] Signal: Aborted (6)
[n051:944056] Signal code:  (-6)
malloc_consolidate(): invalid chunk size
[n051:944057] *** Process received signal ***
[n051:944057] Signal: Aborted (6)
[n051:944057] Signal code:  (-6)
malloc_consolidate(): invalid chunk size
[n051:944058] *** Process received signal ***
[n051:944058] Signal: Aborted (6)
[n051:944058] Signal code:  (-6)
malloc_consolidate(): invalid chunk size
[n051:944059] *** Process received signal ***
[n051:944059] Signal: Aborted (6)
[n051:944059] Signal code:  (-6)
malloc_consolidate(): invalid chunk size
[n051:944060] *** Process received signal ***
[n051:944060] Signal: Aborted (6)
[n051:944060] Signal code:  (-6)
malloc_consolidate(): invalid chunk size
[n051:944061] *** Process received signal ***
[n051:944061] Signal: Aborted (6)
[n051:944061] Signal code:  (-6)
malloc_consolidate(): invalid chunk size
[n051:944062] *** Process received signal ***
[n051:944062] Signal: Aborted (6)
[n051:944062] Signal code:  (-6)
malloc_consolidate(): invalid chunk size
[n051:944063] *** Process received signal ***
[n051:944063] Signal: Aborted (6)
[n051:944063] Signal code:  (-6)
malloc_consolidate(): invalid chunk size
[n052:942075] *** Process received signal ***
[n052:942075] Signal: Aborted (6)
[n052:942075] Signal code:  (-6)
malloc_consolidate(): invalid chunk size
[n052:942076] *** Process received signal ***
[n052:942076] Signal: Aborted (6)
[n052:942076] Signal code:  (-6)
malloc_consolidate(): invalid chunk size
[n052:942077] *** Process received signal ***
[n052:942077] Signal: Aborted (6)
[n052:942077] Signal code:  (-6)
malloc_consolidate(): invalid chunk size
[n052:942078] *** Process received signal ***
[n052:942078] Signal: Aborted (6)
[n052:942078] Signal code:  (-6)
malloc_consolidate(): invalid chunk size
[n052:942079] *** Process received signal ***
[n052:942079] Signal: Aborted (6)
[n052:942079] Signal code:  (-6)
malloc_consolidate(): invalid chunk size
[n052:942080] *** Process received signal ***
[n052:942080] Signal: Aborted (6)
[n052:942080] Signal code:  (-6)
malloc_consolidate(): invalid chunk size
[n052:942081] *** Process received signal ***
[n052:942081] Signal: Aborted (6)
[n052:942081] Signal code:  (-6)
malloc(): invalid size (unsorted)
[n052:942082] *** Process received signal ***
[n052:942082] Signal: Aborted (6)
[n052:942082] Signal code:  (-6)
malloc(): invalid size (unsorted)
[n052:942083] *** Process received signal ***
[n052:942083] Signal: Aborted (6)
[n052:942083] Signal code:  (-6)
malloc(): invalid size (unsorted)
[n052:942084] *** Process received signal ***
[n052:942084] Signal: Aborted (6)
[n052:942084] Signal code:  (-6)
malloc(): invalid size (unsorted)
[n052:942085] *** Process received signal ***
[n052:942085] Signal: Aborted (6)
[n052:942085] Signal code:  (-6)
malloc_consolidate(): invalid chunk size
[n052:942086] *** Process received signal ***
[n052:942086] Signal: Aborted (6)
[n052:942086] Signal code:  (-6)
malloc(): invalid size (unsorted)
[n052:942087] *** Process received signal ***
[n052:942087] Signal: Aborted (6)
[n052:942087] Signal code:  (-6)
malloc(): invalid size (unsorted)
[n052:942088] *** Process received signal ***
[n052:942088] Signal: Aborted (6)
[n052:942088] Signal code:  (-6)
malloc_consolidate(): invalid chunk size
[n052:942089] *** Process received signal ***
[n052:942089] Signal: Aborted (6)
[n052:942089] Signal code:  (-6)
[n052:942090] *** Process received signal ***
[n052:942090] Signal: Segmentation fault (11)
[n052:942090] Signal code:  (128)
[n052:942090] Failing at address: (nil)
malloc(): invalid size (unsorted)
[n052:942090] *** Process received signal ***
[n052:942090] Signal: Aborted (6)
[n052:942090] Signal code:  (-6)
[n052:942090] [ 0] /lib/x86_64-linux-gnu/libc.so.6(+0x42520)[0x15555381a520]
[n052:942090] [ 1] /lib/x86_64-linux-gnu/libc.so.6(pthread_kill+0x12c)[0x15555386ea7c]
[n052:942090] [ 2] /lib/x86_64-linux-gnu/libc.so.6(raise+0x16)[0x15555381a476]
[n052:942090] [ 3] /lib/x86_64-linux-gnu/libc.so.6(abort+0xd3)[0x1555538007f3]
[n052:942090] [ 4] /lib/x86_64-linux-gnu/libc.so.6(+0x896f6)[0x1555538616f6]
[n052:942090] [ 5] /lib/x86_64-linux-gnu/libc.so.6(+0xa0d7c)[0x155553878d7c]
[n052:942090] [ 6] /lib/x86_64-linux-gnu/libc.so.6(+0xa415c)[0x15555387c15c]
[n052:942090] [ 7] /lib/x86_64-linux-gnu/libc.so.6(malloc+0x99)[0x15555387d1b9]
[n052:942090] [ 8] /lib64/ld-linux-x86-64.so.2(+0x5a23)[0x15555551fa23]
[n052:942090] [ 9] /lib64/ld-linux-x86-64.so.2(+0xecd0)[0x155555528cd0]
[n052:942090] [10] /lib/x86_64-linux-gnu/libc.so.6(_dl_catch_exception+0x88)[0x15555394cc48]
[n052:942090] [11] /lib64/ld-linux-x86-64.so.2(+0xdf9a)[0x155555527f9a]
[n052:942090] [12] /lib/x86_64-linux-gnu/libc.so.6(_dl_catch_exception+0x88)[0x15555394cc48]
[n052:942090] [13] /lib64/ld-linux-x86-64.so.2(+0xe34e)[0x15555552834e]
[n052:942090] [14] /lib/x86_64-linux-gnu/libc.so.6(+0x174fb1)[0x15555394cfb1]
[n052:942090] [15] /lib/x86_64-linux-gnu/libc.so.6(_dl_catch_exception+0x88)[0x15555394cc48]
[n052:942090] [16] /lib/x86_64-linux-gnu/libc.so.6(_dl_catch_error+0x33)[0x15555394cd13]
[n052:942090] [17] /lib/x86_64-linux-gnu/libc.so.6(+0x1750e7)[0x15555394d0e7]
[n052:942090] [18] /lib/x86_64-linux-gnu/libc.so.6(__libc_unwind_link_get+0x51)[0x1555538fd7c1]
[n052:942090] [19] /lib/x86_64-linux-gnu/libc.so.6(__backtrace+0x27)[0x15555390bd27]
[n052:942090] [20] /cm/shared/ex3-modules/0.6.1/pkgs/openmpi-4.0.5/lib/libopen-pal.so.40(opal_backtrace_print+0x41)[0x15555306f561]
[n052:942090] [21] /cm/shared/ex3-modules/0.6.1/pkgs/openmpi-4.0.5/lib/libopen-pal.so.40(+0x6a6b0)[0x15555306a6b0]
[n052:942090] [22] /cm/shared/ex3-modules/0.6.1/pkgs/libfabric-1.11.1/lib/libfabric.so.1(+0xcc877)[0x155544ccc877]
[n052:942090] [23] /lib/x86_64-linux-gnu/libc.so.6(+0x42520)[0x15555381a520]
[n052:942090] [24] /cm/shared/ex3-modules/0.6.1/pkgs/openmpi-4.0.5/lib/openmpi/mca_mtl_ofi.so(+0x20d3)[0x1555450020d3]
[n052:942090] [25] /cm/shared/ex3-modules/0.6.1/pkgs/openmpi-4.0.5/lib/openmpi/mca_pml_cm.so(+0x3f19)[0x155546003f19]
[n052:942090] [26] /cm/shared/ex3-modules/0.6.1/pkgs/openmpi-4.0.5/lib/libmpi.so.40(ompi_coll_base_reduce_generic+0x7b1)[0x1555542b1381]
[n052:942090] [27] /cm/shared/ex3-modules/0.6.1/pkgs/openmpi-4.0.5/lib/libmpi.so.40(ompi_coll_base_reduce_intra_pipeline+0xe2)[0x1555542b1a72]
[n052:942090] [28] /cm/shared/ex3-modules/0.6.1/pkgs/openmpi-4.0.5/lib/openmpi/mca_coll_tuned.so(ompi_coll_tuned_reduce_intra_dec_fixed+0x1cf)[0x155541805bbf]
[n052:942090] [29] /cm/shared/ex3-modules/0.6.1/pkgs/openmpi-4.0.5/lib/libmpi.so.40(MPI_Reduce+0x182)[0x155554288db2]
[n052:942090] *** End of error message ***
[n049:1461554] *** Process received signal ***
[n049:1461554] Signal: Segmentation fault (11)
[n049:1461554] Signal code:  (128)
[n049:1461554] Failing at address: (nil)
[n049:1461554] [ 0] /cm/shared/ex3-modules/0.6.1/pkgs/libfabric-1.11.1/lib/libfabric.so.1(+0xcc877)[0x155544ccc877]
[n049:1461554] [ 1] /lib/x86_64-linux-gnu/libc.so.6(+0x42520)[0x15555381a520]
[n049:1461554] [ 2] /cm/shared/ex3-modules/0.6.1/pkgs/rdma-core-31.0/lib/libibverbs/libmlx5-rdmav25.so(+0x1544d)[0x15553e01544d]
[n049:1461554] [ 3] /cm/shared/ex3-modules/0.6.1/pkgs/libfabric-1.11.1/lib/libfabric.so.1(+0x69a1b)[0x155544c69a1b]
[n049:1461554] [ 4] /cm/shared/ex3-modules/0.6.1/pkgs/libfabric-1.11.1/lib/libfabric.so.1(+0x6a0c2)[0x155544c6a0c2]
[n049:1461554] [ 5] /cm/shared/ex3-modules/0.6.1/pkgs/libfabric-1.11.1/lib/libfabric.so.1(+0x6a4c5)[0x155544c6a4c5]
[n049:1461554] [ 6] /cm/shared/ex3-modules/0.6.1/pkgs/libfabric-1.11.1/lib/libfabric.so.1(+0x98fb9)[0x155544c98fb9]
[n049:1461554] [ 7] /cm/shared/ex3-modules/0.6.1/pkgs/libfabric-1.11.1/lib/libfabric.so.1(+0x9ecae)[0x155544c9ecae]
[n049:1461554] [ 8] /cm/shared/ex3-modules/0.6.1/pkgs/libfabric-1.11.1/lib/libfabric.so.1(+0x9ee87)[0x155544c9ee87]
[n049:1461554] [ 9] /cm/shared/ex3-modules/0.6.1/pkgs/libfabric-1.11.1/lib/libfabric.so.1(+0x49505)[0x155544c49505]
[n049:1461554] [10] /cm/shared/ex3-modules/0.6.1/pkgs/libfabric-1.11.1/lib/libfabric.so.1(+0x48734)[0x155544c48734]
[n049:1461554] [11] /cm/shared/ex3-modules/0.6.1/pkgs/libfabric-1.11.1/lib/libfabric.so.1(+0x48a24)[0x155544c48a24]
[n049:1461554] [12] /cm/shared/ex3-modules/0.6.1/pkgs/openmpi-4.0.5/lib/openmpi/mca_mtl_ofi.so(ompi_mtl_ofi_progress_no_inline+0x66)[0x155545006286]
[n049:1461554] [13] /cm/shared/ex3-modules/0.6.1/pkgs/openmpi-4.0.5/lib/libopen-pal.so.40(opal_progress+0x2c)[0x15555302cfac]
[n049:1461554] [14] /cm/shared/ex3-modules/0.6.1/pkgs/openmpi-4.0.5/lib/libmpi.so.40(ompi_request_default_wait+0x105)[0x155554252295]
[n049:1461554] [15] /cm/shared/ex3-modules/0.6.1/pkgs/openmpi-4.0.5/lib/libmpi.so.40(ompi_coll_base_reduce_generic+0x399)[0x1555542b0f69]
[n049:1461554] [16] /cm/shared/ex3-modules/0.6.1/pkgs/openmpi-4.0.5/lib/libmpi.so.40(ompi_coll_base_reduce_intra_pipeline+0xe2)[0x1555542b1a72]
[n049:1461554] [17] /cm/shared/ex3-modules/0.6.1/pkgs/openmpi-4.0.5/lib/openmpi/mca_coll_tuned.so(ompi_coll_tuned_reduce_intra_dec_fixed+0x1cf)[0x155541805bbf]
[n049:1461554] [18] /cm/shared/ex3-modules/0.6.1/pkgs/openmpi-4.0.5/lib/libmpi.so.40(MPI_Reduce+0x182)[0x155554288db2]
[n049:1461554] [19] build/debug/mat_vec_mult[0x41262f]
[n049:1461554] [20] build/debug/mat_vec_mult[0x411979]
[n049:1461554] [21] build/debug/mat_vec_mult[0x40c14a]
[n049:1461554] [22] build/debug/mat_vec_mult[0x40cf65]
[n049:1461554] [23] /lib/x86_64-linux-gnu/libc.so.6(+0x29d90)[0x155553801d90]
[n049:1461554] [24] /lib/x86_64-linux-gnu/libc.so.6(__libc_start_main+0x80)[0x155553801e40]
[n049:1461554] [25] build/debug/mat_vec_mult[0x40bd35]
[n049:1461554] *** End of error message ***
srun: error: n050: task 31: Segmentation fault (core dumped)
srun: error: n052: task 63: Aborted (core dumped)
srun: error: n049: task 0: Segmentation fault (core dumped)
srun: Job step aborted: Waiting up to 32 seconds for job step to finish.
slurmstepd: error: *** JOB 9056 ON n049 CANCELLED AT 2023-09-29T10:36:43 ***
slurmstepd: error: *** STEP 9056.0 ON n049 CANCELLED AT 2023-09-29T10:36:43 ***
