[n049:1462082] mca_base_component_repository_open: unable to open mca_pml_ucx: libbfd-2.30-system.so: cannot open shared object file: No such file or directory (ignored)
[n049:1462089] mca_base_component_repository_open: unable to open mca_pml_ucx: libbfd-2.30-system.so: cannot open shared object file: No such file or directory (ignored)
[n049:1462086] mca_base_component_repository_open: unable to open mca_pml_ucx: libbfd-2.30-system.so: cannot open shared object file: No such file or directory (ignored)
[n049:1462091] mca_base_component_repository_open: unable to open mca_pml_ucx: libbfd-2.30-system.so: cannot open shared object file: No such file or directory (ignored)
[n049:1462088] mca_base_component_repository_open: unable to open mca_pml_ucx: libbfd-2.30-system.so: cannot open shared object file: No such file or directory (ignored)
[n050:988147] mca_base_component_repository_open: unable to open mca_pml_ucx: libbfd-2.30-system.so: cannot open shared object file: No such file or directory (ignored)
[n049:1462080] mca_base_component_repository_open: unable to open mca_pml_ucx: libbfd-2.30-system.so: cannot open shared object file: No such file or directory (ignored)
[n049:1462077] mca_base_component_repository_open: unable to open mca_pml_ucx: libbfd-2.30-system.so: cannot open shared object file: No such file or directory (ignored)
[n049:1462083] mca_base_component_repository_open: unable to open mca_pml_ucx: libbfd-2.30-system.so: cannot open shared object file: No such file or directory (ignored)
[n049:1462079] mca_base_component_repository_open: unable to open mca_pml_ucx: libbfd-2.30-system.so: cannot open shared object file: No such file or directory (ignored)
[n049:1462092] mca_base_component_repository_open: unable to open mca_pml_ucx: libbfd-2.30-system.so: cannot open shared object file: No such file or directory (ignored)
[n052:942516] mca_base_component_repository_open: unable to open mca_pml_ucx: libbfd-2.30-system.so: cannot open shared object file: No such file or directory (ignored)
[n049:1462090] mca_base_component_repository_open: unable to open mca_pml_ucx: libbfd-2.30-system.so: cannot open shared object file: No such file or directory (ignored)
[n051:944465] mca_base_component_repository_open: unable to open mca_pml_ucx: libbfd-2.30-system.so: cannot open shared object file: No such file or directory (ignored)
[n050:988144] mca_base_component_repository_open: unable to open mca_pml_ucx: libbfd-2.30-system.so: cannot open shared object file: No such file or directory (ignored)
[n050:988150] mca_base_component_repository_open: unable to open mca_pml_ucx: libbfd-2.30-system.so: cannot open shared object file: No such file or directory (ignored)
[n050:988139] mca_base_component_repository_open: unable to open mca_pml_ucx: libbfd-2.30-system.so: cannot open shared object file: No such file or directory (ignored)
[n050:988138] mca_base_component_repository_open: unable to open mca_pml_ucx: libbfd-2.30-system.so: cannot open shared object file: No such file or directory (ignored)
[n050:988143] mca_base_component_repository_open: unable to open mca_pml_ucx: libbfd-2.30-system.so: cannot open shared object file: No such file or directory (ignored)
[n050:988142] mca_base_component_repository_open: unable to open mca_pml_ucx: libbfd-2.30-system.so: cannot open shared object file: No such file or directory (ignored)
[n050:988149] mca_base_component_repository_open: unable to open mca_pml_ucx: libbfd-2.30-system.so: cannot open shared object file: No such file or directory (ignored)
[n050:988148] mca_base_component_repository_open: unable to open mca_pml_ucx: libbfd-2.30-system.so: cannot open shared object file: No such file or directory (ignored)
[n050:988146] mca_base_component_repository_open: unable to open mca_pml_ucx: libbfd-2.30-system.so: cannot open shared object file: No such file or directory (ignored)
[n049:1462078] mca_base_component_repository_open: unable to open mca_pml_ucx: libbfd-2.30-system.so: cannot open shared object file: No such file or directory (ignored)
[n049:1462084] mca_base_component_repository_open: unable to open mca_pml_ucx: libbfd-2.30-system.so: cannot open shared object file: No such file or directory (ignored)
[n049:1462087] mca_base_component_repository_open: unable to open mca_pml_ucx: libbfd-2.30-system.so: cannot open shared object file: No such file or directory (ignored)
[n049:1462085] mca_base_component_repository_open: unable to open mca_pml_ucx: libbfd-2.30-system.so: cannot open shared object file: No such file or directory (ignored)
[n049:1462081] mca_base_component_repository_open: unable to open mca_pml_ucx: libbfd-2.30-system.so: cannot open shared object file: No such file or directory (ignored)
[n052:942518] mca_base_component_repository_open: unable to open mca_pml_ucx: libbfd-2.30-system.so: cannot open shared object file: No such file or directory (ignored)
[n052:942507] mca_base_component_repository_open: unable to open mca_pml_ucx: libbfd-2.30-system.so: cannot open shared object file: No such file or directory (ignored)
[n052:942514] mca_base_component_repository_open: unable to open mca_pml_ucx: libbfd-2.30-system.so: cannot open shared object file: No such file or directory (ignored)
[n052:942510] mca_base_component_repository_open: unable to open mca_pml_ucx: libbfd-2.30-system.so: cannot open shared object file: No such file or directory (ignored)
[n052:942515] mca_base_component_repository_open: unable to open mca_pml_ucx: libbfd-2.30-system.so: cannot open shared object file: No such file or directory (ignored)
[n052:942517] mca_base_component_repository_open: unable to open mca_pml_ucx: libbfd-2.30-system.so: cannot open shared object file: No such file or directory (ignored)
[n052:942504] mca_base_component_repository_open: unable to open mca_pml_ucx: libbfd-2.30-system.so: cannot open shared object file: No such file or directory (ignored)
[n052:942508] mca_base_component_repository_open: unable to open mca_pml_ucx: libbfd-2.30-system.so: cannot open shared object file: No such file or directory (ignored)
[n052:942506] mca_base_component_repository_open: unable to open mca_pml_ucx: libbfd-2.30-system.so: cannot open shared object file: No such file or directory (ignored)
[n051:944467] mca_base_component_repository_open: unable to open mca_pml_ucx: libbfd-2.30-system.so: cannot open shared object file: No such file or directory (ignored)
[n051:944466] mca_base_component_repository_open: unable to open mca_pml_ucx: libbfd-2.30-system.so: cannot open shared object file: No such file or directory (ignored)
[n051:944480] mca_base_component_repository_open: unable to open mca_pml_ucx: libbfd-2.30-system.so: cannot open shared object file: No such file or directory (ignored)
[n051:944475] mca_base_component_repository_open: unable to open mca_pml_ucx: libbfd-2.30-system.so: cannot open shared object file: No such file or directory (ignored)
[n051:944469] mca_base_component_repository_open: unable to open mca_pml_ucx: libbfd-2.30-system.so: cannot open shared object file: No such file or directory (ignored)
[n051:944473] mca_base_component_repository_open: unable to open mca_pml_ucx: libbfd-2.30-system.so: cannot open shared object file: No such file or directory (ignored)
[n051:944470] mca_base_component_repository_open: unable to open mca_pml_ucx: libbfd-2.30-system.so: cannot open shared object file: No such file or directory (ignored)
[n051:944474] mca_base_component_repository_open: unable to open mca_pml_ucx: libbfd-2.30-system.so: cannot open shared object file: No such file or directory (ignored)
[n051:944471] mca_base_component_repository_open: unable to open mca_pml_ucx: libbfd-2.30-system.so: cannot open shared object file: No such file or directory (ignored)
[n050:988141] mca_base_component_repository_open: unable to open mca_pml_ucx: libbfd-2.30-system.so: cannot open shared object file: No such file or directory (ignored)
[n050:988153] mca_base_component_repository_open: unable to open mca_pml_ucx: libbfd-2.30-system.so: cannot open shared object file: No such file or directory (ignored)
[n050:988152] mca_base_component_repository_open: unable to open mca_pml_ucx: libbfd-2.30-system.so: cannot open shared object file: No such file or directory (ignored)
[n050:988151] mca_base_component_repository_open: unable to open mca_pml_ucx: libbfd-2.30-system.so: cannot open shared object file: No such file or directory (ignored)
[n050:988145] mca_base_component_repository_open: unable to open mca_pml_ucx: libbfd-2.30-system.so: cannot open shared object file: No such file or directory (ignored)
[n050:988140] mca_base_component_repository_open: unable to open mca_pml_ucx: libbfd-2.30-system.so: cannot open shared object file: No such file or directory (ignored)
[n049:1462089] mca_base_component_repository_open: unable to open mca_osc_ucx: libbfd-2.30-system.so: cannot open shared object file: No such file or directory (ignored)
[n049:1462086] mca_base_component_repository_open: unable to open mca_osc_ucx: libbfd-2.30-system.so: cannot open shared object file: No such file or directory (ignored)
[n049:1462082] mca_base_component_repository_open: unable to open mca_osc_ucx: libbfd-2.30-system.so: cannot open shared object file: No such file or directory (ignored)
[n052:942511] mca_base_component_repository_open: unable to open mca_pml_ucx: libbfd-2.30-system.so: cannot open shared object file: No such file or directory (ignored)
[n052:942503] mca_base_component_repository_open: unable to open mca_pml_ucx: libbfd-2.30-system.so: cannot open shared object file: No such file or directory (ignored)
[n052:942512] mca_base_component_repository_open: unable to open mca_pml_ucx: libbfd-2.30-system.so: cannot open shared object file: No such file or directory (ignored)
[n052:942505] mca_base_component_repository_open: unable to open mca_pml_ucx: libbfd-2.30-system.so: cannot open shared object file: No such file or directory (ignored)
[n052:942513] mca_base_component_repository_open: unable to open mca_pml_ucx: libbfd-2.30-system.so: cannot open shared object file: No such file or directory (ignored)
[n052:942509] mca_base_component_repository_open: unable to open mca_pml_ucx: libbfd-2.30-system.so: cannot open shared object file: No such file or directory (ignored)
[n051:944478] mca_base_component_repository_open: unable to open mca_pml_ucx: libbfd-2.30-system.so: cannot open shared object file: No such file or directory (ignored)
[n051:944468] mca_base_component_repository_open: unable to open mca_pml_ucx: libbfd-2.30-system.so: cannot open shared object file: No such file or directory (ignored)
[n051:944477] mca_base_component_repository_open: unable to open mca_pml_ucx: libbfd-2.30-system.so: cannot open shared object file: No such file or directory (ignored)
[n051:944479] mca_base_component_repository_open: unable to open mca_pml_ucx: libbfd-2.30-system.so: cannot open shared object file: No such file or directory (ignored)
[n051:944472] mca_base_component_repository_open: unable to open mca_pml_ucx: libbfd-2.30-system.so: cannot open shared object file: No such file or directory (ignored)
[n051:944476] mca_base_component_repository_open: unable to open mca_pml_ucx: libbfd-2.30-system.so: cannot open shared object file: No such file or directory (ignored)
[n049:1462088] mca_base_component_repository_open: unable to open mca_osc_ucx: libbfd-2.30-system.so: cannot open shared object file: No such file or directory (ignored)
[n049:1462091] mca_base_component_repository_open: unable to open mca_osc_ucx: libbfd-2.30-system.so: cannot open shared object file: No such file or directory (ignored)
[n050:988147] mca_base_component_repository_open: unable to open mca_osc_ucx: libbfd-2.30-system.so: cannot open shared object file: No such file or directory (ignored)
[n050:988144] mca_base_component_repository_open: unable to open mca_osc_ucx: libbfd-2.30-system.so: cannot open shared object file: No such file or directory (ignored)
[n049:1462080] mca_base_component_repository_open: unable to open mca_osc_ucx: libbfd-2.30-system.so: cannot open shared object file: No such file or directory (ignored)
[n050:988150] mca_base_component_repository_open: unable to open mca_osc_ucx: libbfd-2.30-system.so: cannot open shared object file: No such file or directory (ignored)
[n049:1462077] mca_base_component_repository_open: unable to open mca_osc_ucx: libbfd-2.30-system.so: cannot open shared object file: No such file or directory (ignored)
[n050:988139] mca_base_component_repository_open: unable to open mca_osc_ucx: libbfd-2.30-system.so: cannot open shared object file: No such file or directory (ignored)
[n049:1462083] mca_base_component_repository_open: unable to open mca_osc_ucx: libbfd-2.30-system.so: cannot open shared object file: No such file or directory (ignored)
[n049:1462079] mca_base_component_repository_open: unable to open mca_osc_ucx: libbfd-2.30-system.so: cannot open shared object file: No such file or directory (ignored)
[n050:988138] mca_base_component_repository_open: unable to open mca_osc_ucx: libbfd-2.30-system.so: cannot open shared object file: No such file or directory (ignored)
[n049:1462092] mca_base_component_repository_open: unable to open mca_osc_ucx: libbfd-2.30-system.so: cannot open shared object file: No such file or directory (ignored)
[n050:988143] mca_base_component_repository_open: unable to open mca_osc_ucx: libbfd-2.30-system.so: cannot open shared object file: No such file or directory (ignored)
[n049:1462090] mca_base_component_repository_open: unable to open mca_osc_ucx: libbfd-2.30-system.so: cannot open shared object file: No such file or directory (ignored)
[n050:988142] mca_base_component_repository_open: unable to open mca_osc_ucx: libbfd-2.30-system.so: cannot open shared object file: No such file or directory (ignored)
[n052:942507] mca_base_component_repository_open: unable to open mca_osc_ucx: libbfd-2.30-system.so: cannot open shared object file: No such file or directory (ignored)
[n052:942516] mca_base_component_repository_open: unable to open mca_osc_ucx: libbfd-2.30-system.so: cannot open shared object file: No such file or directory (ignored)
[n052:942518] mca_base_component_repository_open: unable to open mca_osc_ucx: libbfd-2.30-system.so: cannot open shared object file: No such file or directory (ignored)
[n052:942514] mca_base_component_repository_open: unable to open mca_osc_ucx: libbfd-2.30-system.so: cannot open shared object file: No such file or directory (ignored)
[n050:988149] mca_base_component_repository_open: unable to open mca_osc_ucx: libbfd-2.30-system.so: cannot open shared object file: No such file or directory (ignored)
[n050:988148] mca_base_component_repository_open: unable to open mca_osc_ucx: libbfd-2.30-system.so: cannot open shared object file: No such file or directory (ignored)
[n052:942515] mca_base_component_repository_open: unable to open mca_osc_ucx: libbfd-2.30-system.so: cannot open shared object file: No such file or directory (ignored)
[n052:942510] mca_base_component_repository_open: unable to open mca_osc_ucx: libbfd-2.30-system.so: cannot open shared object file: No such file or directory (ignored)
[n050:988146] mca_base_component_repository_open: unable to open mca_osc_ucx: libbfd-2.30-system.so: cannot open shared object file: No such file or directory (ignored)
[n051:944466] mca_base_component_repository_open: unable to open mca_osc_ucx: libbfd-2.30-system.so: cannot open shared object file: No such file or directory (ignored)
[n051:944465] mca_base_component_repository_open: unable to open mca_osc_ucx: libbfd-2.30-system.so: cannot open shared object file: No such file or directory (ignored)
[n049:1462078] mca_base_component_repository_open: unable to open mca_osc_ucx: libbfd-2.30-system.so: cannot open shared object file: No such file or directory (ignored)
[n050:988141] mca_base_component_repository_open: unable to open mca_osc_ucx: libbfd-2.30-system.so: cannot open shared object file: No such file or directory (ignored)
[n051:944467] mca_base_component_repository_open: unable to open mca_osc_ucx: libbfd-2.30-system.so: cannot open shared object file: No such file or directory (ignored)
[n049:1462084] mca_base_component_repository_open: unable to open mca_osc_ucx: libbfd-2.30-system.so: cannot open shared object file: No such file or directory (ignored)
[n049:1462085] mca_base_component_repository_open: unable to open mca_osc_ucx: libbfd-2.30-system.so: cannot open shared object file: No such file or directory (ignored)
[n049:1462087] mca_base_component_repository_open: unable to open mca_osc_ucx: libbfd-2.30-system.so: cannot open shared object file: No such file or directory (ignored)
[n051:944480] mca_base_component_repository_open: unable to open mca_osc_ucx: libbfd-2.30-system.so: cannot open shared object file: No such file or directory (ignored)
[n050:988153] mca_base_component_repository_open: unable to open mca_osc_ucx: libbfd-2.30-system.so: cannot open shared object file: No such file or directory (ignored)
[n049:1462081] mca_base_component_repository_open: unable to open mca_osc_ucx: libbfd-2.30-system.so: cannot open shared object file: No such file or directory (ignored)
[n050:988152] mca_base_component_repository_open: unable to open mca_osc_ucx: libbfd-2.30-system.so: cannot open shared object file: No such file or directory (ignored)
[n051:944469] mca_base_component_repository_open: unable to open mca_osc_ucx: libbfd-2.30-system.so: cannot open shared object file: No such file or directory (ignored)
[n050:988151] mca_base_component_repository_open: unable to open mca_osc_ucx: libbfd-2.30-system.so: cannot open shared object file: No such file or directory (ignored)
[n051:944475] mca_base_component_repository_open: unable to open mca_osc_ucx: libbfd-2.30-system.so: cannot open shared object file: No such file or directory (ignored)
[n052:942504] mca_base_component_repository_open: unable to open mca_osc_ucx: libbfd-2.30-system.so: cannot open shared object file: No such file or directory (ignored)
[n052:942517] mca_base_component_repository_open: unable to open mca_osc_ucx: libbfd-2.30-system.so: cannot open shared object file: No such file or directory (ignored)
[n051:944470] mca_base_component_repository_open: unable to open mca_osc_ucx: libbfd-2.30-system.so: cannot open shared object file: No such file or directory (ignored)
[n051:944473] mca_base_component_repository_open: unable to open mca_osc_ucx: libbfd-2.30-system.so: cannot open shared object file: No such file or directory (ignored)
[n050:988145] mca_base_component_repository_open: unable to open mca_osc_ucx: libbfd-2.30-system.so: cannot open shared object file: No such file or directory (ignored)
[n050:988140] mca_base_component_repository_open: unable to open mca_osc_ucx: libbfd-2.30-system.so: cannot open shared object file: No such file or directory (ignored)
[n052:942508] mca_base_component_repository_open: unable to open mca_osc_ucx: libbfd-2.30-system.so: cannot open shared object file: No such file or directory (ignored)
[n051:944474] mca_base_component_repository_open: unable to open mca_osc_ucx: libbfd-2.30-system.so: cannot open shared object file: No such file or directory (ignored)
[n052:942506] mca_base_component_repository_open: unable to open mca_osc_ucx: libbfd-2.30-system.so: cannot open shared object file: No such file or directory (ignored)
[n052:942511] mca_base_component_repository_open: unable to open mca_osc_ucx: libbfd-2.30-system.so: cannot open shared object file: No such file or directory (ignored)
[n051:944471] mca_base_component_repository_open: unable to open mca_osc_ucx: libbfd-2.30-system.so: cannot open shared object file: No such file or directory (ignored)
[n051:944478] mca_base_component_repository_open: unable to open mca_osc_ucx: libbfd-2.30-system.so: cannot open shared object file: No such file or directory (ignored)
[n052:942503] mca_base_component_repository_open: unable to open mca_osc_ucx: libbfd-2.30-system.so: cannot open shared object file: No such file or directory (ignored)
[n051:944468] mca_base_component_repository_open: unable to open mca_osc_ucx: libbfd-2.30-system.so: cannot open shared object file: No such file or directory (ignored)
[n051:944477] mca_base_component_repository_open: unable to open mca_osc_ucx: libbfd-2.30-system.so: cannot open shared object file: No such file or directory (ignored)
[n052:942512] mca_base_component_repository_open: unable to open mca_osc_ucx: libbfd-2.30-system.so: cannot open shared object file: No such file or directory (ignored)
[n052:942505] mca_base_component_repository_open: unable to open mca_osc_ucx: libbfd-2.30-system.so: cannot open shared object file: No such file or directory (ignored)
[n051:944479] mca_base_component_repository_open: unable to open mca_osc_ucx: libbfd-2.30-system.so: cannot open shared object file: No such file or directory (ignored)
[n052:942513] mca_base_component_repository_open: unable to open mca_osc_ucx: libbfd-2.30-system.so: cannot open shared object file: No such file or directory (ignored)
[n051:944472] mca_base_component_repository_open: unable to open mca_osc_ucx: libbfd-2.30-system.so: cannot open shared object file: No such file or directory (ignored)
[n052:942509] mca_base_component_repository_open: unable to open mca_osc_ucx: libbfd-2.30-system.so: cannot open shared object file: No such file or directory (ignored)
[n051:944476] mca_base_component_repository_open: unable to open mca_osc_ucx: libbfd-2.30-system.so: cannot open shared object file: No such file or directory (ignored)
malloc_consolidate(): invalid chunk size
[n049:1462078] *** Process received signal ***
[n049:1462078] Signal: Aborted (6)
[n049:1462078] Signal code:  (-6)
malloc_consolidate(): invalid chunk size
[n049:1462079] *** Process received signal ***
[n049:1462079] Signal: Aborted (6)
[n049:1462079] Signal code:  (-6)
malloc(): invalid size (unsorted)
[n049:1462080] *** Process received signal ***
[n049:1462080] Signal: Aborted (6)
[n049:1462080] Signal code:  (-6)
malloc_consolidate(): invalid chunk size
[n049:1462081] *** Process received signal ***
[n049:1462081] Signal: Aborted (6)
[n049:1462081] Signal code:  (-6)
malloc_consolidate(): invalid chunk size
[n049:1462082] *** Process received signal ***
[n049:1462082] Signal: Aborted (6)
[n049:1462082] Signal code:  (-6)
malloc(): invalid size (unsorted)
[n049:1462083] *** Process received signal ***
[n049:1462083] Signal: Aborted (6)
[n049:1462083] Signal code:  (-6)
malloc(): invalid size (unsorted)
[n049:1462084] *** Process received signal ***
[n049:1462084] Signal: Aborted (6)
[n049:1462084] Signal code:  (-6)
malloc(): invalid size (unsorted)
[n049:1462085] *** Process received signal ***
[n049:1462085] Signal: Aborted (6)
[n049:1462085] Signal code:  (-6)
malloc(): invalid size (unsorted)
[n049:1462086] *** Process received signal ***
[n049:1462086] Signal: Aborted (6)
[n049:1462086] Signal code:  (-6)
malloc_consolidate(): invalid chunk size
[n049:1462087] *** Process received signal ***
[n049:1462087] Signal: Aborted (6)
[n049:1462087] Signal code:  (-6)
malloc_consolidate(): invalid chunk size
[n049:1462088] *** Process received signal ***
[n049:1462088] Signal: Aborted (6)
[n049:1462088] Signal code:  (-6)
malloc_consolidate(): invalid chunk size
[n049:1462089] *** Process received signal ***
[n049:1462089] Signal: Aborted (6)
[n049:1462089] Signal code:  (-6)
malloc(): invalid size (unsorted)
[n049:1462090] *** Process received signal ***
[n049:1462090] Signal: Aborted (6)
[n049:1462090] Signal code:  (-6)
malloc(): invalid size (unsorted)
[n049:1462091] *** Process received signal ***
[n049:1462091] Signal: Aborted (6)
[n049:1462091] Signal code:  (-6)
malloc(): invalid size (unsorted)
[n049:1462092] *** Process received signal ***
[n049:1462092] Signal: Aborted (6)
[n049:1462092] Signal code:  (-6)
malloc_consolidate(): invalid chunk size
[n050:988138] *** Process received signal ***
[n050:988138] Signal: Aborted (6)
[n050:988138] Signal code:  (-6)
[n050:988138] *** Process received signal ***
[n050:988138] Signal: Segmentation fault (11)
[n050:988138] Signal code:  (128)
[n050:988138] Failing at address: (nil)
[n050:988138] [ 0] /cm/shared/ex3-modules/0.6.1/pkgs/libfabric-1.11.1/lib/libfabric.so.1(+0xcc877)[0x155544ccc877]
[n050:988138] [ 1] /lib/x86_64-linux-gnu/libc.so.6(+0x42520)[0x15555381a520]
[n050:988138] [ 2] /lib64/ld-linux-x86-64.so.2(+0xedf0)[0x155555528df0]
[n050:988138] [ 3] /lib/x86_64-linux-gnu/libc.so.6(_dl_catch_exception+0x88)[0x15555394cc48]
[n050:988138] [ 4] /lib64/ld-linux-x86-64.so.2(+0xdf9a)[0x155555527f9a]
[n050:988138] [ 5] /lib/x86_64-linux-gnu/libc.so.6(_dl_catch_exception+0x88)[0x15555394cc48]
[n050:988138] [ 6] /lib64/ld-linux-x86-64.so.2(+0xe34e)[0x15555552834e]
[n050:988138] [ 7] /lib/x86_64-linux-gnu/libc.so.6(+0x174fb1)[0x15555394cfb1]
[n050:988138] [ 8] /lib/x86_64-linux-gnu/libc.so.6(_dl_catch_exception+0x88)[0x15555394cc48]
[n050:988138] [ 9] /lib/x86_64-linux-gnu/libc.so.6(_dl_catch_error+0x33)[0x15555394cd13]
[n050:988138] [10] /lib/x86_64-linux-gnu/libc.so.6(+0x1750e7)[0x15555394d0e7]
[n050:988138] [11] /lib/x86_64-linux-gnu/libc.so.6(__libc_unwind_link_get+0x51)[0x1555538fd7c1]
[n050:988138] [12] /lib/x86_64-linux-gnu/libc.so.6(__backtrace+0x27)[0x15555390bd27]
[n050:988138] [13] /cm/shared/ex3-modules/0.6.1/pkgs/openmpi-4.0.5/lib/libopen-pal.so.40(opal_backtrace_print+0x41)[0x15555306f561]
[n050:988138] [14] /cm/shared/ex3-modules/0.6.1/pkgs/openmpi-4.0.5/lib/libopen-pal.so.40(+0x6a6b0)[0x15555306a6b0]
[n050:988138] [15] /lib/x86_64-linux-gnu/libc.so.6(+0x42520)[0x15555381a520]
[n050:988138] [16] /lib/x86_64-linux-gnu/libc.so.6(pthread_kill+0x12c)[0x15555386ea7c]
[n050:988138] [17] /lib/x86_64-linux-gnu/libc.so.6(raise+0x16)[0x15555381a476]
[n050:988138] [18] /lib/x86_64-linux-gnu/libc.so.6(abort+0xd3)[0x1555538007f3]
[n050:988138] [19] /lib/x86_64-linux-gnu/libc.so.6(+0x896f6)[0x1555538616f6]
[n050:988138] [20] /lib/x86_64-linux-gnu/libc.so.6(+0xa0d7c)[0x155553878d7c]
[n050:988138] [21] /lib/x86_64-linux-gnu/libc.so.6(+0xa1a28)[0x155553879a28]
[n050:988138] [22] /lib/x86_64-linux-gnu/libc.so.6(+0xa3c5b)[0x15555387bc5b]
[n050:988138] [23] /lib/x86_64-linux-gnu/libc.so.6(malloc+0x99)[0x15555387d1b9]
[n050:988138] [24] /cm/shared/ex3-modules/0.6.1/pkgs/openmpi-4.0.5/lib/libmpi.so.40(ompi_coll_base_reduce_generic+0x507)[0x1555542b10d7]
[n050:988138] [25] /cm/shared/ex3-modules/0.6.1/pkgs/openmpi-4.0.5/lib/libmpi.so.40(ompi_coll_base_reduce_intra_pipeline+0xe2)[0x1555542b1a72]
[n050:988138] [26] /cm/shared/ex3-modules/0.6.1/pkgs/openmpi-4.0.5/lib/openmpi/mca_coll_tuned.so(ompi_coll_tuned_reduce_intra_dec_fixed+0x1cf)[0x155541805bbf]
[n050:988138] [27] /cm/shared/ex3-modules/0.6.1/pkgs/openmpi-4.0.5/lib/libmpi.so.40(MPI_Reduce+0x182)[0x155554288db2]
[n050:988138] [28] build/debug/mat_vec_mult[0x412721]
[n050:988138] [29] build/debug/mat_vec_mult[0x4119af]
[n050:988138] *** End of error message ***
malloc_consolidate(): invalid chunk size
[n050:988139] *** Process received signal ***
[n050:988139] Signal: Aborted (6)
[n050:988139] Signal code:  (-6)
malloc_consolidate(): invalid chunk size
[n050:988140] *** Process received signal ***
[n050:988140] Signal: Aborted (6)
[n050:988140] Signal code:  (-6)
malloc_consolidate(): invalid chunk size
[n050:988141] *** Process received signal ***
[n050:988141] Signal: Aborted (6)
[n050:988141] Signal code:  (-6)
[n050:988141] *** Process received signal ***
[n050:988141] Signal: Segmentation fault (11)
[n050:988141] Signal code:  (128)
[n050:988141] Failing at address: (nil)
[n050:988141] [ 0] /cm/shared/ex3-modules/0.6.1/pkgs/libfabric-1.11.1/lib/libfabric.so.1(+0xcc877)[0x155544ccc877]
[n050:988141] [ 1] /lib/x86_64-linux-gnu/libc.so.6(+0x42520)[0x15555381a520]
[n050:988141] [ 2] /lib64/ld-linux-x86-64.so.2(+0xedf0)[0x155555528df0]
[n050:988141] [ 3] /lib/x86_64-linux-gnu/libc.so.6(_dl_catch_exception+0x88)[0x15555394cc48]
[n050:988141] [ 4] /lib64/ld-linux-x86-64.so.2(+0xdf9a)[0x155555527f9a]
[n050:988141] [ 5] /lib/x86_64-linux-gnu/libc.so.6(_dl_catch_exception+0x88)[0x15555394cc48]
[n050:988141] [ 6] /lib64/ld-linux-x86-64.so.2(+0xe34e)[0x15555552834e]
[n050:988141] [ 7] /lib/x86_64-linux-gnu/libc.so.6(+0x174fb1)[0x15555394cfb1]
[n050:988141] [ 8] /lib/x86_64-linux-gnu/libc.so.6(_dl_catch_exception+0x88)[0x15555394cc48]
[n050:988141] [ 9] /lib/x86_64-linux-gnu/libc.so.6(_dl_catch_error+0x33)[0x15555394cd13]
[n050:988141] [10] /lib/x86_64-linux-gnu/libc.so.6(+0x1750e7)[0x15555394d0e7]
[n050:988141] [11] /lib/x86_64-linux-gnu/libc.so.6(__libc_unwind_link_get+0x51)[0x1555538fd7c1]
[n050:988141] [12] /lib/x86_64-linux-gnu/libc.so.6(__backtrace+0x27)[0x15555390bd27]
[n050:988141] [13] /cm/shared/ex3-modules/0.6.1/pkgs/openmpi-4.0.5/lib/libopen-pal.so.40(opal_backtrace_print+0x41)[0x15555306f561]
[n050:988141] [14] /cm/shared/ex3-modules/0.6.1/pkgs/openmpi-4.0.5/lib/libopen-pal.so.40(+0x6a6b0)[0x15555306a6b0]
[n050:988141] [15] /lib/x86_64-linux-gnu/libc.so.6(+0x42520)[0x15555381a520]
[n050:988141] [16] /lib/x86_64-linux-gnu/libc.so.6(pthread_kill+0x12c)[0x15555386ea7c]
[n050:988141] [17] /lib/x86_64-linux-gnu/libc.so.6(raise+0x16)[0x15555381a476]
[n050:988141] [18] /lib/x86_64-linux-gnu/libc.so.6(abort+0xd3)[0x1555538007f3]
[n050:988141] [19] /lib/x86_64-linux-gnu/libc.so.6(+0x896f6)[0x1555538616f6]
[n050:988141] [20] /lib/x86_64-linux-gnu/libc.so.6(+0xa0d7c)[0x155553878d7c]
[n050:988141] [21] /lib/x86_64-linux-gnu/libc.so.6(+0xa1a28)[0x155553879a28]
[n050:988141] [22] /lib/x86_64-linux-gnu/libc.so.6(+0xa3c5b)[0x15555387bc5b]
[n050:988141] [23] /lib/x86_64-linux-gnu/libc.so.6(malloc+0x99)[0x15555387d1b9]
[n050:988141] [24] /cm/shared/ex3-modules/0.6.1/pkgs/openmpi-4.0.5/lib/libmpi.so.40(ompi_coll_base_reduce_generic+0x507)[0x1555542b10d7]
[n050:988141] [25] /cm/shared/ex3-modules/0.6.1/pkgs/openmpi-4.0.5/lib/libmpi.so.40(ompi_coll_base_reduce_intra_pipeline+0xe2)[0x1555542b1a72]
[n050:988141] [26] /cm/shared/ex3-modules/0.6.1/pkgs/openmpi-4.0.5/lib/openmpi/mca_coll_tuned.so(ompi_coll_tuned_reduce_intra_dec_fixed+0x1cf)[0x155541805bbf]
[n050:988141] [27] /cm/shared/ex3-modules/0.6.1/pkgs/openmpi-4.0.5/lib/libmpi.so.40(MPI_Reduce+0x182)[0x155554288db2]
[n050:988141] [28] build/debug/mat_vec_mult[0x412721]
[n050:988141] [29] build/debug/mat_vec_mult[0x4119af]
[n050:988141] *** End of error message ***
malloc_consolidate(): invalid chunk size
[n050:988142] *** Process received signal ***
[n050:988142] Signal: Aborted (6)
[n050:988142] Signal code:  (-6)
[n050:988142] *** Process received signal ***
[n050:988142] Signal: Segmentation fault (11)
[n050:988142] Signal code:  (128)
[n050:988142] Failing at address: (nil)
[n050:988142] [ 0] /cm/shared/ex3-modules/0.6.1/pkgs/libfabric-1.11.1/lib/libfabric.so.1(+0xcc877)[0x155544ccc877]
[n050:988142] [ 1] /lib/x86_64-linux-gnu/libc.so.6(+0x42520)[0x15555381a520]
[n050:988142] [ 2] /lib64/ld-linux-x86-64.so.2(+0xedf0)[0x155555528df0]
[n050:988142] [ 3] /lib/x86_64-linux-gnu/libc.so.6(_dl_catch_exception+0x88)[0x15555394cc48]
[n050:988142] [ 4] /lib64/ld-linux-x86-64.so.2(+0xdf9a)[0x155555527f9a]
[n050:988142] [ 5] /lib/x86_64-linux-gnu/libc.so.6(_dl_catch_exception+0x88)[0x15555394cc48]
[n050:988142] [ 6] /lib64/ld-linux-x86-64.so.2(+0xe34e)[0x15555552834e]
[n050:988142] [ 7] /lib/x86_64-linux-gnu/libc.so.6(+0x174fb1)[0x15555394cfb1]
[n050:988142] [ 8] /lib/x86_64-linux-gnu/libc.so.6(_dl_catch_exception+0x88)[0x15555394cc48]
[n050:988142] [ 9] /lib/x86_64-linux-gnu/libc.so.6(_dl_catch_error+0x33)[0x15555394cd13]
[n050:988142] [10] /lib/x86_64-linux-gnu/libc.so.6(+0x1750e7)[0x15555394d0e7]
[n050:988142] [11] /lib/x86_64-linux-gnu/libc.so.6(__libc_unwind_link_get+0x51)[0x1555538fd7c1]
[n050:988142] [12] /lib/x86_64-linux-gnu/libc.so.6(__backtrace+0x27)[0x15555390bd27]
[n050:988142] [13] /cm/shared/ex3-modules/0.6.1/pkgs/openmpi-4.0.5/lib/libopen-pal.so.40(opal_backtrace_print+0x41)[0x15555306f561]
[n050:988142] [14] /cm/shared/ex3-modules/0.6.1/pkgs/openmpi-4.0.5/lib/libopen-pal.so.40(+0x6a6b0)[0x15555306a6b0]
[n050:988142] [15] /lib/x86_64-linux-gnu/libc.so.6(+0x42520)[0x15555381a520]
[n050:988142] [16] /lib/x86_64-linux-gnu/libc.so.6(pthread_kill+0x12c)[0x15555386ea7c]
[n050:988142] [17] /lib/x86_64-linux-gnu/libc.so.6(raise+0x16)[0x15555381a476]
[n050:988142] [18] /lib/x86_64-linux-gnu/libc.so.6(abort+0xd3)[0x1555538007f3]
[n050:988142] [19] /lib/x86_64-linux-gnu/libc.so.6(+0x896f6)[0x1555538616f6]
[n050:988142] [20] /lib/x86_64-linux-gnu/libc.so.6(+0xa0d7c)[0x155553878d7c]
[n050:988142] [21] /lib/x86_64-linux-gnu/libc.so.6(+0xa1a28)[0x155553879a28]
[n050:988142] [22] /lib/x86_64-linux-gnu/libc.so.6(+0xa3c5b)[0x15555387bc5b]
[n050:988142] [23] /lib/x86_64-linux-gnu/libc.so.6(malloc+0x99)[0x15555387d1b9]
[n050:988142] [24] /cm/shared/ex3-modules/0.6.1/pkgs/openmpi-4.0.5/lib/libmpi.so.40(ompi_coll_base_reduce_generic+0x507)[0x1555542b10d7]
[n050:988142] [25] /cm/shared/ex3-modules/0.6.1/pkgs/openmpi-4.0.5/lib/libmpi.so.40(ompi_coll_base_reduce_intra_pipeline+0xe2)[0x1555542b1a72]
[n050:988142] [26] /cm/shared/ex3-modules/0.6.1/pkgs/openmpi-4.0.5/lib/openmpi/mca_coll_tuned.so(ompi_coll_tuned_reduce_intra_dec_fixed+0x1cf)[0x155541805bbf]
[n050:988142] [27] /cm/shared/ex3-modules/0.6.1/pkgs/openmpi-4.0.5/lib/libmpi.so.40(MPI_Reduce+0x182)[0x155554288db2]
[n050:988142] [28] build/debug/mat_vec_mult[0x412721]
[n050:988142] [29] build/debug/mat_vec_mult[0x4119af]
[n050:988142] *** End of error message ***
malloc_consolidate(): invalid chunk size
[n050:988143] *** Process received signal ***
[n050:988143] Signal: Aborted (6)
[n050:988143] Signal code:  (-6)
malloc_consolidate(): invalid chunk size
[n050:988144] *** Process received signal ***
[n050:988144] Signal: Aborted (6)
[n050:988144] Signal code:  (-6)
malloc_consolidate(): invalid chunk size
[n050:988145] *** Process received signal ***
[n050:988145] Signal: Aborted (6)
[n050:988145] Signal code:  (-6)
[n050:988145] *** Process received signal ***
[n050:988145] Signal: Segmentation fault (11)
[n050:988145] Signal code:  (128)
[n050:988145] Failing at address: (nil)
[n050:988145] [ 0] /cm/shared/ex3-modules/0.6.1/pkgs/libfabric-1.11.1/lib/libfabric.so.1(+0xcc877)[0x155544ccc877]
[n050:988145] [ 1] /lib/x86_64-linux-gnu/libc.so.6(+0x42520)[0x15555381a520]
[n050:988145] [ 2] /lib64/ld-linux-x86-64.so.2(+0xedf0)[0x155555528df0]
[n050:988145] [ 3] /lib/x86_64-linux-gnu/libc.so.6(_dl_catch_exception+0x88)[0x15555394cc48]
[n050:988145] [ 4] /lib64/ld-linux-x86-64.so.2(+0xdf9a)[0x155555527f9a]
[n050:988145] [ 5] /lib/x86_64-linux-gnu/libc.so.6(_dl_catch_exception+0x88)[0x15555394cc48]
[n050:988145] [ 6] /lib64/ld-linux-x86-64.so.2(+0xe34e)[0x15555552834e]
[n050:988145] [ 7] /lib/x86_64-linux-gnu/libc.so.6(+0x174fb1)[0x15555394cfb1]
[n050:988145] [ 8] /lib/x86_64-linux-gnu/libc.so.6(_dl_catch_exception+0x88)[0x15555394cc48]
[n050:988145] [ 9] /lib/x86_64-linux-gnu/libc.so.6(_dl_catch_error+0x33)[0x15555394cd13]
[n050:988145] [10] /lib/x86_64-linux-gnu/libc.so.6(+0x1750e7)[0x15555394d0e7]
[n050:988145] [11] /lib/x86_64-linux-gnu/libc.so.6(__libc_unwind_link_get+0x51)[0x1555538fd7c1]
[n050:988145] [12] /lib/x86_64-linux-gnu/libc.so.6(__backtrace+0x27)[0x15555390bd27]
[n050:988145] [13] /cm/shared/ex3-modules/0.6.1/pkgs/openmpi-4.0.5/lib/libopen-pal.so.40(opal_backtrace_print+0x41)[0x15555306f561]
[n050:988145] [14] /cm/shared/ex3-modules/0.6.1/pkgs/openmpi-4.0.5/lib/libopen-pal.so.40(+0x6a6b0)[0x15555306a6b0]
[n050:988145] [15] /lib/x86_64-linux-gnu/libc.so.6(+0x42520)[0x15555381a520]
[n050:988145] [16] /lib/x86_64-linux-gnu/libc.so.6(pthread_kill+0x12c)[0x15555386ea7c]
[n050:988145] [17] /lib/x86_64-linux-gnu/libc.so.6(raise+0x16)[0x15555381a476]
[n050:988145] [18] /lib/x86_64-linux-gnu/libc.so.6(abort+0xd3)[0x1555538007f3]
[n050:988145] [19] /lib/x86_64-linux-gnu/libc.so.6(+0x896f6)[0x1555538616f6]
[n050:988145] [20] /lib/x86_64-linux-gnu/libc.so.6(+0xa0d7c)[0x155553878d7c]
[n050:988145] [21] /lib/x86_64-linux-gnu/libc.so.6(+0xa1a28)[0x155553879a28]
[n050:988145] [22] /lib/x86_64-linux-gnu/libc.so.6(+0xa3c5b)[0x15555387bc5b]
[n050:988145] [23] /lib/x86_64-linux-gnu/libc.so.6(malloc+0x99)[0x15555387d1b9]
[n050:988145] [24] /cm/shared/ex3-modules/0.6.1/pkgs/openmpi-4.0.5/lib/libmpi.so.40(ompi_coll_base_reduce_generic+0x507)[0x1555542b10d7]
[n050:988145] [25] /cm/shared/ex3-modules/0.6.1/pkgs/openmpi-4.0.5/lib/libmpi.so.40(ompi_coll_base_reduce_intra_pipeline+0xe2)[0x1555542b1a72]
[n050:988145] [26] /cm/shared/ex3-modules/0.6.1/pkgs/openmpi-4.0.5/lib/openmpi/mca_coll_tuned.so(ompi_coll_tuned_reduce_intra_dec_fixed+0x1cf)[0x155541805bbf]
[n050:988145] [27] /cm/shared/ex3-modules/0.6.1/pkgs/openmpi-4.0.5/lib/libmpi.so.40(MPI_Reduce+0x182)[0x155554288db2]
[n050:988145] [28] build/debug/mat_vec_mult[0x412721]
[n050:988145] [29] build/debug/mat_vec_mult[0x4119af]
[n050:988145] *** End of error message ***
malloc_consolidate(): invalid chunk size
[n050:988146] *** Process received signal ***
[n050:988146] Signal: Aborted (6)
[n050:988146] Signal code:  (-6)
malloc_consolidate(): invalid chunk size
[n050:988147] *** Process received signal ***
[n050:988147] Signal: Aborted (6)
[n050:988147] Signal code:  (-6)
[n050:988147] *** Process received signal ***
[n050:988147] Signal: Segmentation fault (11)
[n050:988147] Signal code:  (128)
[n050:988147] Failing at address: (nil)
[n050:988147] [ 0] /cm/shared/ex3-modules/0.6.1/pkgs/libfabric-1.11.1/lib/libfabric.so.1(+0xcc877)[0x155544ccc877]
[n050:988147] [ 1] /lib/x86_64-linux-gnu/libc.so.6(+0x42520)[0x15555381a520]
[n050:988147] [ 2] /lib64/ld-linux-x86-64.so.2(+0xedf0)[0x155555528df0]
[n050:988147] [ 3] /lib/x86_64-linux-gnu/libc.so.6(_dl_catch_exception+0x88)[0x15555394cc48]
[n050:988147] [ 4] /lib64/ld-linux-x86-64.so.2(+0xdf9a)[0x155555527f9a]
[n050:988147] [ 5] /lib/x86_64-linux-gnu/libc.so.6(_dl_catch_exception+0x88)[0x15555394cc48]
[n050:988147] [ 6] /lib64/ld-linux-x86-64.so.2(+0xe34e)[0x15555552834e]
[n050:988147] [ 7] /lib/x86_64-linux-gnu/libc.so.6(+0x174fb1)[0x15555394cfb1]
[n050:988147] [ 8] /lib/x86_64-linux-gnu/libc.so.6(_dl_catch_exception+0x88)[0x15555394cc48]
[n050:988147] [ 9] /lib/x86_64-linux-gnu/libc.so.6(_dl_catch_error+0x33)[0x15555394cd13]
[n050:988147] [10] /lib/x86_64-linux-gnu/libc.so.6(+0x1750e7)[0x15555394d0e7]
[n050:988147] [11] /lib/x86_64-linux-gnu/libc.so.6(__libc_unwind_link_get+0x51)[0x1555538fd7c1]
[n050:988147] [12] /lib/x86_64-linux-gnu/libc.so.6(__backtrace+0x27)[0x15555390bd27]
[n050:988147] [13] /cm/shared/ex3-modules/0.6.1/pkgs/openmpi-4.0.5/lib/libopen-pal.so.40(opal_backtrace_print+0x41)[0x15555306f561]
[n050:988147] [14] /cm/shared/ex3-modules/0.6.1/pkgs/openmpi-4.0.5/lib/libopen-pal.so.40(+0x6a6b0)[0x15555306a6b0]
[n050:988147] [15] /lib/x86_64-linux-gnu/libc.so.6(+0x42520)[0x15555381a520]
[n050:988147] [16] /lib/x86_64-linux-gnu/libc.so.6(pthread_kill+0x12c)[0x15555386ea7c]
[n050:988147] [17] /lib/x86_64-linux-gnu/libc.so.6(raise+0x16)[0x15555381a476]
[n050:988147] [18] /lib/x86_64-linux-gnu/libc.so.6(abort+0xd3)[0x1555538007f3]
[n050:988147] [19] /lib/x86_64-linux-gnu/libc.so.6(+0x896f6)[0x1555538616f6]
[n050:988147] [20] /lib/x86_64-linux-gnu/libc.so.6(+0xa0d7c)[0x155553878d7c]
[n050:988147] [21] /lib/x86_64-linux-gnu/libc.so.6(+0xa1a28)[0x155553879a28]
[n050:988147] [22] /lib/x86_64-linux-gnu/libc.so.6(+0xa3c5b)[0x15555387bc5b]
[n050:988147] [23] /lib/x86_64-linux-gnu/libc.so.6(malloc+0x99)[0x15555387d1b9]
[n050:988147] [24] /cm/shared/ex3-modules/0.6.1/pkgs/openmpi-4.0.5/lib/libmpi.so.40(ompi_coll_base_reduce_generic+0x507)[0x1555542b10d7]
[n050:988147] [25] /cm/shared/ex3-modules/0.6.1/pkgs/openmpi-4.0.5/lib/libmpi.so.40(ompi_coll_base_reduce_intra_pipeline+0xe2)[0x1555542b1a72]
[n050:988147] [26] /cm/shared/ex3-modules/0.6.1/pkgs/openmpi-4.0.5/lib/openmpi/mca_coll_tuned.so(ompi_coll_tuned_reduce_intra_dec_fixed+0x1cf)[0x155541805bbf]
[n050:988147] [27] /cm/shared/ex3-modules/0.6.1/pkgs/openmpi-4.0.5/lib/libmpi.so.40(MPI_Reduce+0x182)[0x155554288db2]
[n050:988147] [28] build/debug/mat_vec_mult[0x412721]
[n050:988147] [29] build/debug/mat_vec_mult[0x4119af]
[n050:988147] *** End of error message ***
malloc_consolidate(): invalid chunk size
[n050:988148] *** Process received signal ***
[n050:988148] Signal: Aborted (6)
[n050:988148] Signal code:  (-6)
malloc_consolidate(): invalid chunk size
[n050:988149] *** Process received signal ***
[n050:988149] Signal: Aborted (6)
[n050:988149] Signal code:  (-6)
malloc_consolidate(): invalid chunk size
[n050:988150] *** Process received signal ***
[n050:988150] Signal: Aborted (6)
[n050:988150] Signal code:  (-6)
[n050:988150] *** Process received signal ***
[n050:988150] Signal: Segmentation fault (11)
[n050:988150] Signal code:  (128)
[n050:988150] Failing at address: (nil)
[n050:988150] [ 0] /cm/shared/ex3-modules/0.6.1/pkgs/libfabric-1.11.1/lib/libfabric.so.1(+0xcc877)[0x155544ccc877]
[n050:988150] [ 1] /lib/x86_64-linux-gnu/libc.so.6(+0x42520)[0x15555381a520]
[n050:988150] [ 2] /lib64/ld-linux-x86-64.so.2(+0xedf0)[0x155555528df0]
[n050:988150] [ 3] /lib/x86_64-linux-gnu/libc.so.6(_dl_catch_exception+0x88)[0x15555394cc48]
[n050:988150] [ 4] /lib64/ld-linux-x86-64.so.2(+0xdf9a)[0x155555527f9a]
[n050:988150] [ 5] /lib/x86_64-linux-gnu/libc.so.6(_dl_catch_exception+0x88)[0x15555394cc48]
[n050:988150] [ 6] /lib64/ld-linux-x86-64.so.2(+0xe34e)[0x15555552834e]
[n050:988150] [ 7] /lib/x86_64-linux-gnu/libc.so.6(+0x174fb1)[0x15555394cfb1]
[n050:988150] [ 8] /lib/x86_64-linux-gnu/libc.so.6(_dl_catch_exception+0x88)[0x15555394cc48]
[n050:988150] [ 9] /lib/x86_64-linux-gnu/libc.so.6(_dl_catch_error+0x33)[0x15555394cd13]
[n050:988150] [10] /lib/x86_64-linux-gnu/libc.so.6(+0x1750e7)[0x15555394d0e7]
[n050:988150] [11] /lib/x86_64-linux-gnu/libc.so.6(__libc_unwind_link_get+0x51)[0x1555538fd7c1]
[n050:988150] [12] /lib/x86_64-linux-gnu/libc.so.6(__backtrace+0x27)[0x15555390bd27]
[n050:988150] [13] /cm/shared/ex3-modules/0.6.1/pkgs/openmpi-4.0.5/lib/libopen-pal.so.40(opal_backtrace_print+0x41)[0x15555306f561]
[n050:988150] [14] /cm/shared/ex3-modules/0.6.1/pkgs/openmpi-4.0.5/lib/libopen-pal.so.40(+0x6a6b0)[0x15555306a6b0]
[n050:988150] [15] /lib/x86_64-linux-gnu/libc.so.6(+0x42520)[0x15555381a520]
[n050:988150] [16] /lib/x86_64-linux-gnu/libc.so.6(pthread_kill+0x12c)[0x15555386ea7c]
[n050:988150] [17] /lib/x86_64-linux-gnu/libc.so.6(raise+0x16)[0x15555381a476]
[n050:988150] [18] /lib/x86_64-linux-gnu/libc.so.6(abort+0xd3)[0x1555538007f3]
[n050:988150] [19] /lib/x86_64-linux-gnu/libc.so.6(+0x896f6)[0x1555538616f6]
[n050:988150] [20] /lib/x86_64-linux-gnu/libc.so.6(+0xa0d7c)[0x155553878d7c]
[n050:988150] [21] /lib/x86_64-linux-gnu/libc.so.6(+0xa1a28)[0x155553879a28]
[n050:988150] [22] /lib/x86_64-linux-gnu/libc.so.6(+0xa3c5b)[0x15555387bc5b]
[n050:988150] [23] /lib/x86_64-linux-gnu/libc.so.6(malloc+0x99)[0x15555387d1b9]
[n050:988150] [24] /cm/shared/ex3-modules/0.6.1/pkgs/openmpi-4.0.5/lib/libmpi.so.40(ompi_coll_base_reduce_generic+0x507)[0x1555542b10d7]
[n050:988150] [25] /cm/shared/ex3-modules/0.6.1/pkgs/openmpi-4.0.5/lib/libmpi.so.40(ompi_coll_base_reduce_intra_pipeline+0xe2)[0x1555542b1a72]
[n050:988150] [26] /cm/shared/ex3-modules/0.6.1/pkgs/openmpi-4.0.5/lib/openmpi/mca_coll_tuned.so(ompi_coll_tuned_reduce_intra_dec_fixed+0x1cf)[0x155541805bbf]
[n050:988150] [27] /cm/shared/ex3-modules/0.6.1/pkgs/openmpi-4.0.5/lib/libmpi.so.40(MPI_Reduce+0x182)[0x155554288db2]
[n050:988150] [28] build/debug/mat_vec_mult[0x412721]
[n050:988150] [29] build/debug/mat_vec_mult[0x4119af]
[n050:988150] *** End of error message ***
malloc_consolidate(): invalid chunk size
[n050:988151] *** Process received signal ***
[n050:988151] Signal: Aborted (6)
[n050:988151] Signal code:  (-6)
malloc_consolidate(): invalid chunk size
[n050:988152] *** Process received signal ***
[n050:988152] Signal: Aborted (6)
[n050:988152] Signal code:  (-6)
malloc_consolidate(): invalid chunk size
[n050:988153] *** Process received signal ***
[n050:988153] Signal: Aborted (6)
[n050:988153] Signal code:  (-6)
malloc(): invalid size (unsorted)
[n051:944465] *** Process received signal ***
[n051:944465] Signal: Aborted (6)
[n051:944465] Signal code:  (-6)
malloc_consolidate(): invalid chunk size
[n051:944466] *** Process received signal ***
[n051:944466] Signal: Aborted (6)
[n051:944466] Signal code:  (-6)
malloc_consolidate(): invalid chunk size
[n051:944467] *** Process received signal ***
[n051:944467] Signal: Aborted (6)
[n051:944467] Signal code:  (-6)
malloc_consolidate(): invalid chunk size
[n051:944468] *** Process received signal ***
[n051:944468] Signal: Aborted (6)
[n051:944468] Signal code:  (-6)
malloc_consolidate(): invalid chunk size
[n051:944469] *** Process received signal ***
[n051:944469] Signal: Aborted (6)
[n051:944469] Signal code:  (-6)
malloc_consolidate(): invalid chunk size
[n051:944470] *** Process received signal ***
[n051:944470] Signal: Aborted (6)
[n051:944470] Signal code:  (-6)
malloc_consolidate(): invalid chunk size
[n051:944471] *** Process received signal ***
[n051:944471] Signal: Aborted (6)
[n051:944471] Signal code:  (-6)
malloc_consolidate(): invalid chunk size
[n051:944472] *** Process received signal ***
[n051:944472] Signal: Aborted (6)
[n051:944472] Signal code:  (-6)
malloc_consolidate(): invalid chunk size
[n051:944473] *** Process received signal ***
[n051:944473] Signal: Aborted (6)
[n051:944473] Signal code:  (-6)
malloc_consolidate(): invalid chunk size
[n051:944474] *** Process received signal ***
[n051:944474] Signal: Aborted (6)
[n051:944474] Signal code:  (-6)
malloc_consolidate(): invalid chunk size
[n051:944475] *** Process received signal ***
[n051:944475] Signal: Aborted (6)
[n051:944475] Signal code:  (-6)
malloc_consolidate(): invalid chunk size
[n051:944476] *** Process received signal ***
[n051:944476] Signal: Aborted (6)
[n051:944476] Signal code:  (-6)
malloc_consolidate(): invalid chunk size
[n051:944477] *** Process received signal ***
[n051:944477] Signal: Aborted (6)
[n051:944477] Signal code:  (-6)
malloc_consolidate(): invalid chunk size
[n051:944478] *** Process received signal ***
[n051:944478] Signal: Aborted (6)
[n051:944478] Signal code:  (-6)
malloc_consolidate(): invalid chunk size
[n051:944479] *** Process received signal ***
[n051:944479] Signal: Aborted (6)
[n051:944479] Signal code:  (-6)
malloc(): invalid size (unsorted)
[n051:944480] *** Process received signal ***
[n051:944480] Signal: Aborted (6)
[n051:944480] Signal code:  (-6)
srun: error: n050: task 16: Segmentation fault (core dumped)
malloc_consolidate(): invalid chunk size
[n052:942503] *** Process received signal ***
[n052:942503] Signal: Aborted (6)
[n052:942503] Signal code:  (-6)
malloc_consolidate(): invalid chunk size
[n052:942504] *** Process received signal ***
[n052:942504] Signal: Aborted (6)
[n052:942504] Signal code:  (-6)
malloc_consolidate(): invalid chunk size
[n052:942505] *** Process received signal ***
[n052:942505] Signal: Aborted (6)
[n052:942505] Signal code:  (-6)
malloc_consolidate(): invalid chunk size
[n052:942506] *** Process received signal ***
[n052:942506] Signal: Aborted (6)
[n052:942506] Signal code:  (-6)
malloc_consolidate(): invalid chunk size
[n052:942507] *** Process received signal ***
[n052:942507] Signal: Aborted (6)
[n052:942507] Signal code:  (-6)
malloc_consolidate(): invalid chunk size
[n052:942508] *** Process received signal ***
[n052:942508] Signal: Aborted (6)
[n052:942508] Signal code:  (-6)
srun: error: n050: tasks 19-20,23: Segmentation fault (core dumped)
malloc_consolidate(): invalid chunk size
[n052:942509] *** Process received signal ***
[n052:942509] Signal: Aborted (6)
[n052:942509] Signal code:  (-6)
malloc_consolidate(): invalid chunk size
[n052:942510] *** Process received signal ***
[n052:942510] Signal: Aborted (6)
[n052:942510] Signal code:  (-6)
malloc(): invalid size (unsorted)
[n052:942511] *** Process received signal ***
[n052:942511] Signal: Aborted (6)
[n052:942511] Signal code:  (-6)
malloc(): invalid size (unsorted)
[n052:942512] *** Process received signal ***
[n052:942512] Signal: Aborted (6)
[n052:942512] Signal code:  (-6)
malloc_consolidate(): invalid chunk size
[n052:942513] *** Process received signal ***
[n052:942513] Signal: Aborted (6)
[n052:942513] Signal code:  (-6)
malloc(): invalid size (unsorted)
[n052:942514] *** Process received signal ***
[n052:942514] Signal: Aborted (6)
[n052:942514] Signal code:  (-6)
srun: error: n050: tasks 25,28: Segmentation fault (core dumped)
malloc(): invalid size (unsorted)
[n052:942515] *** Process received signal ***
[n052:942515] Signal: Aborted (6)
[n052:942515] Signal code:  (-6)
malloc_consolidate(): invalid chunk size
[n052:942516] *** Process received signal ***
[n052:942516] Signal: Aborted (6)
[n052:942516] Signal code:  (-6)
malloc(): invalid size (unsorted)
[n052:942517] *** Process received signal ***
[n052:942517] Signal: Aborted (6)
[n052:942517] Signal code:  (-6)
[n052:942518] *** Process received signal ***
[n052:942518] Signal: Segmentation fault (11)
[n052:942518] Signal code:  (128)
[n052:942518] Failing at address: (nil)
malloc(): invalid size (unsorted)
[n052:942518] *** Process received signal ***
[n052:942518] Signal: Aborted (6)
[n052:942518] Signal code:  (-6)
[n052:942518] [ 0] /lib/x86_64-linux-gnu/libc.so.6(+0x42520)[0x15555381a520]
[n052:942518] [ 1] /lib/x86_64-linux-gnu/libc.so.6(pthread_kill+0x12c)[0x15555386ea7c]
[n052:942518] [ 2] /lib/x86_64-linux-gnu/libc.so.6(raise+0x16)[0x15555381a476]
[n052:942518] [ 3] /lib/x86_64-linux-gnu/libc.so.6(abort+0xd3)[0x1555538007f3]
[n052:942518] [ 4] /lib/x86_64-linux-gnu/libc.so.6(+0x896f6)[0x1555538616f6]
[n052:942518] [ 5] /lib/x86_64-linux-gnu/libc.so.6(+0xa0d7c)[0x155553878d7c]
[n052:942518] [ 6] /lib/x86_64-linux-gnu/libc.so.6(+0xa415c)[0x15555387c15c]
[n052:942518] [ 7] /lib/x86_64-linux-gnu/libc.so.6(malloc+0x99)[0x15555387d1b9]
[n052:942518] [ 8] /lib64/ld-linux-x86-64.so.2(+0x5a23)[0x15555551fa23]
[n052:942518] [ 9] /lib64/ld-linux-x86-64.so.2(+0xecd0)[0x155555528cd0]
[n052:942518] [10] /lib/x86_64-linux-gnu/libc.so.6(_dl_catch_exception+0x88)[0x15555394cc48]
[n052:942518] [11] /lib64/ld-linux-x86-64.so.2(+0xdf9a)[0x155555527f9a]
[n052:942518] [12] /lib/x86_64-linux-gnu/libc.so.6(_dl_catch_exception+0x88)[0x15555394cc48]
[n052:942518] [13] /lib64/ld-linux-x86-64.so.2(+0xe34e)[0x15555552834e]
[n052:942518] [14] /lib/x86_64-linux-gnu/libc.so.6(+0x174fb1)[0x15555394cfb1]
[n052:942518] [15] /lib/x86_64-linux-gnu/libc.so.6(_dl_catch_exception+0x88)[0x15555394cc48]
[n052:942518] [16] /lib/x86_64-linux-gnu/libc.so.6(_dl_catch_error+0x33)[0x15555394cd13]
[n052:942518] [17] /lib/x86_64-linux-gnu/libc.so.6(+0x1750e7)[0x15555394d0e7]
[n052:942518] [18] /lib/x86_64-linux-gnu/libc.so.6(__libc_unwind_link_get+0x51)[0x1555538fd7c1]
[n052:942518] [19] /lib/x86_64-linux-gnu/libc.so.6(__backtrace+0x27)[0x15555390bd27]
[n052:942518] [20] /cm/shared/ex3-modules/0.6.1/pkgs/openmpi-4.0.5/lib/libopen-pal.so.40(opal_backtrace_print+0x41)[0x15555306f561]
[n052:942518] [21] /cm/shared/ex3-modules/0.6.1/pkgs/openmpi-4.0.5/lib/libopen-pal.so.40(+0x6a6b0)[0x15555306a6b0]
[n052:942518] [22] /cm/shared/ex3-modules/0.6.1/pkgs/libfabric-1.11.1/lib/libfabric.so.1(+0xcc877)[0x155544ccc877]
[n052:942518] [23] /lib/x86_64-linux-gnu/libc.so.6(+0x42520)[0x15555381a520]
[n052:942518] [24] /cm/shared/ex3-modules/0.6.1/pkgs/openmpi-4.0.5/lib/openmpi/mca_mtl_ofi.so(+0x20d3)[0x1555450020d3]
[n052:942518] [25] /cm/shared/ex3-modules/0.6.1/pkgs/openmpi-4.0.5/lib/openmpi/mca_pml_cm.so(+0x3f19)[0x155546003f19]
[n052:942518] [26] /cm/shared/ex3-modules/0.6.1/pkgs/openmpi-4.0.5/lib/libmpi.so.40(ompi_coll_base_reduce_generic+0x7b1)[0x1555542b1381]
[n052:942518] [27] /cm/shared/ex3-modules/0.6.1/pkgs/openmpi-4.0.5/lib/libmpi.so.40(ompi_coll_base_reduce_intra_pipeline+0xe2)[0x1555542b1a72]
[n052:942518] [28] /cm/shared/ex3-modules/0.6.1/pkgs/openmpi-4.0.5/lib/openmpi/mca_coll_tuned.so(ompi_coll_tuned_reduce_intra_dec_fixed+0x1cf)[0x155541805bbf]
[n052:942518] [29] /cm/shared/ex3-modules/0.6.1/pkgs/openmpi-4.0.5/lib/libmpi.so.40(MPI_Reduce+0x182)[0x155554288db2]
[n052:942518] *** End of error message ***
[n049:1462077] *** Process received signal ***
[n049:1462077] Signal: Segmentation fault (11)
[n049:1462077] Signal code:  (128)
[n049:1462077] Failing at address: (nil)
[n049:1462077] [ 0] /cm/shared/ex3-modules/0.6.1/pkgs/libfabric-1.11.1/lib/libfabric.so.1(+0xcc877)[0x155544ccc877]
[n049:1462077] [ 1] /lib/x86_64-linux-gnu/libc.so.6(+0x42520)[0x15555381a520]
[n049:1462077] [ 2] /cm/shared/ex3-modules/0.6.1/pkgs/rdma-core-31.0/lib/libibverbs/libmlx5-rdmav25.so(+0x1544d)[0x15553e01544d]
[n049:1462077] [ 3] /cm/shared/ex3-modules/0.6.1/pkgs/libfabric-1.11.1/lib/libfabric.so.1(+0x69a1b)[0x155544c69a1b]
[n049:1462077] [ 4] /cm/shared/ex3-modules/0.6.1/pkgs/libfabric-1.11.1/lib/libfabric.so.1(+0x6a0c2)[0x155544c6a0c2]
[n049:1462077] [ 5] /cm/shared/ex3-modules/0.6.1/pkgs/libfabric-1.11.1/lib/libfabric.so.1(+0x6a4c5)[0x155544c6a4c5]
[n049:1462077] [ 6] /cm/shared/ex3-modules/0.6.1/pkgs/libfabric-1.11.1/lib/libfabric.so.1(+0x98fb9)[0x155544c98fb9]
[n049:1462077] [ 7] /cm/shared/ex3-modules/0.6.1/pkgs/libfabric-1.11.1/lib/libfabric.so.1(+0x9ecae)[0x155544c9ecae]
[n049:1462077] [ 8] /cm/shared/ex3-modules/0.6.1/pkgs/libfabric-1.11.1/lib/libfabric.so.1(+0x9ee87)[0x155544c9ee87]
[n049:1462077] [ 9] /cm/shared/ex3-modules/0.6.1/pkgs/libfabric-1.11.1/lib/libfabric.so.1(+0x49505)[0x155544c49505]
[n049:1462077] [10] /cm/shared/ex3-modules/0.6.1/pkgs/libfabric-1.11.1/lib/libfabric.so.1(+0x48734)[0x155544c48734]
[n049:1462077] [11] /cm/shared/ex3-modules/0.6.1/pkgs/libfabric-1.11.1/lib/libfabric.so.1(+0x48a24)[0x155544c48a24]
[n049:1462077] [12] /cm/shared/ex3-modules/0.6.1/pkgs/openmpi-4.0.5/lib/openmpi/mca_mtl_ofi.so(ompi_mtl_ofi_progress_no_inline+0x66)[0x155545006286]
[n049:1462077] [13] /cm/shared/ex3-modules/0.6.1/pkgs/openmpi-4.0.5/lib/libopen-pal.so.40(opal_progress+0x2c)[0x15555302cfac]
[n049:1462077] [14] /cm/shared/ex3-modules/0.6.1/pkgs/openmpi-4.0.5/lib/libmpi.so.40(ompi_request_default_wait+0x105)[0x155554252295]
[n049:1462077] [15] /cm/shared/ex3-modules/0.6.1/pkgs/openmpi-4.0.5/lib/libmpi.so.40(ompi_coll_base_reduce_generic+0x399)[0x1555542b0f69]
[n049:1462077] [16] /cm/shared/ex3-modules/0.6.1/pkgs/openmpi-4.0.5/lib/libmpi.so.40(ompi_coll_base_reduce_intra_pipeline+0xe2)[0x1555542b1a72]
[n049:1462077] [17] /cm/shared/ex3-modules/0.6.1/pkgs/openmpi-4.0.5/lib/openmpi/mca_coll_tuned.so(ompi_coll_tuned_reduce_intra_dec_fixed+0x1cf)[0x155541805bbf]
[n049:1462077] [18] /cm/shared/ex3-modules/0.6.1/pkgs/openmpi-4.0.5/lib/libmpi.so.40(MPI_Reduce+0x182)[0x155554288db2]
[n049:1462077] [19] build/debug/mat_vec_mult[0x41264d]
[n049:1462077] [20] build/debug/mat_vec_mult[0x411997]
[n049:1462077] [21] build/debug/mat_vec_mult[0x40c14a]
[n049:1462077] [22] build/debug/mat_vec_mult[0x40cf83]
[n049:1462077] [23] /lib/x86_64-linux-gnu/libc.so.6(+0x29d90)[0x155553801d90]
[n049:1462077] [24] /lib/x86_64-linux-gnu/libc.so.6(__libc_start_main+0x80)[0x155553801e40]
[n049:1462077] [25] build/debug/mat_vec_mult[0x40bd35]
[n049:1462077] *** End of error message ***
srun: error: n052: task 63: Aborted (core dumped)
srun: error: n049: task 0: Segmentation fault (core dumped)
srun: Job step aborted: Waiting up to 32 seconds for job step to finish.
slurmstepd: error: *** JOB 9059 ON n049 CANCELLED AT 2023-09-29T10:41:20 ***
slurmstepd: error: *** STEP 9059.0 ON n049 CANCELLED AT 2023-09-29T10:41:20 ***
