[n049:1463641] mca_base_component_repository_open: unable to open mca_pml_ucx: libbfd-2.30-system.so: cannot open shared object file: No such file or directory (ignored)
[n049:1463645] mca_base_component_repository_open: unable to open mca_pml_ucx: libbfd-2.30-system.so: cannot open shared object file: No such file or directory (ignored)
[n049:1463642] mca_base_component_repository_open: unable to open mca_pml_ucx: libbfd-2.30-system.so: cannot open shared object file: No such file or directory (ignored)
[n049:1463648] mca_base_component_repository_open: unable to open mca_pml_ucx: libbfd-2.30-system.so: cannot open shared object file: No such file or directory (ignored)
[n049:1463643] mca_base_component_repository_open: unable to open mca_pml_ucx: libbfd-2.30-system.so: cannot open shared object file: No such file or directory (ignored)
[n049:1463644] mca_base_component_repository_open: unable to open mca_pml_ucx: libbfd-2.30-system.so: cannot open shared object file: No such file or directory (ignored)
[n049:1463646] mca_base_component_repository_open: unable to open mca_pml_ucx: libbfd-2.30-system.so: cannot open shared object file: No such file or directory (ignored)
[n049:1463647] mca_base_component_repository_open: unable to open mca_pml_ucx: libbfd-2.30-system.so: cannot open shared object file: No such file or directory (ignored)
[n049:1463641] mca_base_component_repository_open: unable to open mca_osc_ucx: libbfd-2.30-system.so: cannot open shared object file: No such file or directory (ignored)
[n049:1463645] mca_base_component_repository_open: unable to open mca_osc_ucx: libbfd-2.30-system.so: cannot open shared object file: No such file or directory (ignored)
[n049:1463642] mca_base_component_repository_open: unable to open mca_osc_ucx: libbfd-2.30-system.so: cannot open shared object file: No such file or directory (ignored)
[n049:1463648] mca_base_component_repository_open: unable to open mca_osc_ucx: libbfd-2.30-system.so: cannot open shared object file: No such file or directory (ignored)
[n049:1463643] mca_base_component_repository_open: unable to open mca_osc_ucx: libbfd-2.30-system.so: cannot open shared object file: No such file or directory (ignored)
[n049:1463644] mca_base_component_repository_open: unable to open mca_osc_ucx: libbfd-2.30-system.so: cannot open shared object file: No such file or directory (ignored)
[n049:1463646] mca_base_component_repository_open: unable to open mca_osc_ucx: libbfd-2.30-system.so: cannot open shared object file: No such file or directory (ignored)
[n049:1463647] mca_base_component_repository_open: unable to open mca_osc_ucx: libbfd-2.30-system.so: cannot open shared object file: No such file or directory (ignored)
malloc_consolidate(): invalid chunk size
[n049:1463642] *** Process received signal ***
[n049:1463642] Signal: Aborted (6)
[n049:1463642] Signal code:  (-6)
malloc_consolidate(): invalid chunk size
[n049:1463643] *** Process received signal ***
[n049:1463643] Signal: Aborted (6)
[n049:1463643] Signal code:  (-6)
malloc_consolidate(): invalid chunk size
[n049:1463644] *** Process received signal ***
[n049:1463644] Signal: Aborted (6)
[n049:1463644] Signal code:  (-6)
malloc_consolidate(): invalid chunk size
[n049:1463647] *** Process received signal ***
[n049:1463647] Signal: Aborted (6)
[n049:1463647] Signal code:  (-6)
malloc_consolidate(): invalid chunk size
[n049:1463645] *** Process received signal ***
[n049:1463645] Signal: Aborted (6)
[n049:1463645] Signal code:  (-6)
malloc_consolidate(): invalid chunk size
[n049:1463646] *** Process received signal ***
[n049:1463646] Signal: Aborted (6)
[n049:1463646] Signal code:  (-6)
[n049:1463648] *** Process received signal ***
[n049:1463648] Signal: Segmentation fault (11)
[n049:1463648] Signal code:  (128)
[n049:1463648] Failing at address: (nil)
malloc_consolidate(): invalid chunk size
[n049:1463648] *** Process received signal ***
[n049:1463648] Signal: Aborted (6)
[n049:1463648] Signal code:  (-6)
[n049:1463648] [ 0] /lib/x86_64-linux-gnu/libc.so.6(+0x42520)[0x15555381a520]
[n049:1463648] [ 1] /lib/x86_64-linux-gnu/libc.so.6(pthread_kill+0x12c)[0x15555386ea7c]
[n049:1463648] [ 2] /lib/x86_64-linux-gnu/libc.so.6(raise+0x16)[0x15555381a476]
[n049:1463648] [ 3] /lib/x86_64-linux-gnu/libc.so.6(abort+0xd3)[0x1555538007f3]
[n049:1463648] [ 4] /lib/x86_64-linux-gnu/libc.so.6(+0x896f6)[0x1555538616f6]
[n049:1463648] [ 5] /lib/x86_64-linux-gnu/libc.so.6(+0xa0d7c)[0x155553878d7c]
[n049:1463648] [ 6] /lib/x86_64-linux-gnu/libc.so.6(+0xa1a28)[0x155553879a28]
[n049:1463648] [ 7] /lib/x86_64-linux-gnu/libc.so.6(+0xa3c5b)[0x15555387bc5b]
[n049:1463648] [ 8] /lib/x86_64-linux-gnu/libc.so.6(malloc+0x99)[0x15555387d1b9]
[n049:1463648] [ 9] /lib64/ld-linux-x86-64.so.2(+0x5d98)[0x15555551fd98]
[n049:1463648] [10] /lib64/ld-linux-x86-64.so.2(+0xecd0)[0x155555528cd0]
[n049:1463648] [11] /lib/x86_64-linux-gnu/libc.so.6(_dl_catch_exception+0x88)[0x15555394cc48]
[n049:1463648] [12] /lib64/ld-linux-x86-64.so.2(+0xdf9a)[0x155555527f9a]
[n049:1463648] [13] /lib/x86_64-linux-gnu/libc.so.6(_dl_catch_exception+0x88)[0x15555394cc48]
[n049:1463648] [14] /lib64/ld-linux-x86-64.so.2(+0xe34e)[0x15555552834e]
[n049:1463648] [15] /lib/x86_64-linux-gnu/libc.so.6(+0x174fb1)[0x15555394cfb1]
[n049:1463648] [16] /lib/x86_64-linux-gnu/libc.so.6(_dl_catch_exception+0x88)[0x15555394cc48]
[n049:1463648] [17] /lib/x86_64-linux-gnu/libc.so.6(_dl_catch_error+0x33)[0x15555394cd13]
[n049:1463648] [18] /lib/x86_64-linux-gnu/libc.so.6(+0x1750e7)[0x15555394d0e7]
[n049:1463648] [19] /lib/x86_64-linux-gnu/libc.so.6(__libc_unwind_link_get+0x51)[0x1555538fd7c1]
[n049:1463648] [20] /lib/x86_64-linux-gnu/libc.so.6(__backtrace+0x27)[0x15555390bd27]
[n049:1463648] [21] /cm/shared/ex3-modules/0.6.1/pkgs/openmpi-4.0.5/lib/libopen-pal.so.40(opal_backtrace_print+0x41)[0x15555306f561]
[n049:1463648] [22] /cm/shared/ex3-modules/0.6.1/pkgs/openmpi-4.0.5/lib/libopen-pal.so.40(+0x6a6b0)[0x15555306a6b0]
[n049:1463648] [23] /cm/shared/ex3-modules/0.6.1/pkgs/libfabric-1.11.1/lib/libfabric.so.1(+0xcc877)[0x155544ccc877]
[n049:1463648] [24] /lib/x86_64-linux-gnu/libc.so.6(+0x42520)[0x15555381a520]
[n049:1463648] [25] /cm/shared/ex3-modules/0.6.1/pkgs/openmpi-4.0.5/lib/openmpi/mca_mtl_ofi.so(+0x23ca)[0x1555450023ca]
[n049:1463648] [26] /cm/shared/ex3-modules/0.6.1/pkgs/openmpi-4.0.5/lib/openmpi/mca_pml_cm.so(+0x3f19)[0x155546003f19]
[n049:1463648] [27] /cm/shared/ex3-modules/0.6.1/pkgs/openmpi-4.0.5/lib/libmpi.so.40(ompi_coll_base_reduce_generic+0x7b1)[0x1555542b1381]
[n049:1463648] [28] /cm/shared/ex3-modules/0.6.1/pkgs/openmpi-4.0.5/lib/libmpi.so.40(ompi_coll_base_reduce_intra_pipeline+0xe2)[0x1555542b1a72]
[n049:1463648] [29] /cm/shared/ex3-modules/0.6.1/pkgs/openmpi-4.0.5/lib/openmpi/mca_coll_tuned.so(ompi_coll_tuned_reduce_intra_dec_fixed+0x14e)[0x155541805b3e]
[n049:1463648] *** End of error message ***
[n049:1463641] *** Process received signal ***
[n049:1463641] Signal: Segmentation fault (11)
[n049:1463641] Signal code:  (128)
[n049:1463641] Failing at address: (nil)
[n049:1463641] [ 0] /cm/shared/ex3-modules/0.6.1/pkgs/libfabric-1.11.1/lib/libfabric.so.1(+0xcc877)[0x155544ccc877]
[n049:1463641] [ 1] /lib/x86_64-linux-gnu/libc.so.6(+0x42520)[0x15555381a520]
[n049:1463641] [ 2] /cm/shared/ex3-modules/0.6.1/pkgs/openmpi-4.0.5/lib/openmpi/mca_mtl_ofi.so(+0x409f)[0x15554500409f]
[n049:1463641] [ 3] /cm/shared/ex3-modules/0.6.1/pkgs/openmpi-4.0.5/lib/openmpi/mca_pml_cm.so(+0x2421)[0x155546002421]
[n049:1463641] [ 4] /cm/shared/ex3-modules/0.6.1/pkgs/openmpi-4.0.5/lib/libmpi.so.40(ompi_coll_base_reduce_generic+0x36b)[0x1555542b0f3b]
[n049:1463641] [ 5] /cm/shared/ex3-modules/0.6.1/pkgs/openmpi-4.0.5/lib/libmpi.so.40(ompi_coll_base_reduce_intra_pipeline+0xe2)[0x1555542b1a72]
[n049:1463641] [ 6] /cm/shared/ex3-modules/0.6.1/pkgs/openmpi-4.0.5/lib/openmpi/mca_coll_tuned.so(ompi_coll_tuned_reduce_intra_dec_fixed+0x14e)[0x155541805b3e]
[n049:1463641] [ 7] /cm/shared/ex3-modules/0.6.1/pkgs/openmpi-4.0.5/lib/libmpi.so.40(MPI_Reduce+0x182)[0x155554288db2]
[n049:1463641] [ 8] build/debug/mat_vec_mult[0x41264d]
[n049:1463641] [ 9] build/debug/mat_vec_mult[0x411997]
[n049:1463641] [10] build/debug/mat_vec_mult[0x40c14a]
[n049:1463641] [11] build/debug/mat_vec_mult[0x40cf83]
[n049:1463641] [12] /lib/x86_64-linux-gnu/libc.so.6(+0x29d90)[0x155553801d90]
[n049:1463641] [13] /lib/x86_64-linux-gnu/libc.so.6(__libc_start_main+0x80)[0x155553801e40]
[n049:1463641] [14] build/debug/mat_vec_mult[0x40bd35]
[n049:1463641] *** End of error message ***
srun: error: n049: task 0: Segmentation fault (core dumped)
srun: error: n049: task 7: Aborted (core dumped)
srun: Job step aborted: Waiting up to 32 seconds for job step to finish.
slurmstepd: error: *** JOB 9070 ON n049 CANCELLED AT 2023-09-29T10:49:33 ***
slurmstepd: error: *** STEP 9070.0 ON n049 CANCELLED AT 2023-09-29T10:49:33 ***
