[n052:1108433] mca_base_component_repository_open: unable to open mca_pml_ucx: libbfd-2.30-system.so: cannot open shared object file: No such file or directory (ignored)
[n052:1108427] mca_base_component_repository_open: unable to open mca_pml_ucx: libbfd-2.30-system.so: cannot open shared object file: No such file or directory (ignored)
[n052:1108431] mca_base_component_repository_open: unable to open mca_pml_ucx: libbfd-2.30-system.so: cannot open shared object file: No such file or directory (ignored)
[n052:1108432] mca_base_component_repository_open: unable to open mca_pml_ucx: libbfd-2.30-system.so: cannot open shared object file: No such file or directory (ignored)
[n052:1108430] mca_base_component_repository_open: unable to open mca_pml_ucx: libbfd-2.30-system.so: cannot open shared object file: No such file or directory (ignored)
[n052:1108426] mca_base_component_repository_open: unable to open mca_pml_ucx: libbfd-2.30-system.so: cannot open shared object file: No such file or directory (ignored)
[n052:1108428] mca_base_component_repository_open: unable to open mca_pml_ucx: libbfd-2.30-system.so: cannot open shared object file: No such file or directory (ignored)
[n052:1108429] mca_base_component_repository_open: unable to open mca_pml_ucx: libbfd-2.30-system.so: cannot open shared object file: No such file or directory (ignored)
[n052:1108431] mca_base_component_repository_open: unable to open mca_osc_ucx: libbfd-2.30-system.so: cannot open shared object file: No such file or directory (ignored)
[n052:1108433] mca_base_component_repository_open: unable to open mca_osc_ucx: libbfd-2.30-system.so: cannot open shared object file: No such file or directory (ignored)
[n052:1108427] mca_base_component_repository_open: unable to open mca_osc_ucx: libbfd-2.30-system.so: cannot open shared object file: No such file or directory (ignored)
[n052:1108432] mca_base_component_repository_open: unable to open mca_osc_ucx: libbfd-2.30-system.so: cannot open shared object file: No such file or directory (ignored)
[n052:1108430] mca_base_component_repository_open: unable to open mca_osc_ucx: libbfd-2.30-system.so: cannot open shared object file: No such file or directory (ignored)
[n052:1108426] mca_base_component_repository_open: unable to open mca_osc_ucx: libbfd-2.30-system.so: cannot open shared object file: No such file or directory (ignored)
[n052:1108428] mca_base_component_repository_open: unable to open mca_osc_ucx: libbfd-2.30-system.so: cannot open shared object file: No such file or directory (ignored)
[n052:1108429] mca_base_component_repository_open: unable to open mca_osc_ucx: libbfd-2.30-system.so: cannot open shared object file: No such file or directory (ignored)
[n052:1108427] *** Process received signal ***
[n052:1108427] Signal: Segmentation fault (11)
[n052:1108427] Signal code:  (128)
[n052:1108427] Failing at address: (nil)
[n052:1108428] *** Process received signal ***
[n052:1108428] Signal: Segmentation fault (11)
[n052:1108428] Signal code:  (128)
[n052:1108428] Failing at address: (nil)
[n052:1108430] *** Process received signal ***
[n052:1108430] Signal: Segmentation fault (11)
[n052:1108430] Signal code:  (128)
[n052:1108430] Failing at address: (nil)
malloc_consolidate(): invalid chunk size
[n052:1108429] *** Process received signal ***
[n052:1108429] Signal: Aborted (6)
[n052:1108429] Signal code:  (-6)
[n052:1108432] *** Process received signal ***
[n052:1108432] Signal: Segmentation fault (11)
[n052:1108432] Signal code:  (128)
[n052:1108432] Failing at address: (nil)
[n052:1108431] *** Process received signal ***
[n052:1108431] Signal: Segmentation fault (11)
[n052:1108431] Signal code:  (128)
[n052:1108431] Failing at address: (nil)
[n052:1108433] *** Process received signal ***
[n052:1108433] Signal: Segmentation fault (11)
[n052:1108433] Signal code:  (128)
[n052:1108433] Failing at address: (nil)
malloc_consolidate(): invalid chunk size
[n052:1108433] *** Process received signal ***
[n052:1108433] Signal: Aborted (6)
[n052:1108433] Signal code:  (-6)
[n052:1108433] [ 0] /lib/x86_64-linux-gnu/libc.so.6(+0x42520)[0x15555381a520]
[n052:1108433] [ 1] /lib/x86_64-linux-gnu/libc.so.6(pthread_kill+0x12c)[0x15555386ea7c]
[n052:1108433] [ 2] /lib/x86_64-linux-gnu/libc.so.6(raise+0x16)[0x15555381a476]
[n052:1108433] [ 3] /lib/x86_64-linux-gnu/libc.so.6(abort+0xd3)[0x1555538007f3]
[n052:1108433] [ 4] /lib/x86_64-linux-gnu/libc.so.6(+0x896f6)[0x1555538616f6]
[n052:1108433] [ 5] /lib/x86_64-linux-gnu/libc.so.6(+0xa0d7c)[0x155553878d7c]
[n052:1108433] [ 6] /lib/x86_64-linux-gnu/libc.so.6(+0xa1a28)[0x155553879a28]
[n052:1108433] [ 7] /lib/x86_64-linux-gnu/libc.so.6(+0xa3c5b)[0x15555387bc5b]
[n052:1108433] [ 8] /lib/x86_64-linux-gnu/libc.so.6(malloc+0x99)[0x15555387d1b9]
[n052:1108433] [ 9] /lib64/ld-linux-x86-64.so.2(+0x5d98)[0x15555551fd98]
[n052:1108433] [10] /lib64/ld-linux-x86-64.so.2(+0xecd0)[0x155555528cd0]
[n052:1108433] [11] /lib/x86_64-linux-gnu/libc.so.6(_dl_catch_exception+0x88)[0x15555394cc48]
[n052:1108433] [12] /lib64/ld-linux-x86-64.so.2(+0xdf9a)[0x155555527f9a]
[n052:1108433] [13] /lib/x86_64-linux-gnu/libc.so.6(_dl_catch_exception+0x88)[0x15555394cc48]
[n052:1108433] [14] /lib64/ld-linux-x86-64.so.2(+0xe34e)[0x15555552834e]
[n052:1108433] [15] /lib/x86_64-linux-gnu/libc.so.6(+0x174fb1)[0x15555394cfb1]
[n052:1108433] [16] /lib/x86_64-linux-gnu/libc.so.6(_dl_catch_exception+0x88)[0x15555394cc48]
[n052:1108433] [17] /lib/x86_64-linux-gnu/libc.so.6(_dl_catch_error+0x33)[0x15555394cd13]
[n052:1108433] [18] /lib/x86_64-linux-gnu/libc.so.6(+0x1750e7)[0x15555394d0e7]
[n052:1108433] [19] /lib/x86_64-linux-gnu/libc.so.6(__libc_unwind_link_get+0x51)[0x1555538fd7c1]
[n052:1108433] [20] /lib/x86_64-linux-gnu/libc.so.6(__backtrace+0x27)[0x15555390bd27]
[n052:1108433] [21] /cm/shared/ex3-modules/0.6.1/pkgs/openmpi-4.0.5/lib/libopen-pal.so.40(opal_backtrace_print+0x41)[0x15555306f561]
[n052:1108433] [22] /cm/shared/ex3-modules/0.6.1/pkgs/openmpi-4.0.5/lib/libopen-pal.so.40(+0x6a6b0)[0x15555306a6b0]
[n052:1108433] [23] /cm/shared/ex3-modules/0.6.1/pkgs/libfabric-1.11.1/lib/libfabric.so.1(+0xcc877)[0x155544ccc877]
[n052:1108433] [24] /lib/x86_64-linux-gnu/libc.so.6(+0x42520)[0x15555381a520]
[n052:1108433] [25] /cm/shared/ex3-modules/0.6.1/pkgs/openmpi-4.0.5/lib/libmpi.so.40(MPI_Comm_rank+0x37)[0x15555426fae7]
[n052:1108433] [26] /cm/shared/ex3-modules/0.6.1/pkgs/boost-mpi-1.73.0/lib/libboost_mpi.so.1.73.0(_ZNK5boost3mpi12communicator4rankEv+0x18)[0x155555223cf8]
[n052:1108433] [27] build/debug/col_mult_total[0x410760]
[n052:1108433] [28] build/debug/col_mult_total[0x40c0ba]
[n052:1108433] [29] /lib/x86_64-linux-gnu/libc.so.6(+0x29d90)[0x155553801d90]
[n052:1108433] *** End of error message ***
[n052:1108426] *** Process received signal ***
[n052:1108426] Signal: Segmentation fault (11)
[n052:1108426] Signal code:  (128)
[n052:1108426] Failing at address: (nil)
[n052:1108426] [ 0] /cm/shared/ex3-modules/0.6.1/pkgs/libfabric-1.11.1/lib/libfabric.so.1(+0xcc877)[0x155544ccc877]
[n052:1108426] [ 1] /lib/x86_64-linux-gnu/libc.so.6(+0x42520)[0x15555381a520]
[n052:1108426] [ 2] /cm/shared/ex3-modules/0.6.1/pkgs/openmpi-4.0.5/lib/openmpi/mca_mtl_ofi.so(+0x409f)[0x15554500409f]
[n052:1108426] [ 3] /cm/shared/ex3-modules/0.6.1/pkgs/openmpi-4.0.5/lib/openmpi/mca_pml_cm.so(+0x2421)[0x155546002421]
[n052:1108426] [ 4] /cm/shared/ex3-modules/0.6.1/pkgs/openmpi-4.0.5/lib/libmpi.so.40(ompi_coll_base_reduce_generic+0x36b)[0x1555542b0f3b]
[n052:1108426] [ 5] /cm/shared/ex3-modules/0.6.1/pkgs/openmpi-4.0.5/lib/libmpi.so.40(ompi_coll_base_reduce_intra_pipeline+0xe2)[0x1555542b1a72]
[n052:1108426] [ 6] /cm/shared/ex3-modules/0.6.1/pkgs/openmpi-4.0.5/lib/openmpi/mca_coll_tuned.so(ompi_coll_tuned_reduce_intra_dec_fixed+0x14e)[0x155541805b3e]
[n052:1108426] [ 7] /cm/shared/ex3-modules/0.6.1/pkgs/openmpi-4.0.5/lib/libmpi.so.40(MPI_Reduce+0x182)[0x155554288db2]
[n052:1108426] [ 8] build/debug/col_mult_total[0x410d8d]
[n052:1108426] [ 9] build/debug/col_mult_total[0x410787]
[n052:1108426] [10] build/debug/col_mult_total[0x40c0ba]
[n052:1108426] [11] /lib/x86_64-linux-gnu/libc.so.6(+0x29d90)[0x155553801d90]
[n052:1108426] [12] /lib/x86_64-linux-gnu/libc.so.6(__libc_start_main+0x80)[0x155553801e40]
[n052:1108426] [13] build/debug/col_mult_total[0x40bca5]
[n052:1108426] *** End of error message ***
srun: error: n052: tasks 1-2,4: Segmentation fault (core dumped)
srun: error: n052: tasks 0,5-6: Segmentation fault (core dumped)
srun: error: n052: task 7: Aborted (core dumped)
